SF:/home/irahardianto/works/projects/pathfinder/crates/pathfinder-common/src/config.rs
FN:314,_RNCNvNtNtCs50WL3t6ukCc_17pathfinder_common6config5testss_32test_load_valid_config_from_file0B7_
FN:301,_RNCNvNtNtCs50WL3t6ukCc_17pathfinder_common6config5testss_36test_load_invalid_json_returns_error0B7_
FN:291,_RNCNvNtNtCs50WL3t6ukCc_17pathfinder_common6config5testss_41test_load_missing_config_returns_defaults0B7_
FN:74,_RNCNCNvMs_NtCs50WL3t6ukCc_17pathfinder_common6configNtB8_16PathfinderConfig4load00Ba_
FN:80,_RNCNCNvMs_NtCs50WL3t6ukCc_17pathfinder_common6configNtB8_16PathfinderConfig4load0s_0Ba_
FN:62,_RNCNvMs_NtCs50WL3t6ukCc_17pathfinder_common6configNtB6_16PathfinderConfig4load0B8_
FN:62,_RNvMs_NtCs50WL3t6ukCc_17pathfinder_common6configNtB4_16PathfinderConfig4load
FN:206,_RNvNtCs50WL3t6ukCc_17pathfinder_common6config17default_log_level
FN:222,_RNvNtCs50WL3t6ukCc_17pathfinder_common6config18default_max_tokens
FN:218,_RNvNtCs50WL3t6ukCc_17pathfinder_common6config19default_filter_mode
FN:214,_RNvNtCs50WL3t6ukCc_17pathfinder_common6config19default_max_results
FN:210,_RNvNtCs50WL3t6ukCc_17pathfinder_common6config20default_idle_timeout
FN:226,_RNvNtCs50WL3t6ukCc_17pathfinder_common6config20default_token_method
FN:230,_RNvNtCs50WL3t6ukCc_17pathfinder_common6config24default_validation_scope
FN:42,_RNvXNtCs50WL3t6ukCc_17pathfinder_common6configNtB2_16PathfinderConfigNtNtCsgEmfK2I1SDS_4core7default7Default7default
FN:143,_RNvXs0_NtCs50WL3t6ukCc_17pathfinder_common6configNtB5_12SearchConfigNtNtCsgEmfK2I1SDS_4core7default7Default7default
FN:164,_RNvXs1_NtCs50WL3t6ukCc_17pathfinder_common6configNtB5_13RepoMapConfigNtNtCsgEmfK2I1SDS_4core7default7Default7default
FN:181,_RNvXs2_NtCs50WL3t6ukCc_17pathfinder_common6configNtB5_16ValidationConfigNtNtCsgEmfK2I1SDS_4core7default7Default7default
FN:241,_RNvNtNtCs50WL3t6ukCc_17pathfinder_common6config5testss_19test_default_config
FN:251,_RNvNtNtCs50WL3t6ukCc_17pathfinder_common6config5testss_27test_config_deserialization
FN:329,_RNvNtNtCs50WL3t6ukCc_17pathfinder_common6config5testss_31test_default_idle_timeout_value
FN:314,_RNvNtNtCs50WL3t6ukCc_17pathfinder_common6config5testss_32test_load_valid_config_from_file
FN:281,_RNvNtNtCs50WL3t6ukCc_17pathfinder_common6config5testss_33test_partial_config_uses_defaults
FN:301,_RNvNtNtCs50WL3t6ukCc_17pathfinder_common6config5testss_36test_load_invalid_json_returns_error
FN:291,_RNvNtNtCs50WL3t6ukCc_17pathfinder_common6config5testss_41test_load_missing_config_returns_defaults
FN:62,_RNvMs_NtCs8mARhsoZtMa_17pathfinder_common6configNtB4_16PathfinderConfig4load
FN:206,_RNvNtCs8mARhsoZtMa_17pathfinder_common6config17default_log_level
FN:222,_RNvNtCs8mARhsoZtMa_17pathfinder_common6config18default_max_tokens
FN:218,_RNvNtCs8mARhsoZtMa_17pathfinder_common6config19default_filter_mode
FN:214,_RNvNtCs8mARhsoZtMa_17pathfinder_common6config19default_max_results
FN:210,_RNvNtCs8mARhsoZtMa_17pathfinder_common6config20default_idle_timeout
FN:226,_RNvNtCs8mARhsoZtMa_17pathfinder_common6config20default_token_method
FN:230,_RNvNtCs8mARhsoZtMa_17pathfinder_common6config24default_validation_scope
FN:42,_RNvXNtCs8mARhsoZtMa_17pathfinder_common6configNtB2_16PathfinderConfigNtNtCsgEmfK2I1SDS_4core7default7Default7default
FN:143,_RNvXs0_NtCs8mARhsoZtMa_17pathfinder_common6configNtB5_12SearchConfigNtNtCsgEmfK2I1SDS_4core7default7Default7default
FN:164,_RNvXs1_NtCs8mARhsoZtMa_17pathfinder_common6configNtB5_13RepoMapConfigNtNtCsgEmfK2I1SDS_4core7default7Default7default
FN:181,_RNvXs2_NtCs8mARhsoZtMa_17pathfinder_common6configNtB5_16ValidationConfigNtNtCsgEmfK2I1SDS_4core7default7Default7default
FN:74,_RNCNCNvMs_NtCs8mARhsoZtMa_17pathfinder_common6configNtB8_16PathfinderConfig4load00CslWWDK75FIRV_14pathfinder_mcp
FN:80,_RNCNCNvMs_NtCs8mARhsoZtMa_17pathfinder_common6configNtB8_16PathfinderConfig4load0s_0CslWWDK75FIRV_14pathfinder_mcp
FN:62,_RNCNvMs_NtCs8mARhsoZtMa_17pathfinder_common6configNtB6_16PathfinderConfig4load0CslWWDK75FIRV_14pathfinder_mcp
FN:74,_RNCNCNvMs_NtCs8mARhsoZtMa_17pathfinder_common6configNtB8_16PathfinderConfig4load00Cs3DVjWQIejsk_14pathfinder_mcp
FN:80,_RNCNCNvMs_NtCs8mARhsoZtMa_17pathfinder_common6configNtB8_16PathfinderConfig4load0s_0Cs3DVjWQIejsk_14pathfinder_mcp
FN:62,_RNCNvMs_NtCs8mARhsoZtMa_17pathfinder_common6configNtB6_16PathfinderConfig4load0Cs3DVjWQIejsk_14pathfinder_mcp
FNDA:1,_RNCNvNtNtCs50WL3t6ukCc_17pathfinder_common6config5testss_32test_load_valid_config_from_file0B7_
FNDA:1,_RNCNvNtNtCs50WL3t6ukCc_17pathfinder_common6config5testss_36test_load_invalid_json_returns_error0B7_
FNDA:1,_RNCNvNtNtCs50WL3t6ukCc_17pathfinder_common6config5testss_41test_load_missing_config_returns_defaults0B7_
FNDA:0,_RNCNCNvMs_NtCs50WL3t6ukCc_17pathfinder_common6configNtB8_16PathfinderConfig4load00Ba_
FNDA:1,_RNCNCNvMs_NtCs50WL3t6ukCc_17pathfinder_common6configNtB8_16PathfinderConfig4load0s_0Ba_
FNDA:3,_RNCNvMs_NtCs50WL3t6ukCc_17pathfinder_common6configNtB6_16PathfinderConfig4load0B8_
FNDA:3,_RNvMs_NtCs50WL3t6ukCc_17pathfinder_common6configNtB4_16PathfinderConfig4load
FNDA:2,_RNvNtCs50WL3t6ukCc_17pathfinder_common6config17default_log_level
FNDA:5,_RNvNtCs50WL3t6ukCc_17pathfinder_common6config18default_max_tokens
FNDA:5,_RNvNtCs50WL3t6ukCc_17pathfinder_common6config19default_filter_mode
FNDA:4,_RNvNtCs50WL3t6ukCc_17pathfinder_common6config19default_max_results
FNDA:1,_RNvNtCs50WL3t6ukCc_17pathfinder_common6config20default_idle_timeout
FNDA:5,_RNvNtCs50WL3t6ukCc_17pathfinder_common6config20default_token_method
FNDA:5,_RNvNtCs50WL3t6ukCc_17pathfinder_common6config24default_validation_scope
FNDA:2,_RNvXNtCs50WL3t6ukCc_17pathfinder_common6configNtB2_16PathfinderConfigNtNtCsgEmfK2I1SDS_4core7default7Default7default
FNDA:4,_RNvXs0_NtCs50WL3t6ukCc_17pathfinder_common6configNtB5_12SearchConfigNtNtCsgEmfK2I1SDS_4core7default7Default7default
FNDA:5,_RNvXs1_NtCs50WL3t6ukCc_17pathfinder_common6configNtB5_13RepoMapConfigNtNtCsgEmfK2I1SDS_4core7default7Default7default
FNDA:5,_RNvXs2_NtCs50WL3t6ukCc_17pathfinder_common6configNtB5_16ValidationConfigNtNtCsgEmfK2I1SDS_4core7default7Default7default
FNDA:1,_RNvNtNtCs50WL3t6ukCc_17pathfinder_common6config5testss_19test_default_config
FNDA:1,_RNvNtNtCs50WL3t6ukCc_17pathfinder_common6config5testss_27test_config_deserialization
FNDA:1,_RNvNtNtCs50WL3t6ukCc_17pathfinder_common6config5testss_31test_default_idle_timeout_value
FNDA:1,_RNvNtNtCs50WL3t6ukCc_17pathfinder_common6config5testss_32test_load_valid_config_from_file
FNDA:1,_RNvNtNtCs50WL3t6ukCc_17pathfinder_common6config5testss_33test_partial_config_uses_defaults
FNDA:1,_RNvNtNtCs50WL3t6ukCc_17pathfinder_common6config5testss_36test_load_invalid_json_returns_error
FNDA:1,_RNvNtNtCs50WL3t6ukCc_17pathfinder_common6config5testss_41test_load_missing_config_returns_defaults
FNDA:0,_RNvMs_NtCs8mARhsoZtMa_17pathfinder_common6configNtB4_16PathfinderConfig4load
FNDA:207,_RNvNtCs8mARhsoZtMa_17pathfinder_common6config17default_log_level
FNDA:207,_RNvNtCs8mARhsoZtMa_17pathfinder_common6config18default_max_tokens
FNDA:207,_RNvNtCs8mARhsoZtMa_17pathfinder_common6config19default_filter_mode
FNDA:207,_RNvNtCs8mARhsoZtMa_17pathfinder_common6config19default_max_results
FNDA:0,_RNvNtCs8mARhsoZtMa_17pathfinder_common6config20default_idle_timeout
FNDA:207,_RNvNtCs8mARhsoZtMa_17pathfinder_common6config20default_token_method
FNDA:207,_RNvNtCs8mARhsoZtMa_17pathfinder_common6config24default_validation_scope
FNDA:207,_RNvXNtCs8mARhsoZtMa_17pathfinder_common6configNtB2_16PathfinderConfigNtNtCsgEmfK2I1SDS_4core7default7Default7default
FNDA:207,_RNvXs0_NtCs8mARhsoZtMa_17pathfinder_common6configNtB5_12SearchConfigNtNtCsgEmfK2I1SDS_4core7default7Default7default
FNDA:207,_RNvXs1_NtCs8mARhsoZtMa_17pathfinder_common6configNtB5_13RepoMapConfigNtNtCsgEmfK2I1SDS_4core7default7Default7default
FNDA:207,_RNvXs2_NtCs8mARhsoZtMa_17pathfinder_common6configNtB5_16ValidationConfigNtNtCsgEmfK2I1SDS_4core7default7Default7default
FNDA:0,_RNCNCNvMs_NtCs8mARhsoZtMa_17pathfinder_common6configNtB8_16PathfinderConfig4load00CslWWDK75FIRV_14pathfinder_mcp
FNDA:0,_RNCNCNvMs_NtCs8mARhsoZtMa_17pathfinder_common6configNtB8_16PathfinderConfig4load0s_0CslWWDK75FIRV_14pathfinder_mcp
FNDA:0,_RNCNvMs_NtCs8mARhsoZtMa_17pathfinder_common6configNtB6_16PathfinderConfig4load0CslWWDK75FIRV_14pathfinder_mcp
FNDA:0,_RNCNCNvMs_NtCs8mARhsoZtMa_17pathfinder_common6configNtB8_16PathfinderConfig4load00Cs3DVjWQIejsk_14pathfinder_mcp
FNDA:0,_RNCNCNvMs_NtCs8mARhsoZtMa_17pathfinder_common6configNtB8_16PathfinderConfig4load0s_0Cs3DVjWQIejsk_14pathfinder_mcp
FNDA:0,_RNCNvMs_NtCs8mARhsoZtMa_17pathfinder_common6configNtB6_16PathfinderConfig4load0Cs3DVjWQIejsk_14pathfinder_mcp
FNF:25
FNH:24
DA:42,209
DA:43,209
DA:44,209
DA:45,209
DA:46,209
DA:47,209
DA:48,209
DA:49,209
DA:50,209
DA:51,209
DA:62,3
DA:63,3
DA:65,3
DA:66,1
DA:67,1
DA:68,2
DA:70,2
DA:71,2
DA:72,2
DA:73,2
DA:74,0
DA:75,0
DA:76,0
DA:78,1
DA:79,2
DA:80,1
DA:81,1
DA:82,1
DA:84,1
DA:85,1
DA:86,3
DA:143,211
DA:144,211
DA:145,211
DA:146,211
DA:147,211
DA:148,211
DA:164,212
DA:165,212
DA:166,212
DA:167,212
DA:168,212
DA:169,212
DA:181,212
DA:182,212
DA:183,212
DA:184,212
DA:185,212
DA:206,209
DA:207,209
DA:208,209
DA:210,1
DA:211,1
DA:212,1
DA:214,211
DA:215,211
DA:216,211
DA:218,212
DA:219,212
DA:220,212
DA:222,212
DA:223,212
DA:224,212
DA:226,212
DA:227,212
DA:228,212
DA:230,212
DA:231,212
DA:232,212
DA:241,1
DA:242,1
DA:243,1
DA:244,1
DA:245,1
DA:246,1
DA:247,1
DA:248,1
DA:251,1
DA:252,1
DA:253,1
DA:254,1
DA:255,1
DA:256,1
DA:257,1
DA:258,1
DA:259,1
DA:260,1
DA:261,1
DA:262,1
DA:263,1
DA:264,1
DA:265,1
DA:266,1
DA:267,1
DA:268,1
DA:270,1
DA:271,1
DA:272,1
DA:273,1
DA:275,1
DA:276,1
DA:277,1
DA:278,1
DA:281,1
DA:282,1
DA:283,1
DA:284,1
DA:286,1
DA:287,1
DA:288,1
DA:291,1
DA:292,1
DA:293,1
DA:294,1
DA:295,1
DA:296,1
DA:298,1
DA:301,1
DA:302,1
DA:303,1
DA:304,1
DA:306,1
DA:307,1
DA:308,1
DA:310,1
DA:311,1
DA:314,1
DA:315,1
DA:316,1
DA:317,1
DA:318,1
DA:320,1
DA:321,1
DA:322,1
DA:323,1
DA:325,1
DA:326,1
DA:329,1
DA:330,1
DA:331,1
BRF:0
BRH:0
LF:149
LH:145
end_of_record
SF:/home/irahardianto/works/projects/pathfinder/crates/pathfinder-common/src/error.rs
FN:500,_RNCNvNtNtCs50WL3t6ukCc_17pathfinder_common5error5testss_45test_all_error_codes_are_screaming_snake_case0B7_
FN:392,_RNvNtNtCs50WL3t6ukCc_17pathfinder_common5error5testss_23test_error_code_mapping
FN:716,_RNvNtNtCs50WL3t6ukCc_17pathfinder_common5error5testss_25test_path_traversal_error
FN:538,_RNvNtNtCs50WL3t6ukCc_17pathfinder_common5error5testss_32test_compute_lines_changed_mixed
FN:406,_RNvNtNtCs50WL3t6ukCc_17pathfinder_common5error5testss_33test_error_response_serialization
FN:546,_RNvNtNtCs50WL3t6ukCc_17pathfinder_common5error5testss_36test_compute_lines_changed_identical
FN:559,_RNvNtNtCs50WL3t6ukCc_17pathfinder_common5error5testss_37test_version_mismatch_hint_is_present
FN:522,_RNvNtNtCs50WL3t6ukCc_17pathfinder_common5error5testss_38test_compute_lines_changed_lines_added
FN:655,_RNvNtNtCs50WL3t6ukCc_17pathfinder_common5error5testss_38test_hint_serialized_in_error_response
FN:605,_RNvNtNtCs50WL3t6ukCc_17pathfinder_common5error5testss_40test_access_denied_hint_mentions_sandbox
FN:530,_RNvNtNtCs50WL3t6ukCc_17pathfinder_common5error5testss_40test_compute_lines_changed_lines_removed
FN:573,_RNvNtNtCs50WL3t6ukCc_17pathfinder_common5error5testss_43test_symbol_not_found_hint_with_suggestions
FN:696,_RNvNtNtCs50WL3t6ukCc_17pathfinder_common5error5testss_43test_text_not_found_hint_with_closest_match
FN:552,_RNvNtNtCs50WL3t6ukCc_17pathfinder_common5error5testss_44test_compute_lines_changed_empty_to_nonempty
FN:643,_RNvNtNtCs50WL3t6ukCc_17pathfinder_common5error5testss_44test_match_not_found_hint_mentions_read_file
FN:430,_RNvNtNtCs50WL3t6ukCc_17pathfinder_common5error5testss_45test_all_error_codes_are_screaming_snake_case
FN:738,_RNvNtNtCs50WL3t6ukCc_17pathfinder_common5error5testss_46test_invalid_target_hint_with_valid_edit_types
FN:590,_RNvNtNtCs50WL3t6ukCc_17pathfinder_common5error5testss_46test_symbol_not_found_hint_without_suggestions
FN:675,_RNvNtNtCs50WL3t6ukCc_17pathfinder_common5error5testss_46test_text_not_found_hint_mentions_context_line
FN:630,_RNvNtNtCs50WL3t6ukCc_17pathfinder_common5error5testss_48test_validation_failed_hint_mentions_ignore_flag
FN:759,_RNvNtNtCs50WL3t6ukCc_17pathfinder_common5error5testss_49test_invalid_target_hint_without_valid_edit_types
FN:507,_RNvNtNtCs50WL3t6ukCc_17pathfinder_common5error5testss_50test_symbol_not_found_details_include_did_you_mean
FN:618,_RNvNtNtCs50WL3t6ukCc_17pathfinder_common5error5testss_50test_unsupported_language_hint_mentions_write_file
FN:780,_RNvNtNtCs50WL3t6ukCc_17pathfinder_common5error5testss_53test_invalid_target_details_with_edit_index_and_types
FN:140,_RNvMNtCs50WL3t6ukCc_17pathfinder_common5errorNtB2_15PathfinderError10error_code
FN:253,_RNvMNtCs50WL3t6ukCc_17pathfinder_common5errorNtB2_15PathfinderError10to_details
FN:244,_RNvMNtCs50WL3t6ukCc_17pathfinder_common5errorNtB2_15PathfinderError17to_error_response
FN:170,_RNvMNtCs50WL3t6ukCc_17pathfinder_common5errorNtB2_15PathfinderError4hint
FN:354,_RNvNtCs50WL3t6ukCc_17pathfinder_common5error21compute_lines_changed
FN:140,_RNvMNtCs8mARhsoZtMa_17pathfinder_common5errorNtB2_15PathfinderError10error_code
FN:253,_RNvMNtCs8mARhsoZtMa_17pathfinder_common5errorNtB2_15PathfinderError10to_details
FN:244,_RNvMNtCs8mARhsoZtMa_17pathfinder_common5errorNtB2_15PathfinderError17to_error_response
FN:170,_RNvMNtCs8mARhsoZtMa_17pathfinder_common5errorNtB2_15PathfinderError4hint
FN:354,_RNvNtCs8mARhsoZtMa_17pathfinder_common5error21compute_lines_changed
FNDA:292,_RNCNvNtNtCs50WL3t6ukCc_17pathfinder_common5error5testss_45test_all_error_codes_are_screaming_snake_case0B7_
FNDA:1,_RNvNtNtCs50WL3t6ukCc_17pathfinder_common5error5testss_23test_error_code_mapping
FNDA:1,_RNvNtNtCs50WL3t6ukCc_17pathfinder_common5error5testss_25test_path_traversal_error
FNDA:1,_RNvNtNtCs50WL3t6ukCc_17pathfinder_common5error5testss_32test_compute_lines_changed_mixed
FNDA:1,_RNvNtNtCs50WL3t6ukCc_17pathfinder_common5error5testss_33test_error_response_serialization
FNDA:1,_RNvNtNtCs50WL3t6ukCc_17pathfinder_common5error5testss_36test_compute_lines_changed_identical
FNDA:1,_RNvNtNtCs50WL3t6ukCc_17pathfinder_common5error5testss_37test_version_mismatch_hint_is_present
FNDA:1,_RNvNtNtCs50WL3t6ukCc_17pathfinder_common5error5testss_38test_compute_lines_changed_lines_added
FNDA:1,_RNvNtNtCs50WL3t6ukCc_17pathfinder_common5error5testss_38test_hint_serialized_in_error_response
FNDA:1,_RNvNtNtCs50WL3t6ukCc_17pathfinder_common5error5testss_40test_access_denied_hint_mentions_sandbox
FNDA:1,_RNvNtNtCs50WL3t6ukCc_17pathfinder_common5error5testss_40test_compute_lines_changed_lines_removed
FNDA:1,_RNvNtNtCs50WL3t6ukCc_17pathfinder_common5error5testss_43test_symbol_not_found_hint_with_suggestions
FNDA:1,_RNvNtNtCs50WL3t6ukCc_17pathfinder_common5error5testss_43test_text_not_found_hint_with_closest_match
FNDA:1,_RNvNtNtCs50WL3t6ukCc_17pathfinder_common5error5testss_44test_compute_lines_changed_empty_to_nonempty
FNDA:1,_RNvNtNtCs50WL3t6ukCc_17pathfinder_common5error5testss_44test_match_not_found_hint_mentions_read_file
FNDA:1,_RNvNtNtCs50WL3t6ukCc_17pathfinder_common5error5testss_45test_all_error_codes_are_screaming_snake_case
FNDA:1,_RNvNtNtCs50WL3t6ukCc_17pathfinder_common5error5testss_46test_invalid_target_hint_with_valid_edit_types
FNDA:1,_RNvNtNtCs50WL3t6ukCc_17pathfinder_common5error5testss_46test_symbol_not_found_hint_without_suggestions
FNDA:1,_RNvNtNtCs50WL3t6ukCc_17pathfinder_common5error5testss_46test_text_not_found_hint_mentions_context_line
FNDA:1,_RNvNtNtCs50WL3t6ukCc_17pathfinder_common5error5testss_48test_validation_failed_hint_mentions_ignore_flag
FNDA:1,_RNvNtNtCs50WL3t6ukCc_17pathfinder_common5error5testss_49test_invalid_target_hint_without_valid_edit_types
FNDA:1,_RNvNtNtCs50WL3t6ukCc_17pathfinder_common5error5testss_50test_symbol_not_found_details_include_did_you_mean
FNDA:1,_RNvNtNtCs50WL3t6ukCc_17pathfinder_common5error5testss_50test_unsupported_language_hint_mentions_write_file
FNDA:1,_RNvNtNtCs50WL3t6ukCc_17pathfinder_common5error5testss_53test_invalid_target_details_with_edit_index_and_types
FNDA:28,_RNvMNtCs50WL3t6ukCc_17pathfinder_common5errorNtB2_15PathfinderError10error_code
FNDA:6,_RNvMNtCs50WL3t6ukCc_17pathfinder_common5errorNtB2_15PathfinderError10to_details
FNDA:5,_RNvMNtCs50WL3t6ukCc_17pathfinder_common5errorNtB2_15PathfinderError17to_error_response
FNDA:17,_RNvMNtCs50WL3t6ukCc_17pathfinder_common5errorNtB2_15PathfinderError4hint
FNDA:5,_RNvNtCs50WL3t6ukCc_17pathfinder_common5error21compute_lines_changed
FNDA:252,_RNvMNtCs8mARhsoZtMa_17pathfinder_common5errorNtB2_15PathfinderError10error_code
FNDA:126,_RNvMNtCs8mARhsoZtMa_17pathfinder_common5errorNtB2_15PathfinderError10to_details
FNDA:126,_RNvMNtCs8mARhsoZtMa_17pathfinder_common5errorNtB2_15PathfinderError17to_error_response
FNDA:126,_RNvMNtCs8mARhsoZtMa_17pathfinder_common5errorNtB2_15PathfinderError4hint
FNDA:0,_RNvNtCs8mARhsoZtMa_17pathfinder_common5error21compute_lines_changed
FNF:29
FNH:29
DA:140,280
DA:141,280
DA:142,22
DA:143,9
DA:144,19
DA:145,5
DA:146,42
DA:147,13
DA:148,13
DA:149,9
DA:150,5
DA:151,37
DA:152,5
DA:153,9
DA:154,5
DA:155,30
DA:156,5
DA:157,9
DA:158,9
DA:159,11
DA:160,21
DA:161,2
DA:163,280
DA:170,143
DA:171,143
DA:172,11
DA:173,11
DA:174,5
DA:176,6
DA:177,6
DA:178,6
DA:179,6
DA:182,17
DA:183,17
DA:184,1
DA:186,16
DA:189,22
DA:190,22
DA:191,22
DA:192,22
DA:193,22
DA:195,19
DA:197,3
DA:198,3
DA:199,3
DA:200,3
DA:201,10
DA:202,10
DA:203,10
DA:204,10
DA:205,7
DA:206,7
DA:207,7
DA:208,7
DA:209,7
DA:210,5
DA:211,5
DA:212,5
DA:213,5
DA:214,5
DA:215,4
DA:216,4
DA:217,4
DA:218,4
DA:219,7
DA:220,7
DA:224,7
DA:225,2
DA:227,5
DA:230,10
DA:231,10
DA:232,10
DA:233,10
DA:234,2
DA:235,2
DA:236,2
DA:237,2
DA:238,26
DA:240,143
DA:244,131
DA:245,131
DA:246,131
DA:247,131
DA:248,131
DA:249,131
DA:250,131
DA:251,131
DA:253,132
DA:254,132
DA:255,9
DA:256,9
DA:258,2
DA:259,2
DA:262,21
DA:263,21
DA:266,21
DA:267,21
DA:268,21
DA:272,6
DA:274,6
DA:276,4
DA:277,4
DA:279,18
DA:280,18
DA:282,2
DA:283,2
DA:285,10
DA:286,10
DA:289,16
DA:290,16
DA:293,16
DA:294,16
DA:295,7
DA:296,9
DA:297,16
DA:298,1
DA:299,15
DA:300,16
DA:303,5
DA:304,5
DA:305,5
DA:306,5
DA:307,5
DA:309,5
DA:310,5
DA:311,5
DA:312,5
DA:313,5
DA:314,2
DA:315,3
DA:316,5
DA:317,1
DA:318,4
DA:319,5
DA:322,1
DA:323,1
DA:325,1
DA:327,38
DA:329,132
DA:354,5
DA:355,5
DA:356,5
DA:357,5
DA:358,5
DA:359,5
DA:360,5
DA:392,1
DA:393,1
DA:394,1
DA:395,1
DA:396,1
DA:398,1
DA:399,1
DA:400,1
DA:401,1
DA:402,1
DA:403,1
DA:406,1
DA:407,1
DA:408,1
DA:409,1
DA:410,1
DA:411,1
DA:412,1
DA:414,1
DA:415,1
DA:416,1
DA:417,1
DA:418,1
DA:423,1
DA:424,1
DA:425,1
DA:426,1
DA:427,1
DA:430,1
DA:431,1
DA:432,1
DA:433,1
DA:434,1
DA:435,1
DA:436,1
DA:437,1
DA:438,1
DA:439,1
DA:440,1
DA:441,1
DA:442,1
DA:443,1
DA:444,1
DA:445,1
DA:446,1
DA:447,1
DA:448,1
DA:449,1
DA:450,1
DA:451,1
DA:452,1
DA:453,1
DA:454,1
DA:455,1
DA:456,1
DA:457,1
DA:458,1
DA:459,1
DA:460,1
DA:461,1
DA:462,1
DA:463,1
DA:464,1
DA:465,1
DA:466,1
DA:467,1
DA:468,1
DA:469,1
DA:470,1
DA:471,1
DA:472,1
DA:473,1
DA:474,1
DA:475,1
DA:476,1
DA:477,1
DA:478,1
DA:479,1
DA:480,1
DA:481,1
DA:482,1
DA:483,1
DA:484,1
DA:485,1
DA:486,1
DA:487,1
DA:488,1
DA:489,1
DA:490,1
DA:491,1
DA:492,1
DA:493,1
DA:494,1
DA:497,19
DA:498,19
DA:499,19
DA:500,292
DA:504,1
DA:507,1
DA:508,1
DA:509,1
DA:510,1
DA:511,1
DA:512,1
DA:513,1
DA:514,1
DA:515,1
DA:516,1
DA:517,1
DA:522,1
DA:524,1
DA:525,1
DA:526,1
DA:527,1
DA:530,1
DA:532,1
DA:533,1
DA:534,1
DA:535,1
DA:538,1
DA:540,1
DA:541,1
DA:542,1
DA:543,1
DA:546,1
DA:547,1
DA:548,1
DA:549,1
DA:552,1
DA:553,1
DA:554,1
DA:559,1
DA:560,1
DA:561,1
DA:562,1
DA:563,1
DA:564,1
DA:565,1
DA:566,1
DA:567,1
DA:570,1
DA:573,1
DA:574,1
DA:575,1
DA:576,1
DA:577,1
DA:578,1
DA:579,1
DA:580,1
DA:583,1
DA:584,1
DA:587,1
DA:590,1
DA:591,1
DA:592,1
DA:593,1
DA:594,1
DA:595,1
DA:596,1
DA:597,1
DA:598,1
DA:599,1
DA:602,1
DA:605,1
DA:606,1
DA:607,1
DA:608,1
DA:609,1
DA:610,1
DA:611,1
DA:612,1
DA:615,1
DA:618,1
DA:619,1
DA:620,1
DA:621,1
DA:622,1
DA:623,1
DA:624,1
DA:627,1
DA:630,1
DA:631,1
DA:632,1
DA:633,1
DA:634,1
DA:635,1
DA:636,1
DA:637,1
DA:640,1
DA:643,1
DA:644,1
DA:645,1
DA:646,1
DA:647,1
DA:648,1
DA:649,1
DA:652,1
DA:655,1
DA:656,1
DA:657,1
DA:658,1
DA:659,1
DA:660,1
DA:661,1
DA:662,1
DA:663,1
DA:664,1
DA:667,1
DA:668,1
DA:669,1
DA:672,1
DA:675,1
DA:676,1
DA:677,1
DA:678,1
DA:679,1
DA:680,1
DA:681,1
DA:682,1
DA:683,1
DA:684,1
DA:685,1
DA:686,1
DA:689,1
DA:690,1
DA:693,1
DA:696,1
DA:697,1
DA:698,1
DA:699,1
DA:700,1
DA:701,1
DA:702,1
DA:703,1
DA:704,1
DA:705,1
DA:706,1
DA:707,1
DA:708,1
DA:711,1
DA:712,1
DA:713,1
DA:716,1
DA:717,1
DA:718,1
DA:719,1
DA:720,1
DA:722,1
DA:723,1
DA:724,1
DA:725,1
DA:729,1
DA:730,1
DA:731,1
DA:732,1
DA:733,1
DA:738,1
DA:739,1
DA:740,1
DA:741,1
DA:742,1
DA:743,1
DA:744,1
DA:745,1
DA:746,1
DA:747,1
DA:748,1
DA:749,1
DA:752,1
DA:753,1
DA:756,1
DA:759,1
DA:760,1
DA:761,1
DA:762,1
DA:763,1
DA:764,1
DA:765,1
DA:766,1
DA:767,1
DA:768,1
DA:769,1
DA:770,1
DA:773,1
DA:774,1
DA:777,1
DA:780,1
DA:781,1
DA:782,1
DA:783,1
DA:784,1
DA:785,1
DA:786,1
DA:787,1
DA:788,1
DA:789,1
DA:790,1
DA:791,1
DA:792,1
DA:793,1
DA:794,1
DA:795,1
BRF:0
BRH:0
LF:449
LH:438
end_of_record
SF:/home/irahardianto/works/projects/pathfinder/crates/pathfinder-common/src/file_watcher.rs
FN:135,_RNCNvNtCs50WL3t6ukCc_17pathfinder_common12file_watcher9hash_file0B5_
FN:42,_RNCNvMNtCs50WL3t6ukCc_17pathfinder_common12file_watcherNtB4_11FileWatcher5start0B6_
FN:37,_RNvMNtCs50WL3t6ukCc_17pathfinder_common12file_watcherNtB2_11FileWatcher5start
FN:171,_RNCNvNtNtCs50WL3t6ukCc_17pathfinder_common12file_watcher5testss_30test_hash_file_produces_sha2560B7_
FN:203,_RNCNvNtNtCs50WL3t6ukCc_17pathfinder_common12file_watcher5testss_36test_hash_file_missing_returns_error0B7_
FN:211,_RNCNvNtNtCs50WL3t6ukCc_17pathfinder_common12file_watcher5testss_39test_in_memory_source_drains_all_events0B7_
FN:236,_RNCNvNtNtCs50WL3t6ukCc_17pathfinder_common12file_watcher5testss_41test_in_memory_source_drain_is_idempotent0B7_
FN:186,_RNCNvNtNtCs50WL3t6ukCc_17pathfinder_common12file_watcher5testss_47test_hash_file_different_content_different_hash0B7_
FN:111,_RNvMs_NtCs50WL3t6ukCc_17pathfinder_common12file_watcherNtB4_23InMemoryFileEventSource3new
FN:135,_RNvNtCs50WL3t6ukCc_17pathfinder_common12file_watcher9hash_file
FN:117,_RNvXs0_NtCs50WL3t6ukCc_17pathfinder_common12file_watcherNtB5_23InMemoryFileEventSourceNtB5_15FileEventSource5drain
FN:171,_RNvNtNtCs50WL3t6ukCc_17pathfinder_common12file_watcher5testss_30test_hash_file_produces_sha256
FN:203,_RNvNtNtCs50WL3t6ukCc_17pathfinder_common12file_watcher5testss_36test_hash_file_missing_returns_error
FN:211,_RNvNtNtCs50WL3t6ukCc_17pathfinder_common12file_watcher5testss_39test_in_memory_source_drains_all_events
FN:236,_RNvNtNtCs50WL3t6ukCc_17pathfinder_common12file_watcher5testss_41test_in_memory_source_drain_is_idempotent
FN:186,_RNvNtNtCs50WL3t6ukCc_17pathfinder_common12file_watcher5testss_47test_hash_file_different_content_different_hash
FN:37,_RNvMNtCs8mARhsoZtMa_17pathfinder_common12file_watcherNtB2_11FileWatcher5start
FN:111,_RNvMs_NtCs8mARhsoZtMa_17pathfinder_common12file_watcherNtB4_23InMemoryFileEventSource3new
FN:135,_RNvNtCs8mARhsoZtMa_17pathfinder_common12file_watcher9hash_file
FN:117,_RNvXs0_NtCs8mARhsoZtMa_17pathfinder_common12file_watcherNtB5_23InMemoryFileEventSourceNtB5_15FileEventSource5drain
FN:42,_RNCNvMNtCs8mARhsoZtMa_17pathfinder_common12file_watcherNtB4_11FileWatcher5start0B6_
FN:135,_RNCNvNtCs8mARhsoZtMa_17pathfinder_common12file_watcher9hash_file0B5_
FNDA:4,_RNCNvNtCs50WL3t6ukCc_17pathfinder_common12file_watcher9hash_file0B5_
FNDA:0,_RNCNvMNtCs50WL3t6ukCc_17pathfinder_common12file_watcherNtB4_11FileWatcher5start0B6_
FNDA:0,_RNvMNtCs50WL3t6ukCc_17pathfinder_common12file_watcherNtB2_11FileWatcher5start
FNDA:1,_RNCNvNtNtCs50WL3t6ukCc_17pathfinder_common12file_watcher5testss_30test_hash_file_produces_sha2560B7_
FNDA:1,_RNCNvNtNtCs50WL3t6ukCc_17pathfinder_common12file_watcher5testss_36test_hash_file_missing_returns_error0B7_
FNDA:1,_RNCNvNtNtCs50WL3t6ukCc_17pathfinder_common12file_watcher5testss_39test_in_memory_source_drains_all_events0B7_
FNDA:1,_RNCNvNtNtCs50WL3t6ukCc_17pathfinder_common12file_watcher5testss_41test_in_memory_source_drain_is_idempotent0B7_
FNDA:1,_RNCNvNtNtCs50WL3t6ukCc_17pathfinder_common12file_watcher5testss_47test_hash_file_different_content_different_hash0B7_
FNDA:2,_RNvMs_NtCs50WL3t6ukCc_17pathfinder_common12file_watcherNtB4_23InMemoryFileEventSource3new
FNDA:4,_RNvNtCs50WL3t6ukCc_17pathfinder_common12file_watcher9hash_file
FNDA:3,_RNvXs0_NtCs50WL3t6ukCc_17pathfinder_common12file_watcherNtB5_23InMemoryFileEventSourceNtB5_15FileEventSource5drain
FNDA:1,_RNvNtNtCs50WL3t6ukCc_17pathfinder_common12file_watcher5testss_30test_hash_file_produces_sha256
FNDA:1,_RNvNtNtCs50WL3t6ukCc_17pathfinder_common12file_watcher5testss_36test_hash_file_missing_returns_error
FNDA:1,_RNvNtNtCs50WL3t6ukCc_17pathfinder_common12file_watcher5testss_39test_in_memory_source_drains_all_events
FNDA:1,_RNvNtNtCs50WL3t6ukCc_17pathfinder_common12file_watcher5testss_41test_in_memory_source_drain_is_idempotent
FNDA:1,_RNvNtNtCs50WL3t6ukCc_17pathfinder_common12file_watcher5testss_47test_hash_file_different_content_different_hash
FNDA:0,_RNvMNtCs8mARhsoZtMa_17pathfinder_common12file_watcherNtB2_11FileWatcher5start
FNDA:0,_RNvMs_NtCs8mARhsoZtMa_17pathfinder_common12file_watcherNtB4_23InMemoryFileEventSource3new
FNDA:0,_RNvNtCs8mARhsoZtMa_17pathfinder_common12file_watcher9hash_file
FNDA:0,_RNvXs0_NtCs8mARhsoZtMa_17pathfinder_common12file_watcherNtB5_23InMemoryFileEventSourceNtB5_15FileEventSource5drain
FNDA:0,_RNCNvMNtCs8mARhsoZtMa_17pathfinder_common12file_watcherNtB4_11FileWatcher5start0B6_
FNDA:0,_RNCNvNtCs8mARhsoZtMa_17pathfinder_common12file_watcher9hash_file0B5_
FNF:16
FNH:14
DA:37,0
DA:38,0
DA:39,0
DA:40,0
DA:42,0
DA:43,0
DA:44,0
DA:45,0
DA:46,0
DA:47,0
DA:48,0
DA:49,0
DA:50,0
DA:52,0
DA:53,0
DA:54,0
DA:59,0
DA:60,0
DA:61,0
DA:64,0
DA:65,0
DA:68,0
DA:69,0
DA:72,0
DA:73,0
DA:75,0
DA:76,0
DA:77,0
DA:79,0
DA:80,0
DA:84,0
DA:85,0
DA:111,2
DA:112,2
DA:113,2
DA:117,3
DA:118,4
DA:119,4
DA:120,4
DA:121,4
DA:122,3
DA:135,4
DA:139,4
DA:140,3
DA:141,3
DA:144,6
DA:145,6
DA:146,3
DA:147,3
DA:148,3
DA:151,3
DA:152,3
DA:153,4
DA:171,1
DA:172,1
DA:173,1
DA:174,1
DA:175,1
DA:177,1
DA:178,1
DA:180,1
DA:182,1
DA:183,1
DA:186,1
DA:187,1
DA:188,1
DA:190,1
DA:191,1
DA:192,1
DA:193,1
DA:195,1
DA:196,1
DA:197,1
DA:199,1
DA:200,1
DA:203,1
DA:204,1
DA:205,1
DA:206,1
DA:211,1
DA:212,1
DA:213,1
DA:214,1
DA:215,1
DA:217,1
DA:219,1
DA:220,1
DA:223,1
DA:224,1
DA:225,1
DA:226,1
DA:227,1
DA:228,1
DA:229,1
DA:230,1
DA:231,1
DA:232,1
DA:233,1
DA:236,1
DA:238,1
DA:239,1
DA:241,1
DA:242,1
DA:243,1
DA:245,1
DA:246,1
DA:247,1
DA:248,1
DA:249,1
DA:250,1
BRF:0
BRH:0
LF:124
LH:91
end_of_record
SF:/home/irahardianto/works/projects/pathfinder/crates/pathfinder-common/src/git.rs
FN:32,_RNCNvXNtCs50WL3t6ukCc_17pathfinder_common3gitNtB4_9SystemGitNtB4_9GitRunner14diff_name_only0B6_
FN:28,_RNvXNtCs50WL3t6ukCc_17pathfinder_common3gitNtB2_9SystemGitNtB2_9GitRunner14diff_name_only
FN:64,_RINvNtCs50WL3t6ukCc_17pathfinder_common3git23get_changed_files_sinceNtNCNvNtB2_5testss_60test_get_changed_files_since_timeout_returns_timed_out_error013HangingRunnerEB4_
FN:64,_RINvNtCs50WL3t6ukCc_17pathfinder_common3git23get_changed_files_sinceNtNtB2_5tests13FakeGitRunnerEB4_
FN:68,_RNCINvNtCs50WL3t6ukCc_17pathfinder_common3git23get_changed_files_sinceNtNCNvNtB4_5testss_60test_get_changed_files_since_timeout_returns_timed_out_error013HangingRunnerE0B6_
FN:68,_RNCINvNtCs50WL3t6ukCc_17pathfinder_common3git23get_changed_files_sinceNtNtB4_5tests13FakeGitRunnerE0B6_
FN:78,_RNCNCINvNtCs50WL3t6ukCc_17pathfinder_common3git23get_changed_files_sinceNtNCNvNtB6_5testss_60test_get_changed_files_since_timeout_returns_timed_out_error013HangingRunnerE00B8_
FN:78,_RNCNCINvNtCs50WL3t6ukCc_17pathfinder_common3git23get_changed_files_sinceNtNtB6_5tests13FakeGitRunnerE00B8_
FN:154,_RNCNvNtNtCs50WL3t6ukCc_17pathfinder_common3git5testss_42test_get_changed_files_since_parses_output0B7_
FN:237,_RNCNvNtNtCs50WL3t6ukCc_17pathfinder_common3git5testss_47test_get_changed_files_since_deduplicates_paths0B7_
FN:176,_RNCNvNtNtCs50WL3t6ukCc_17pathfinder_common3git5testss_48test_get_changed_files_since_ignores_blank_lines0B7_
FN:187,_RNCNvNtNtCs50WL3t6ukCc_17pathfinder_common3git5testss_52test_get_changed_files_since_propagates_runner_error0B7_
FN:166,_RNCNvNtNtCs50WL3t6ukCc_17pathfinder_common3git5testss_59test_get_changed_files_since_empty_output_returns_empty_set0B7_
FN:197,_RNCNvNtNtCs50WL3t6ukCc_17pathfinder_common3git5testss_60test_get_changed_files_since_timeout_returns_timed_out_error0B7_
FN:207,_RNCNvXNCNvNtNtCs50WL3t6ukCc_17pathfinder_common3git5testss_60test_get_changed_files_since_timeout_returns_timed_out_error0NtB4_13HangingRunnerNtBa_9GitRunner14diff_name_only0Bc_
FN:141,_RNCNvXs_NtNtCs50WL3t6ukCc_17pathfinder_common3git5testsNtB6_13FakeGitRunnerNtB8_9GitRunner14diff_name_only0Ba_
FN:125,_RNvMNtNtCs50WL3t6ukCc_17pathfinder_common3git5testsNtB2_13FakeGitRunner2ok
FN:131,_RNvMNtNtCs50WL3t6ukCc_17pathfinder_common3git5testsNtB2_13FakeGitRunner3err
FN:154,_RNvNtNtCs50WL3t6ukCc_17pathfinder_common3git5testss_42test_get_changed_files_since_parses_output
FN:237,_RNvNtNtCs50WL3t6ukCc_17pathfinder_common3git5testss_47test_get_changed_files_since_deduplicates_paths
FN:176,_RNvNtNtCs50WL3t6ukCc_17pathfinder_common3git5testss_48test_get_changed_files_since_ignores_blank_lines
FN:187,_RNvNtNtCs50WL3t6ukCc_17pathfinder_common3git5testss_52test_get_changed_files_since_propagates_runner_error
FN:166,_RNvNtNtCs50WL3t6ukCc_17pathfinder_common3git5testss_59test_get_changed_files_since_empty_output_returns_empty_set
FN:197,_RNvNtNtCs50WL3t6ukCc_17pathfinder_common3git5testss_60test_get_changed_files_since_timeout_returns_timed_out_error
FN:203,_RNvXNCNvNtNtCs50WL3t6ukCc_17pathfinder_common3git5testss_60test_get_changed_files_since_timeout_returns_timed_out_error0NtB2_13HangingRunnerNtB8_9GitRunner14diff_name_only
FN:137,_RNvXs_NtNtCs50WL3t6ukCc_17pathfinder_common3git5testsNtB4_13FakeGitRunnerNtB6_9GitRunner14diff_name_only
FN:64,_RINvNtCs8mARhsoZtMa_17pathfinder_common3git23get_changed_files_sinceNtB2_9SystemGitECsfaqPRDnPWmN_14pathfinder_lib
FN:68,_RNCINvNtCs8mARhsoZtMa_17pathfinder_common3git23get_changed_files_sinceNtB4_9SystemGitE0CsfaqPRDnPWmN_14pathfinder_lib
FN:78,_RNCNCINvNtCs8mARhsoZtMa_17pathfinder_common3git23get_changed_files_sinceNtB6_9SystemGitE00CsfaqPRDnPWmN_14pathfinder_lib
FN:32,_RNCNvXNtCs8mARhsoZtMa_17pathfinder_common3gitNtB4_9SystemGitNtB4_9GitRunner14diff_name_only0CsfaqPRDnPWmN_14pathfinder_lib
FN:28,_RNvXNtCs8mARhsoZtMa_17pathfinder_common3gitNtB2_9SystemGitNtB2_9GitRunner14diff_name_only
FN:64,_RINvNtCs8mARhsoZtMa_17pathfinder_common3git23get_changed_files_sinceNtB2_9SystemGitECslWWDK75FIRV_14pathfinder_mcp
FN:68,_RNCINvNtCs8mARhsoZtMa_17pathfinder_common3git23get_changed_files_sinceNtB4_9SystemGitE0CslWWDK75FIRV_14pathfinder_mcp
FN:78,_RNCNCINvNtCs8mARhsoZtMa_17pathfinder_common3git23get_changed_files_sinceNtB6_9SystemGitE00CslWWDK75FIRV_14pathfinder_mcp
FN:32,_RNCNvXNtCs8mARhsoZtMa_17pathfinder_common3gitNtB4_9SystemGitNtB4_9GitRunner14diff_name_only0CslWWDK75FIRV_14pathfinder_mcp
FN:64,_RINvNtCs8mARhsoZtMa_17pathfinder_common3git23get_changed_files_sinceNtB2_9SystemGitECs3DVjWQIejsk_14pathfinder_mcp
FN:68,_RNCINvNtCs8mARhsoZtMa_17pathfinder_common3git23get_changed_files_sinceNtB4_9SystemGitE0Cs3DVjWQIejsk_14pathfinder_mcp
FN:78,_RNCNCINvNtCs8mARhsoZtMa_17pathfinder_common3git23get_changed_files_sinceNtB6_9SystemGitE00Cs3DVjWQIejsk_14pathfinder_mcp
FN:32,_RNCNvXNtCs8mARhsoZtMa_17pathfinder_common3gitNtB4_9SystemGitNtB4_9GitRunner14diff_name_only0Cs3DVjWQIejsk_14pathfinder_mcp
FN:64,_RINvNtCs8mARhsoZtMa_17pathfinder_common3git23get_changed_files_sinceNtB2_9SystemGitECscFfi1kV69Ww_14pathfinder_lib
FN:68,_RNCINvNtCs8mARhsoZtMa_17pathfinder_common3git23get_changed_files_sinceNtB4_9SystemGitE0CscFfi1kV69Ww_14pathfinder_lib
FN:78,_RNCNCINvNtCs8mARhsoZtMa_17pathfinder_common3git23get_changed_files_sinceNtB6_9SystemGitE00CscFfi1kV69Ww_14pathfinder_lib
FN:32,_RNCNvXNtCs8mARhsoZtMa_17pathfinder_common3gitNtB4_9SystemGitNtB4_9GitRunner14diff_name_only0CscFfi1kV69Ww_14pathfinder_lib
FNDA:0,_RNCNvXNtCs50WL3t6ukCc_17pathfinder_common3gitNtB4_9SystemGitNtB4_9GitRunner14diff_name_only0B6_
FNDA:0,_RNvXNtCs50WL3t6ukCc_17pathfinder_common3gitNtB2_9SystemGitNtB2_9GitRunner14diff_name_only
FNDA:1,_RINvNtCs50WL3t6ukCc_17pathfinder_common3git23get_changed_files_sinceNtNCNvNtB2_5testss_60test_get_changed_files_since_timeout_returns_timed_out_error013HangingRunnerEB4_
FNDA:5,_RINvNtCs50WL3t6ukCc_17pathfinder_common3git23get_changed_files_sinceNtNtB2_5tests13FakeGitRunnerEB4_
FNDA:1,_RNCINvNtCs50WL3t6ukCc_17pathfinder_common3git23get_changed_files_sinceNtNCNvNtB4_5testss_60test_get_changed_files_since_timeout_returns_timed_out_error013HangingRunnerE0B6_
FNDA:5,_RNCINvNtCs50WL3t6ukCc_17pathfinder_common3git23get_changed_files_sinceNtNtB4_5tests13FakeGitRunnerE0B6_
FNDA:1,_RNCNCINvNtCs50WL3t6ukCc_17pathfinder_common3git23get_changed_files_sinceNtNCNvNtB6_5testss_60test_get_changed_files_since_timeout_returns_timed_out_error013HangingRunnerE00B8_
FNDA:0,_RNCNCINvNtCs50WL3t6ukCc_17pathfinder_common3git23get_changed_files_sinceNtNtB6_5tests13FakeGitRunnerE00B8_
FNDA:1,_RNCNvNtNtCs50WL3t6ukCc_17pathfinder_common3git5testss_42test_get_changed_files_since_parses_output0B7_
FNDA:1,_RNCNvNtNtCs50WL3t6ukCc_17pathfinder_common3git5testss_47test_get_changed_files_since_deduplicates_paths0B7_
FNDA:1,_RNCNvNtNtCs50WL3t6ukCc_17pathfinder_common3git5testss_48test_get_changed_files_since_ignores_blank_lines0B7_
FNDA:1,_RNCNvNtNtCs50WL3t6ukCc_17pathfinder_common3git5testss_52test_get_changed_files_since_propagates_runner_error0B7_
FNDA:1,_RNCNvNtNtCs50WL3t6ukCc_17pathfinder_common3git5testss_59test_get_changed_files_since_empty_output_returns_empty_set0B7_
FNDA:1,_RNCNvNtNtCs50WL3t6ukCc_17pathfinder_common3git5testss_60test_get_changed_files_since_timeout_returns_timed_out_error0B7_
FNDA:1,_RNCNvXNCNvNtNtCs50WL3t6ukCc_17pathfinder_common3git5testss_60test_get_changed_files_since_timeout_returns_timed_out_error0NtB4_13HangingRunnerNtBa_9GitRunner14diff_name_only0Bc_
FNDA:5,_RNCNvXs_NtNtCs50WL3t6ukCc_17pathfinder_common3git5testsNtB6_13FakeGitRunnerNtB8_9GitRunner14diff_name_only0Ba_
FNDA:4,_RNvMNtNtCs50WL3t6ukCc_17pathfinder_common3git5testsNtB2_13FakeGitRunner2ok
FNDA:1,_RNvMNtNtCs50WL3t6ukCc_17pathfinder_common3git5testsNtB2_13FakeGitRunner3err
FNDA:1,_RNvNtNtCs50WL3t6ukCc_17pathfinder_common3git5testss_42test_get_changed_files_since_parses_output
FNDA:1,_RNvNtNtCs50WL3t6ukCc_17pathfinder_common3git5testss_47test_get_changed_files_since_deduplicates_paths
FNDA:1,_RNvNtNtCs50WL3t6ukCc_17pathfinder_common3git5testss_48test_get_changed_files_since_ignores_blank_lines
FNDA:1,_RNvNtNtCs50WL3t6ukCc_17pathfinder_common3git5testss_52test_get_changed_files_since_propagates_runner_error
FNDA:1,_RNvNtNtCs50WL3t6ukCc_17pathfinder_common3git5testss_59test_get_changed_files_since_empty_output_returns_empty_set
FNDA:1,_RNvNtNtCs50WL3t6ukCc_17pathfinder_common3git5testss_60test_get_changed_files_since_timeout_returns_timed_out_error
FNDA:1,_RNvXNCNvNtNtCs50WL3t6ukCc_17pathfinder_common3git5testss_60test_get_changed_files_since_timeout_returns_timed_out_error0NtB2_13HangingRunnerNtB8_9GitRunner14diff_name_only
FNDA:5,_RNvXs_NtNtCs50WL3t6ukCc_17pathfinder_common3git5testsNtB4_13FakeGitRunnerNtB6_9GitRunner14diff_name_only
FNDA:0,_RINvNtCs8mARhsoZtMa_17pathfinder_common3git23get_changed_files_sinceNtB2_9SystemGitECsfaqPRDnPWmN_14pathfinder_lib
FNDA:0,_RNCINvNtCs8mARhsoZtMa_17pathfinder_common3git23get_changed_files_sinceNtB4_9SystemGitE0CsfaqPRDnPWmN_14pathfinder_lib
FNDA:0,_RNCNCINvNtCs8mARhsoZtMa_17pathfinder_common3git23get_changed_files_sinceNtB6_9SystemGitE00CsfaqPRDnPWmN_14pathfinder_lib
FNDA:0,_RNCNvXNtCs8mARhsoZtMa_17pathfinder_common3gitNtB4_9SystemGitNtB4_9GitRunner14diff_name_only0CsfaqPRDnPWmN_14pathfinder_lib
FNDA:0,_RNvXNtCs8mARhsoZtMa_17pathfinder_common3gitNtB2_9SystemGitNtB2_9GitRunner14diff_name_only
FNDA:0,_RINvNtCs8mARhsoZtMa_17pathfinder_common3git23get_changed_files_sinceNtB2_9SystemGitECslWWDK75FIRV_14pathfinder_mcp
FNDA:0,_RNCINvNtCs8mARhsoZtMa_17pathfinder_common3git23get_changed_files_sinceNtB4_9SystemGitE0CslWWDK75FIRV_14pathfinder_mcp
FNDA:0,_RNCNCINvNtCs8mARhsoZtMa_17pathfinder_common3git23get_changed_files_sinceNtB6_9SystemGitE00CslWWDK75FIRV_14pathfinder_mcp
FNDA:0,_RNCNvXNtCs8mARhsoZtMa_17pathfinder_common3gitNtB4_9SystemGitNtB4_9GitRunner14diff_name_only0CslWWDK75FIRV_14pathfinder_mcp
FNDA:0,_RINvNtCs8mARhsoZtMa_17pathfinder_common3git23get_changed_files_sinceNtB2_9SystemGitECs3DVjWQIejsk_14pathfinder_mcp
FNDA:0,_RNCINvNtCs8mARhsoZtMa_17pathfinder_common3git23get_changed_files_sinceNtB4_9SystemGitE0Cs3DVjWQIejsk_14pathfinder_mcp
FNDA:0,_RNCNCINvNtCs8mARhsoZtMa_17pathfinder_common3git23get_changed_files_sinceNtB6_9SystemGitE00Cs3DVjWQIejsk_14pathfinder_mcp
FNDA:0,_RNCNvXNtCs8mARhsoZtMa_17pathfinder_common3gitNtB4_9SystemGitNtB4_9GitRunner14diff_name_only0Cs3DVjWQIejsk_14pathfinder_mcp
FNDA:0,_RINvNtCs8mARhsoZtMa_17pathfinder_common3git23get_changed_files_sinceNtB2_9SystemGitECscFfi1kV69Ww_14pathfinder_lib
FNDA:0,_RNCINvNtCs8mARhsoZtMa_17pathfinder_common3git23get_changed_files_sinceNtB4_9SystemGitE0CscFfi1kV69Ww_14pathfinder_lib
FNDA:0,_RNCNCINvNtCs8mARhsoZtMa_17pathfinder_common3git23get_changed_files_sinceNtB6_9SystemGitE00CscFfi1kV69Ww_14pathfinder_lib
FNDA:0,_RNCNvXNtCs8mARhsoZtMa_17pathfinder_common3gitNtB4_9SystemGitNtB4_9GitRunner14diff_name_only0CscFfi1kV69Ww_14pathfinder_lib
FNF:23
FNH:21
DA:28,0
DA:29,0
DA:30,0
DA:31,0
DA:32,0
DA:33,0
DA:34,0
DA:35,0
DA:36,0
DA:37,0
DA:39,0
DA:40,0
DA:41,0
DA:42,0
DA:43,0
DA:44,0
DA:46,0
DA:47,0
DA:64,6
DA:65,6
DA:66,6
DA:67,6
DA:68,6
DA:69,6
DA:72,0
DA:76,6
DA:77,6
DA:78,6
DA:79,1
DA:82,0
DA:85,1
DA:86,1
DA:87,1
DA:89,1
DA:91,4
DA:92,4
DA:93,8
DA:94,8
DA:95,6
DA:96,6
DA:99,4
DA:102,0
DA:106,4
DA:107,6
DA:125,4
DA:126,4
DA:127,4
DA:128,4
DA:129,4
DA:131,1
DA:132,1
DA:133,1
DA:137,5
DA:138,5
DA:139,5
DA:140,5
DA:141,5
DA:142,5
DA:143,4
DA:144,1
DA:146,5
DA:154,1
DA:155,1
DA:156,1
DA:157,1
DA:158,1
DA:160,1
DA:161,1
DA:162,1
DA:163,1
DA:166,1
DA:167,1
DA:168,1
DA:169,1
DA:170,1
DA:172,1
DA:173,1
DA:176,1
DA:178,1
DA:179,1
DA:180,1
DA:181,1
DA:183,1
DA:184,1
DA:187,1
DA:188,1
DA:189,1
DA:190,1
DA:191,1
DA:193,1
DA:194,1
DA:197,1
DA:203,1
DA:204,1
DA:205,1
DA:206,1
DA:207,1
DA:209,1
DA:210,0
DA:211,0
DA:215,1
DA:217,1
DA:218,1
DA:219,1
DA:222,1
DA:223,1
DA:224,1
DA:225,1
DA:230,1
DA:232,1
DA:233,1
DA:234,1
DA:237,1
DA:239,1
DA:240,1
DA:241,1
DA:242,1
DA:244,1
DA:245,1
BRF:0
BRH:0
LF:137
LH:113
end_of_record
SF:/home/irahardianto/works/projects/pathfinder/crates/pathfinder-common/src/indent.rs
FN:41,_RNCNvNtCs50WL3t6ukCc_17pathfinder_common6indent10min_indent0B5_
FN:42,_RNCNvNtCs50WL3t6ukCc_17pathfinder_common6indent10min_indents_0B5_
FN:65,_RNCNvNtCs50WL3t6ukCc_17pathfinder_common6indent6dedent0B5_
FN:89,_RNCNvNtCs50WL3t6ukCc_17pathfinder_common6indent8reindent0B5_
FN:169,_RNvNtNtCs50WL3t6ukCc_17pathfinder_common6indent5testss_22test_reindent_column_8
FN:127,_RNvNtNtCs50WL3t6ukCc_17pathfinder_common6indent5testss_23test_dedent_four_spaces
FN:161,_RNvNtNtCs50WL3t6ukCc_17pathfinder_common6indent5testss_23test_dedent_single_line
FN:176,_RNvNtNtCs50WL3t6ukCc_17pathfinder_common6indent5testss_33test_reindent_column_zero_is_noop
FN:147,_RNvNtNtCs50WL3t6ukCc_17pathfinder_common6indent5testss_34test_dedent_already_at_column_zero
FN:191,_RNvNtNtCs50WL3t6ukCc_17pathfinder_common6indent5testss_34test_dedent_then_reindent_pipeline
FN:182,_RNvNtNtCs50WL3t6ukCc_17pathfinder_common6indent5testss_36test_reindent_blank_lines_not_padded
FN:133,_RNvNtNtCs50WL3t6ukCc_17pathfinder_common6indent5testss_37test_dedent_mixed_indent_uses_minimum
FN:140,_RNvNtNtCs50WL3t6ukCc_17pathfinder_common6indent5testss_38test_dedent_empty_lines_ignored_in_min
FN:198,_RNvNtNtCs50WL3t6ukCc_17pathfinder_common6indent5testss_42test_dedent_then_reindent_no_double_indent
FN:153,_RNvNtNtCs50WL3t6ukCc_17pathfinder_common6indent5testss_45test_dedent_tab_indented_normalises_to_spaces
FN:207,_RNvNtNtCs50WL3t6ukCc_17pathfinder_common6indent5testss_46test_dedent_then_reindent_multiline_with_blank
FN:39,_RNvNtCs50WL3t6ukCc_17pathfinder_common6indent10min_indent
FN:13,_RNvNtCs50WL3t6ukCc_17pathfinder_common6indent11expand_tabs
FN:114,_RNvNtCs50WL3t6ukCc_17pathfinder_common6indent20dedent_then_reindent
FN:58,_RNvNtCs50WL3t6ukCc_17pathfinder_common6indent6dedent
FN:82,_RNvNtCs50WL3t6ukCc_17pathfinder_common6indent8reindent
FN:39,_RNvNtCs8mARhsoZtMa_17pathfinder_common6indent10min_indent
FN:13,_RNvNtCs8mARhsoZtMa_17pathfinder_common6indent11expand_tabs
FN:114,_RNvNtCs8mARhsoZtMa_17pathfinder_common6indent20dedent_then_reindent
FN:58,_RNvNtCs8mARhsoZtMa_17pathfinder_common6indent6dedent
FN:82,_RNvNtCs8mARhsoZtMa_17pathfinder_common6indent8reindent
FN:41,_RNCNvNtCs8mARhsoZtMa_17pathfinder_common6indent10min_indent0B5_
FN:42,_RNCNvNtCs8mARhsoZtMa_17pathfinder_common6indent10min_indents_0B5_
FN:65,_RNCNvNtCs8mARhsoZtMa_17pathfinder_common6indent6dedent0B5_
FN:89,_RNCNvNtCs8mARhsoZtMa_17pathfinder_common6indent8reindent0B5_
FNDA:19,_RNCNvNtCs50WL3t6ukCc_17pathfinder_common6indent10min_indent0B5_
FNDA:17,_RNCNvNtCs50WL3t6ukCc_17pathfinder_common6indent10min_indents_0B5_
FNDA:17,_RNCNvNtCs50WL3t6ukCc_17pathfinder_common6indent6dedent0B5_
FNDA:12,_RNCNvNtCs50WL3t6ukCc_17pathfinder_common6indent8reindent0B5_
FNDA:1,_RNvNtNtCs50WL3t6ukCc_17pathfinder_common6indent5testss_22test_reindent_column_8
FNDA:1,_RNvNtNtCs50WL3t6ukCc_17pathfinder_common6indent5testss_23test_dedent_four_spaces
FNDA:1,_RNvNtNtCs50WL3t6ukCc_17pathfinder_common6indent5testss_23test_dedent_single_line
FNDA:1,_RNvNtNtCs50WL3t6ukCc_17pathfinder_common6indent5testss_33test_reindent_column_zero_is_noop
FNDA:1,_RNvNtNtCs50WL3t6ukCc_17pathfinder_common6indent5testss_34test_dedent_already_at_column_zero
FNDA:1,_RNvNtNtCs50WL3t6ukCc_17pathfinder_common6indent5testss_34test_dedent_then_reindent_pipeline
FNDA:1,_RNvNtNtCs50WL3t6ukCc_17pathfinder_common6indent5testss_36test_reindent_blank_lines_not_padded
FNDA:1,_RNvNtNtCs50WL3t6ukCc_17pathfinder_common6indent5testss_37test_dedent_mixed_indent_uses_minimum
FNDA:1,_RNvNtNtCs50WL3t6ukCc_17pathfinder_common6indent5testss_38test_dedent_empty_lines_ignored_in_min
FNDA:1,_RNvNtNtCs50WL3t6ukCc_17pathfinder_common6indent5testss_42test_dedent_then_reindent_no_double_indent
FNDA:1,_RNvNtNtCs50WL3t6ukCc_17pathfinder_common6indent5testss_45test_dedent_tab_indented_normalises_to_spaces
FNDA:1,_RNvNtNtCs50WL3t6ukCc_17pathfinder_common6indent5testss_46test_dedent_then_reindent_multiline_with_blank
FNDA:9,_RNvNtCs50WL3t6ukCc_17pathfinder_common6indent10min_indent
FNDA:34,_RNvNtCs50WL3t6ukCc_17pathfinder_common6indent11expand_tabs
FNDA:3,_RNvNtCs50WL3t6ukCc_17pathfinder_common6indent20dedent_then_reindent
FNDA:9,_RNvNtCs50WL3t6ukCc_17pathfinder_common6indent6dedent
FNDA:6,_RNvNtCs50WL3t6ukCc_17pathfinder_common6indent8reindent
FNDA:86,_RNvNtCs8mARhsoZtMa_17pathfinder_common6indent10min_indent
FNDA:120,_RNvNtCs8mARhsoZtMa_17pathfinder_common6indent11expand_tabs
FNDA:86,_RNvNtCs8mARhsoZtMa_17pathfinder_common6indent20dedent_then_reindent
FNDA:86,_RNvNtCs8mARhsoZtMa_17pathfinder_common6indent6dedent
FNDA:86,_RNvNtCs8mARhsoZtMa_17pathfinder_common6indent8reindent
FNDA:90,_RNCNvNtCs8mARhsoZtMa_17pathfinder_common6indent10min_indent0B5_
FNDA:90,_RNCNvNtCs8mARhsoZtMa_17pathfinder_common6indent10min_indents_0B5_
FNDA:30,_RNCNvNtCs8mARhsoZtMa_17pathfinder_common6indent6dedent0B5_
FNDA:28,_RNCNvNtCs8mARhsoZtMa_17pathfinder_common6indent8reindent0B5_
FNF:21
FNH:21
DA:13,154
DA:14,154
DA:15,154
DA:16,1646
DA:17,1646
DA:18,8
DA:19,32
DA:20,32
DA:21,32
DA:22,8
DA:23,1638
DA:24,1638
DA:25,1638
DA:26,1638
DA:28,154
DA:29,154
DA:39,95
DA:40,95
DA:41,109
DA:42,107
DA:43,107
DA:44,107
DA:45,107
DA:46,95
DA:47,95
DA:48,95
DA:58,95
DA:59,95
DA:60,95
DA:61,57
DA:62,38
DA:64,38
DA:65,47
DA:66,47
DA:67,47
DA:68,45
DA:71,2
DA:73,47
DA:74,38
DA:75,38
DA:76,95
DA:82,92
DA:83,92
DA:84,59
DA:85,33
DA:87,33
DA:88,33
DA:89,40
DA:90,40
DA:91,2
DA:93,38
DA:95,40
DA:96,33
DA:97,33
DA:98,92
DA:114,89
DA:115,89
DA:116,89
DA:117,89
DA:127,1
DA:128,1
DA:129,1
DA:130,1
DA:133,1
DA:135,1
DA:136,1
DA:137,1
DA:140,1
DA:142,1
DA:143,1
DA:144,1
DA:147,1
DA:148,1
DA:149,1
DA:150,1
DA:153,1
DA:155,1
DA:156,1
DA:157,1
DA:158,1
DA:161,1
DA:162,1
DA:163,1
DA:164,1
DA:169,1
DA:170,1
DA:171,1
DA:172,1
DA:173,1
DA:176,1
DA:177,1
DA:178,1
DA:179,1
DA:182,1
DA:183,1
DA:184,1
DA:185,1
DA:186,1
DA:191,1
DA:192,1
DA:193,1
DA:194,1
DA:195,1
DA:198,1
DA:201,1
DA:202,1
DA:203,1
DA:204,1
DA:207,1
DA:208,1
DA:209,1
DA:212,1
DA:213,1
BRF:0
BRH:0
LF:117
LH:117
end_of_record
SF:/home/irahardianto/works/projects/pathfinder/crates/pathfinder-common/src/normalize.rs
FN:128,_RNvNtCs50WL3t6ukCc_17pathfinder_common9normalize26normalize_for_full_replace
FN:212,_RNvNtNtCs50WL3t6ukCc_17pathfinder_common9normalize5testss_25test_normalize_crlf_to_lf
FN:174,_RNvNtNtCs50WL3t6ukCc_17pathfinder_common9normalize5testss_30test_strip_outer_braces_simple
FN:243,_RNvNtNtCs50WL3t6ukCc_17pathfinder_common9normalize5testss_33test_normalize_full_pipeline_crlf
FN:180,_RNvNtNtCs50WL3t6ukCc_17pathfinder_common9normalize5testss_33test_strip_outer_braces_multiline
FN:201,_RNvNtNtCs50WL3t6ukCc_17pathfinder_common9normalize5testss_33test_strip_outer_braces_unmatched
FN:147,_RNvNtNtCs50WL3t6ukCc_17pathfinder_common9normalize5testss_34test_strip_markdown_fences_no_lang
FN:195,_RNvNtNtCs50WL3t6ukCc_17pathfinder_common9normalize5testss_35test_strip_outer_braces_not_wrapped
FN:166,_RNvNtNtCs50WL3t6ukCc_17pathfinder_common9normalize5testss_36test_strip_markdown_fences_multiline
FN:141,_RNvNtNtCs50WL3t6ukCc_17pathfinder_common9normalize5testss_36test_strip_markdown_fences_with_lang
FN:219,_RNvNtNtCs50WL3t6ukCc_17pathfinder_common9normalize5testss_37test_normalize_already_lf_is_borrowed
FN:236,_RNvNtNtCs50WL3t6ukCc_17pathfinder_common9normalize5testss_39test_normalize_full_pipeline_plain_code
FN:228,_RNvNtNtCs50WL3t6ukCc_17pathfinder_common9normalize5testss_45test_normalize_full_pipeline_fence_and_braces
FN:159,_RNvNtNtCs50WL3t6ukCc_17pathfinder_common9normalize5testss_46test_strip_markdown_fences_passthrough_partial
FN:187,_RNvNtNtCs50WL3t6ukCc_17pathfinder_common9normalize5testss_46test_strip_outer_braces_nested_inner_preserved
FN:153,_RNvNtNtCs50WL3t6ukCc_17pathfinder_common9normalize5testss_48test_strip_markdown_fences_passthrough_no_fences
FN:61,_RNvNtCs50WL3t6ukCc_17pathfinder_common9normalize18strip_outer_braces
FN:22,_RNvNtCs50WL3t6ukCc_17pathfinder_common9normalize21strip_markdown_fences
FN:100,_RNvNtCs50WL3t6ukCc_17pathfinder_common9normalize22normalize_line_endings
FN:115,_RNvNtCs50WL3t6ukCc_17pathfinder_common9normalize26normalize_for_body_replace
FN:61,_RNvNtCs8mARhsoZtMa_17pathfinder_common9normalize18strip_outer_braces
FN:22,_RNvNtCs8mARhsoZtMa_17pathfinder_common9normalize21strip_markdown_fences
FN:100,_RNvNtCs8mARhsoZtMa_17pathfinder_common9normalize22normalize_line_endings
FN:115,_RNvNtCs8mARhsoZtMa_17pathfinder_common9normalize26normalize_for_body_replace
FN:128,_RNvNtCs8mARhsoZtMa_17pathfinder_common9normalize26normalize_for_full_replace
FNDA:0,_RNvNtCs50WL3t6ukCc_17pathfinder_common9normalize26normalize_for_full_replace
FNDA:1,_RNvNtNtCs50WL3t6ukCc_17pathfinder_common9normalize5testss_25test_normalize_crlf_to_lf
FNDA:1,_RNvNtNtCs50WL3t6ukCc_17pathfinder_common9normalize5testss_30test_strip_outer_braces_simple
FNDA:1,_RNvNtNtCs50WL3t6ukCc_17pathfinder_common9normalize5testss_33test_normalize_full_pipeline_crlf
FNDA:1,_RNvNtNtCs50WL3t6ukCc_17pathfinder_common9normalize5testss_33test_strip_outer_braces_multiline
FNDA:1,_RNvNtNtCs50WL3t6ukCc_17pathfinder_common9normalize5testss_33test_strip_outer_braces_unmatched
FNDA:1,_RNvNtNtCs50WL3t6ukCc_17pathfinder_common9normalize5testss_34test_strip_markdown_fences_no_lang
FNDA:1,_RNvNtNtCs50WL3t6ukCc_17pathfinder_common9normalize5testss_35test_strip_outer_braces_not_wrapped
FNDA:1,_RNvNtNtCs50WL3t6ukCc_17pathfinder_common9normalize5testss_36test_strip_markdown_fences_multiline
FNDA:1,_RNvNtNtCs50WL3t6ukCc_17pathfinder_common9normalize5testss_36test_strip_markdown_fences_with_lang
FNDA:1,_RNvNtNtCs50WL3t6ukCc_17pathfinder_common9normalize5testss_37test_normalize_already_lf_is_borrowed
FNDA:1,_RNvNtNtCs50WL3t6ukCc_17pathfinder_common9normalize5testss_39test_normalize_full_pipeline_plain_code
FNDA:1,_RNvNtNtCs50WL3t6ukCc_17pathfinder_common9normalize5testss_45test_normalize_full_pipeline_fence_and_braces
FNDA:1,_RNvNtNtCs50WL3t6ukCc_17pathfinder_common9normalize5testss_46test_strip_markdown_fences_passthrough_partial
FNDA:1,_RNvNtNtCs50WL3t6ukCc_17pathfinder_common9normalize5testss_46test_strip_outer_braces_nested_inner_preserved
FNDA:1,_RNvNtNtCs50WL3t6ukCc_17pathfinder_common9normalize5testss_48test_strip_markdown_fences_passthrough_no_fences
FNDA:8,_RNvNtCs50WL3t6ukCc_17pathfinder_common9normalize18strip_outer_braces
FNDA:8,_RNvNtCs50WL3t6ukCc_17pathfinder_common9normalize21strip_markdown_fences
FNDA:5,_RNvNtCs50WL3t6ukCc_17pathfinder_common9normalize22normalize_line_endings
FNDA:3,_RNvNtCs50WL3t6ukCc_17pathfinder_common9normalize26normalize_for_body_replace
FNDA:52,_RNvNtCs8mARhsoZtMa_17pathfinder_common9normalize18strip_outer_braces
FNDA:86,_RNvNtCs8mARhsoZtMa_17pathfinder_common9normalize21strip_markdown_fences
FNDA:86,_RNvNtCs8mARhsoZtMa_17pathfinder_common9normalize22normalize_line_endings
FNDA:52,_RNvNtCs8mARhsoZtMa_17pathfinder_common9normalize26normalize_for_body_replace
FNDA:34,_RNvNtCs8mARhsoZtMa_17pathfinder_common9normalize26normalize_for_full_replace
FNF:20
FNH:20
DA:22,94
DA:23,94
DA:26,94
DA:27,89
DA:31,5
DA:32,1
DA:33,4
DA:36,4
DA:39,4
DA:40,0
DA:44,4
DA:45,94
DA:61,60
DA:62,60
DA:64,60
DA:65,53
DA:66,7
DA:69,7
DA:70,7
DA:71,100
DA:72,100
DA:73,8
DA:75,8
DA:76,8
DA:77,7
DA:78,7
DA:79,1
DA:81,84
DA:86,7
DA:87,7
DA:89,6
DA:91,1
DA:93,60
DA:100,91
DA:101,91
DA:102,2
DA:104,89
DA:106,91
DA:115,55
DA:116,55
DA:117,55
DA:118,55
DA:119,55
DA:128,34
DA:129,34
DA:130,34
DA:131,34
DA:141,1
DA:142,1
DA:143,1
DA:144,1
DA:147,1
DA:148,1
DA:149,1
DA:150,1
DA:153,1
DA:154,1
DA:155,1
DA:156,1
DA:159,1
DA:160,1
DA:162,1
DA:163,1
DA:166,1
DA:167,1
DA:168,1
DA:169,1
DA:174,1
DA:175,1
DA:176,1
DA:177,1
DA:180,1
DA:181,1
DA:182,1
DA:183,1
DA:184,1
DA:187,1
DA:188,1
DA:189,1
DA:191,1
DA:192,1
DA:195,1
DA:196,1
DA:197,1
DA:198,1
DA:201,1
DA:203,1
DA:206,1
DA:207,1
DA:212,1
DA:213,1
DA:214,1
DA:215,1
DA:216,1
DA:219,1
DA:220,1
DA:221,1
DA:222,1
DA:223,1
DA:228,1
DA:229,1
DA:230,1
DA:232,1
DA:233,1
DA:236,1
DA:237,1
DA:238,1
DA:239,1
DA:240,1
DA:243,1
DA:244,1
DA:245,1
DA:246,1
DA:247,1
BRF:0
BRH:0
LF:114
LH:113
end_of_record
SF:/home/irahardianto/works/projects/pathfinder/crates/pathfinder-common/src/sandbox.rs
FN:74,_RNvMNtCs50WL3t6ukCc_17pathfinder_common7sandboxNtB2_7Sandbox3new
FN:283,_RNvMNtCs50WL3t6ukCc_17pathfinder_common7sandboxNtB2_7Sandbox14is_user_denied
FN:94,_RNvMNtCs50WL3t6ukCc_17pathfinder_common7sandboxNtB2_7Sandbox15with_user_rules
FN:214,_RNvMNtCs50WL3t6ukCc_17pathfinder_common7sandboxNtB2_7Sandbox17is_default_denied
FN:185,_RNvMNtCs50WL3t6ukCc_17pathfinder_common7sandboxNtB2_7Sandbox19is_hardcoded_denied
FN:250,_RNvMNtCs50WL3t6ukCc_17pathfinder_common7sandboxNtB2_7Sandbox20is_additional_denied
FN:245,_RNvMNtCs50WL3t6ukCc_17pathfinder_common7sandboxNtB2_7Sandbox21matches_exact_pattern
FN:220,_RNvMNtCs50WL3t6ukCc_17pathfinder_common7sandboxNtB2_7Sandbox23matches_default_pattern
FN:237,_RNvMNtCs50WL3t6ukCc_17pathfinder_common7sandboxNtB2_7Sandbox24matches_wildcard_pattern
FN:230,_RNvMNtCs50WL3t6ukCc_17pathfinder_common7sandboxNtB2_7Sandbox25matches_directory_pattern
FN:118,_RNvMNtCs50WL3t6ukCc_17pathfinder_common7sandboxNtB2_7Sandbox5check
FN:16,_RNvNtCs50WL3t6ukCc_17pathfinder_common7sandbox13path_basename
FN:303,_RNvNtNtCs50WL3t6ukCc_17pathfinder_common7sandbox5tests15default_sandbox
FN:330,_RNvNtNtCs50WL3t6ukCc_17pathfinder_common7sandbox5testss_18test_git_allowlist
FN:360,_RNvNtNtCs50WL3t6ukCc_17pathfinder_common7sandbox5testss_19test_allow_override
FN:371,_RNvNtNtCs50WL3t6ukCc_17pathfinder_common7sandbox5testss_20test_additional_deny
FN:340,_RNvNtNtCs50WL3t6ukCc_17pathfinder_common7sandbox5testss_21test_default_deny_env
FN:354,_RNvNtNtCs50WL3t6ukCc_17pathfinder_common7sandbox5testss_24test_default_deny_vendor
FN:322,_RNvNtNtCs50WL3t6ukCc_17pathfinder_common7sandbox5testss_28test_hardcoded_deny_pem_file
FN:346,_RNvNtNtCs50WL3t6ukCc_17pathfinder_common7sandbox5testss_30test_default_deny_node_modules
FN:312,_RNvNtNtCs50WL3t6ukCc_17pathfinder_common7sandbox5testss_31test_hardcoded_deny_git_objects
FN:426,_RNvNtNtCs50WL3t6ukCc_17pathfinder_common7sandbox5testss_32test_normal_source_files_allowed
FN:462,_RNvNtNtCs50WL3t6ukCc_17pathfinder_common7sandbox5testss_36test_with_user_rules_injected_ignore
FN:450,_RNvNtNtCs50WL3t6ukCc_17pathfinder_common7sandbox5testss_37test_with_user_rules_none_skips_tier3
FN:435,_RNvNtNtCs50WL3t6ukCc_17pathfinder_common7sandbox5testss_40test_hardcoded_deny_cannot_be_overridden
FN:502,_RNvNtNtCs50WL3t6ukCc_17pathfinder_common7sandbox5testss_41test_cross_workspace_absolute_path_denied
FN:484,_RNvNtNtCs50WL3t6ukCc_17pathfinder_common7sandbox5testss_41test_same_workspace_absolute_path_allowed
FN:407,_RNvNtNtCs50WL3t6ukCc_17pathfinder_common7sandbox5testss_53test_additional_deny_directory_pattern_no_prefix_leak
FN:386,_RNvNtNtCs50WL3t6ukCc_17pathfinder_common7sandbox5testss_55test_additional_deny_bare_word_does_not_substring_match
FN:102,_RNCNCNvMNtCs50WL3t6ukCc_17pathfinder_common7sandboxNtB6_7Sandbox15with_user_rules00B8_
FN:102,_RNCNvMNtCs50WL3t6ukCc_17pathfinder_common7sandboxNtB4_7Sandbox15with_user_rules0B6_
FN:103,_RNCNvMNtCs50WL3t6ukCc_17pathfinder_common7sandboxNtB4_7Sandbox15with_user_ruless_0B6_
FN:217,_RNCNvMNtCs50WL3t6ukCc_17pathfinder_common7sandboxNtB4_7Sandbox17is_default_denied0B6_
FN:205,_RNCNvMNtCs50WL3t6ukCc_17pathfinder_common7sandboxNtB4_7Sandbox19is_hardcoded_denied0B6_
FN:274,_RNCNvMNtCs50WL3t6ukCc_17pathfinder_common7sandboxNtB4_7Sandbox20is_additional_denied0B6_
FN:140,_RNCNvMNtCs50WL3t6ukCc_17pathfinder_common7sandboxNtB4_7Sandbox5check0B6_
FN:19,_RNCNvNtCs50WL3t6ukCc_17pathfinder_common7sandbox13path_basename0B5_
FN:19,_RNCNvNtCs50WL3t6ukCc_17pathfinder_common7sandbox13path_basenames_0B5_
FN:283,_RNvMNtCs8mARhsoZtMa_17pathfinder_common7sandboxNtB2_7Sandbox14is_user_denied
FN:94,_RNvMNtCs8mARhsoZtMa_17pathfinder_common7sandboxNtB2_7Sandbox15with_user_rules
FN:214,_RNvMNtCs8mARhsoZtMa_17pathfinder_common7sandboxNtB2_7Sandbox17is_default_denied
FN:185,_RNvMNtCs8mARhsoZtMa_17pathfinder_common7sandboxNtB2_7Sandbox19is_hardcoded_denied
FN:250,_RNvMNtCs8mARhsoZtMa_17pathfinder_common7sandboxNtB2_7Sandbox20is_additional_denied
FN:245,_RNvMNtCs8mARhsoZtMa_17pathfinder_common7sandboxNtB2_7Sandbox21matches_exact_pattern
FN:220,_RNvMNtCs8mARhsoZtMa_17pathfinder_common7sandboxNtB2_7Sandbox23matches_default_pattern
FN:237,_RNvMNtCs8mARhsoZtMa_17pathfinder_common7sandboxNtB2_7Sandbox24matches_wildcard_pattern
FN:230,_RNvMNtCs8mARhsoZtMa_17pathfinder_common7sandboxNtB2_7Sandbox25matches_directory_pattern
FN:74,_RNvMNtCs8mARhsoZtMa_17pathfinder_common7sandboxNtB2_7Sandbox3new
FN:118,_RNvMNtCs8mARhsoZtMa_17pathfinder_common7sandboxNtB2_7Sandbox5check
FN:16,_RNvNtCs8mARhsoZtMa_17pathfinder_common7sandbox13path_basename
FN:102,_RNCNCNvMNtCs8mARhsoZtMa_17pathfinder_common7sandboxNtB6_7Sandbox15with_user_rules00B8_
FN:102,_RNCNvMNtCs8mARhsoZtMa_17pathfinder_common7sandboxNtB4_7Sandbox15with_user_rules0B6_
FN:103,_RNCNvMNtCs8mARhsoZtMa_17pathfinder_common7sandboxNtB4_7Sandbox15with_user_ruless_0B6_
FN:217,_RNCNvMNtCs8mARhsoZtMa_17pathfinder_common7sandboxNtB4_7Sandbox17is_default_denied0B6_
FN:205,_RNCNvMNtCs8mARhsoZtMa_17pathfinder_common7sandboxNtB4_7Sandbox19is_hardcoded_denied0B6_
FN:274,_RNCNvMNtCs8mARhsoZtMa_17pathfinder_common7sandboxNtB4_7Sandbox20is_additional_denied0B6_
FN:140,_RNCNvMNtCs8mARhsoZtMa_17pathfinder_common7sandboxNtB4_7Sandbox5check0B6_
FN:19,_RNCNvNtCs8mARhsoZtMa_17pathfinder_common7sandbox13path_basename0B5_
FN:19,_RNCNvNtCs8mARhsoZtMa_17pathfinder_common7sandbox13path_basenames_0B5_
FNDA:0,_RNvMNtCs50WL3t6ukCc_17pathfinder_common7sandboxNtB2_7Sandbox3new
FNDA:16,_RNvMNtCs50WL3t6ukCc_17pathfinder_common7sandboxNtB2_7Sandbox14is_user_denied
FNDA:16,_RNvMNtCs50WL3t6ukCc_17pathfinder_common7sandboxNtB2_7Sandbox15with_user_rules
FNDA:22,_RNvMNtCs50WL3t6ukCc_17pathfinder_common7sandboxNtB2_7Sandbox17is_default_denied
FNDA:27,_RNvMNtCs50WL3t6ukCc_17pathfinder_common7sandboxNtB2_7Sandbox19is_hardcoded_denied
FNDA:19,_RNvMNtCs50WL3t6ukCc_17pathfinder_common7sandboxNtB2_7Sandbox20is_additional_denied
FNDA:21,_RNvMNtCs50WL3t6ukCc_17pathfinder_common7sandboxNtB2_7Sandbox21matches_exact_pattern
FNDA:161,_RNvMNtCs50WL3t6ukCc_17pathfinder_common7sandboxNtB2_7Sandbox23matches_default_pattern
FNDA:21,_RNvMNtCs50WL3t6ukCc_17pathfinder_common7sandboxNtB2_7Sandbox24matches_wildcard_pattern
FNDA:119,_RNvMNtCs50WL3t6ukCc_17pathfinder_common7sandboxNtB2_7Sandbox25matches_directory_pattern
FNDA:28,_RNvMNtCs50WL3t6ukCc_17pathfinder_common7sandboxNtB2_7Sandbox5check
FNDA:42,_RNvNtCs50WL3t6ukCc_17pathfinder_common7sandbox13path_basename
FNDA:7,_RNvNtNtCs50WL3t6ukCc_17pathfinder_common7sandbox5tests15default_sandbox
FNDA:1,_RNvNtNtCs50WL3t6ukCc_17pathfinder_common7sandbox5testss_18test_git_allowlist
FNDA:1,_RNvNtNtCs50WL3t6ukCc_17pathfinder_common7sandbox5testss_19test_allow_override
FNDA:1,_RNvNtNtCs50WL3t6ukCc_17pathfinder_common7sandbox5testss_20test_additional_deny
FNDA:1,_RNvNtNtCs50WL3t6ukCc_17pathfinder_common7sandbox5testss_21test_default_deny_env
FNDA:1,_RNvNtNtCs50WL3t6ukCc_17pathfinder_common7sandbox5testss_24test_default_deny_vendor
FNDA:1,_RNvNtNtCs50WL3t6ukCc_17pathfinder_common7sandbox5testss_28test_hardcoded_deny_pem_file
FNDA:1,_RNvNtNtCs50WL3t6ukCc_17pathfinder_common7sandbox5testss_30test_default_deny_node_modules
FNDA:1,_RNvNtNtCs50WL3t6ukCc_17pathfinder_common7sandbox5testss_31test_hardcoded_deny_git_objects
FNDA:1,_RNvNtNtCs50WL3t6ukCc_17pathfinder_common7sandbox5testss_32test_normal_source_files_allowed
FNDA:1,_RNvNtNtCs50WL3t6ukCc_17pathfinder_common7sandbox5testss_36test_with_user_rules_injected_ignore
FNDA:1,_RNvNtNtCs50WL3t6ukCc_17pathfinder_common7sandbox5testss_37test_with_user_rules_none_skips_tier3
FNDA:1,_RNvNtNtCs50WL3t6ukCc_17pathfinder_common7sandbox5testss_40test_hardcoded_deny_cannot_be_overridden
FNDA:1,_RNvNtNtCs50WL3t6ukCc_17pathfinder_common7sandbox5testss_41test_cross_workspace_absolute_path_denied
FNDA:1,_RNvNtNtCs50WL3t6ukCc_17pathfinder_common7sandbox5testss_41test_same_workspace_absolute_path_allowed
FNDA:1,_RNvNtNtCs50WL3t6ukCc_17pathfinder_common7sandbox5testss_53test_additional_deny_directory_pattern_no_prefix_leak
FNDA:1,_RNvNtNtCs50WL3t6ukCc_17pathfinder_common7sandbox5testss_55test_additional_deny_bare_word_does_not_substring_match
FNDA:16,_RNCNCNvMNtCs50WL3t6ukCc_17pathfinder_common7sandboxNtB6_7Sandbox15with_user_rules00B8_
FNDA:128,_RNCNvMNtCs50WL3t6ukCc_17pathfinder_common7sandboxNtB4_7Sandbox15with_user_rules0B6_
FNDA:127,_RNCNvMNtCs50WL3t6ukCc_17pathfinder_common7sandboxNtB4_7Sandbox15with_user_ruless_0B6_
FNDA:161,_RNCNvMNtCs50WL3t6ukCc_17pathfinder_common7sandboxNtB4_7Sandbox17is_default_denied0B6_
FNDA:66,_RNCNvMNtCs50WL3t6ukCc_17pathfinder_common7sandboxNtB4_7Sandbox19is_hardcoded_denied0B6_
FNDA:2,_RNCNvMNtCs50WL3t6ukCc_17pathfinder_common7sandboxNtB4_7Sandbox20is_additional_denied0B6_
FNDA:57,_RNCNvMNtCs50WL3t6ukCc_17pathfinder_common7sandboxNtB4_7Sandbox5check0B6_
FNDA:0,_RNCNvNtCs50WL3t6ukCc_17pathfinder_common7sandbox13path_basename0B5_
FNDA:42,_RNCNvNtCs50WL3t6ukCc_17pathfinder_common7sandbox13path_basenames_0B5_
FNDA:174,_RNvMNtCs8mARhsoZtMa_17pathfinder_common7sandboxNtB2_7Sandbox14is_user_denied
FNDA:198,_RNvMNtCs8mARhsoZtMa_17pathfinder_common7sandboxNtB2_7Sandbox15with_user_rules
FNDA:176,_RNvMNtCs8mARhsoZtMa_17pathfinder_common7sandboxNtB2_7Sandbox17is_default_denied
FNDA:190,_RNvMNtCs8mARhsoZtMa_17pathfinder_common7sandboxNtB2_7Sandbox19is_hardcoded_denied
FNDA:174,_RNvMNtCs8mARhsoZtMa_17pathfinder_common7sandboxNtB2_7Sandbox20is_additional_denied
FNDA:176,_RNvMNtCs8mARhsoZtMa_17pathfinder_common7sandboxNtB2_7Sandbox21matches_exact_pattern
FNDA:1394,_RNvMNtCs8mARhsoZtMa_17pathfinder_common7sandboxNtB2_7Sandbox23matches_default_pattern
FNDA:174,_RNvMNtCs8mARhsoZtMa_17pathfinder_common7sandboxNtB2_7Sandbox24matches_wildcard_pattern
FNDA:1044,_RNvMNtCs8mARhsoZtMa_17pathfinder_common7sandboxNtB2_7Sandbox25matches_directory_pattern
FNDA:198,_RNvMNtCs8mARhsoZtMa_17pathfinder_common7sandboxNtB2_7Sandbox3new
FNDA:190,_RNvMNtCs8mARhsoZtMa_17pathfinder_common7sandboxNtB2_7Sandbox5check
FNDA:350,_RNvNtCs8mARhsoZtMa_17pathfinder_common7sandbox13path_basename
FNDA:0,_RNCNCNvMNtCs8mARhsoZtMa_17pathfinder_common7sandboxNtB6_7Sandbox15with_user_rules00B8_
FNDA:1584,_RNCNvMNtCs8mARhsoZtMa_17pathfinder_common7sandboxNtB4_7Sandbox15with_user_rules0B6_
FNDA:1584,_RNCNvMNtCs8mARhsoZtMa_17pathfinder_common7sandboxNtB4_7Sandbox15with_user_ruless_0B6_
FNDA:1394,_RNCNvMNtCs8mARhsoZtMa_17pathfinder_common7sandboxNtB4_7Sandbox17is_default_denied0B6_
FNDA:680,_RNCNvMNtCs8mARhsoZtMa_17pathfinder_common7sandboxNtB4_7Sandbox19is_hardcoded_denied0B6_
FNDA:0,_RNCNvMNtCs8mARhsoZtMa_17pathfinder_common7sandboxNtB4_7Sandbox20is_additional_denied0B6_
FNDA:344,_RNCNvMNtCs8mARhsoZtMa_17pathfinder_common7sandboxNtB4_7Sandbox5check0B6_
FNDA:8,_RNCNvNtCs8mARhsoZtMa_17pathfinder_common7sandbox13path_basename0B5_
FNDA:342,_RNCNvNtCs8mARhsoZtMa_17pathfinder_common7sandbox13path_basenames_0B5_
FNF:38
FNH:38
DA:16,392
DA:17,392
DA:18,392
DA:19,392
DA:20,392
DA:74,198
DA:76,198
DA:77,198
DA:78,0
DA:80,0
DA:81,0
DA:83,198
DA:86,198
DA:87,198
DA:94,214
DA:95,214
DA:96,214
DA:97,214
DA:98,214
DA:100,214
DA:101,214
DA:102,1712
DA:103,1711
DA:104,214
DA:106,214
DA:107,214
DA:108,214
DA:109,214
DA:110,214
DA:111,214
DA:112,214
DA:118,218
DA:120,218
DA:122,2
DA:124,1
DA:127,1
DA:128,1
DA:129,1
DA:130,1
DA:134,216
DA:138,217
DA:139,217
DA:140,401
DA:142,0
DA:143,0
DA:144,0
DA:145,0
DA:146,217
DA:148,217
DA:151,217
DA:152,19
DA:153,19
DA:154,19
DA:155,19
DA:156,198
DA:159,198
DA:160,5
DA:161,5
DA:162,5
DA:163,5
DA:164,193
DA:167,193
DA:168,3
DA:169,3
DA:170,3
DA:171,3
DA:172,190
DA:175,190
DA:176,1
DA:177,1
DA:178,1
DA:179,1
DA:180,189
DA:182,189
DA:183,218
DA:185,217
DA:187,862
DA:188,862
DA:189,3
DA:190,859
DA:194,1222
DA:195,1222
DA:196,16
DA:197,1206
DA:201,198
DA:202,188
DA:203,188
DA:204,188
DA:205,746
DA:207,3
DA:208,185
DA:209,10
DA:211,195
DA:212,217
DA:214,198
DA:215,198
DA:216,198
DA:217,1555
DA:218,198
DA:220,1555
DA:221,1555
DA:222,1163
DA:223,392
DA:224,195
DA:226,197
DA:228,1555
DA:230,1163
DA:231,1163
DA:232,1163
DA:233,2
DA:234,2
DA:235,1163
DA:237,195
DA:238,195
DA:239,0
DA:241,195
DA:242,195
DA:243,195
DA:245,197
DA:246,197
DA:247,197
DA:248,197
DA:250,193
DA:251,193
DA:252,6
DA:254,2
DA:255,2
DA:256,1
DA:257,1
DA:258,4
DA:260,2
DA:262,2
DA:263,2
DA:264,1
DA:265,1
DA:267,1
DA:268,1
DA:272,2
DA:273,2
DA:274,2
DA:275,2
DA:276,1
DA:277,1
DA:280,190
DA:281,193
DA:283,190
DA:284,190
DA:286,2
DA:287,2
DA:289,188
DA:291,190
DA:303,7
DA:304,7
DA:305,7
DA:306,7
DA:307,7
DA:309,7
DA:312,1
DA:313,1
DA:314,1
DA:315,1
DA:316,1
DA:317,1
DA:318,0
DA:319,1
DA:322,1
DA:323,1
DA:324,1
DA:325,1
DA:326,1
DA:327,1
DA:330,1
DA:331,1
DA:332,1
DA:333,1
DA:334,1
DA:335,1
DA:336,1
DA:337,1
DA:340,1
DA:341,1
DA:342,1
DA:343,1
DA:346,1
DA:347,1
DA:348,1
DA:349,1
DA:350,1
DA:351,1
DA:354,1
DA:355,1
DA:356,1
DA:357,1
DA:360,1
DA:361,1
DA:362,1
DA:363,1
DA:364,1
DA:365,1
DA:367,1
DA:368,1
DA:371,1
DA:372,1
DA:373,1
DA:374,1
DA:375,1
DA:376,1
DA:377,1
DA:379,1
DA:380,1
DA:386,1
DA:387,1
DA:388,1
DA:389,1
DA:390,1
DA:391,1
DA:395,1
DA:396,1
DA:400,1
DA:401,1
DA:404,1
DA:407,1
DA:409,1
DA:410,1
DA:411,1
DA:412,1
DA:413,1
DA:415,1
DA:416,1
DA:419,1
DA:420,1
DA:423,1
DA:426,1
DA:427,1
DA:428,1
DA:429,1
DA:430,1
DA:431,1
DA:432,1
DA:435,1
DA:436,1
DA:437,1
DA:438,1
DA:439,1
DA:440,1
DA:442,1
DA:443,1
DA:450,1
DA:452,1
DA:453,1
DA:454,1
DA:455,1
DA:458,1
DA:459,1
DA:462,1
DA:464,1
DA:465,1
DA:467,1
DA:468,1
DA:469,1
DA:470,1
DA:472,1
DA:473,1
DA:474,1
DA:475,1
DA:478,1
DA:480,1
DA:481,1
DA:484,1
DA:486,1
DA:487,1
DA:488,1
DA:491,1
DA:492,1
DA:493,1
DA:498,1
DA:499,1
DA:502,1
DA:504,1
DA:505,1
DA:508,1
DA:509,1
DA:510,1
DA:511,1
DA:514,1
BRF:0
BRH:0
LF:294
LH:285
end_of_record
SF:/home/irahardianto/works/projects/pathfinder/crates/pathfinder-common/src/types.rs
FN:212,_RINvMs6_NtCs50WL3t6ukCc_17pathfinder_common5typesNtB6_13WorkspaceRoot3newRNtNtCsjrHSEGnQ3l9_3std4path4PathEB8_
FN:267,_RNCNvMs6_NtCs50WL3t6ukCc_17pathfinder_common5typesNtB7_13WorkspaceRoot14resolve_strict0B9_
FN:230,_RNCNvMs6_NtCs50WL3t6ukCc_17pathfinder_common5typesNtB7_13WorkspaceRoot7resolve0B9_
FN:171,_RNvMs4_NtCs50WL3t6ukCc_17pathfinder_common5typesNtB5_11VersionHash8from_raw
FN:283,_RNvMs6_NtCs50WL3t6ukCc_17pathfinder_common5typesNtB5_13WorkspaceRoot4path
FN:183,_RNvXs5_NtCs50WL3t6ukCc_17pathfinder_common5typesNtB5_11VersionHashNtNtCsgEmfK2I1SDS_4core3fmt7Display3fmt
FN:409,_RNvNtNtCs50WL3t6ukCc_17pathfinder_common5types5testss_24test_filter_mode_default
FN:391,_RNvNtNtCs50WL3t6ukCc_17pathfinder_common5types5testss_25test_version_hash_compute
FN:399,_RNvNtNtCs50WL3t6ukCc_17pathfinder_common5types5testss_26test_version_hash_equality
FN:349,_RNvNtNtCs50WL3t6ukCc_17pathfinder_common5types5testss_28test_semantic_path_bare_file
FN:373,_RNvNtNtCs50WL3t6ukCc_17pathfinder_common5types5testss_30test_semantic_path_empty_input
FN:337,_RNvNtNtCs50WL3t6ukCc_17pathfinder_common5types5testss_30test_semantic_path_with_symbol
FN:356,_RNvNtNtCs50WL3t6ukCc_17pathfinder_common5types5testss_32test_semantic_path_with_overload
FN:383,_RNvNtNtCs50WL3t6ukCc_17pathfinder_common5types5testss_33test_semantic_path_default_export
FN:378,_RNvNtNtCs50WL3t6ukCc_17pathfinder_common5types5testss_34test_semantic_path_empty_file_part
FN:366,_RNvNtNtCs50WL3t6ukCc_17pathfinder_common5types5testss_36test_semantic_path_display_roundtrip
FN:430,_RNvNtNtCs50WL3t6ukCc_17pathfinder_common5types5testss_37test_resolve_strict_rejects_traversal
FN:414,_RNvNtNtCs50WL3t6ukCc_17pathfinder_common5types5testss_39test_resolve_path_traversal_is_detected
FN:454,_RNvNtNtCs50WL3t6ukCc_17pathfinder_common5types5testss_41test_resolve_strict_accepts_relative_path
FN:442,_RNvNtNtCs50WL3t6ukCc_17pathfinder_common5types5testss_41test_resolve_strict_rejects_absolute_path
FN:63,_RNvMNtCs50WL3t6ukCc_17pathfinder_common5typesNtB2_12SemanticPath12is_bare_file
FN:39,_RNvMNtCs50WL3t6ukCc_17pathfinder_common5typesNtB2_12SemanticPath5parse
FN:90,_RNvMs0_NtCs50WL3t6ukCc_17pathfinder_common5typesNtB5_11SymbolChain5parse
FN:126,_RNvMs2_NtCs50WL3t6ukCc_17pathfinder_common5typesNtB5_6Symbol5parse
FN:177,_RNvMs4_NtCs50WL3t6ukCc_17pathfinder_common5typesNtB5_11VersionHash6as_str
FN:163,_RNvMs4_NtCs50WL3t6ukCc_17pathfinder_common5typesNtB5_11VersionHash7compute
FN:263,_RNvMs6_NtCs50WL3t6ukCc_17pathfinder_common5typesNtB5_13WorkspaceRoot14resolve_strict
FN:226,_RNvMs6_NtCs50WL3t6ukCc_17pathfinder_common5typesNtB5_13WorkspaceRoot7resolve
FN:106,_RNvXs1_NtCs50WL3t6ukCc_17pathfinder_common5typesNtB5_11SymbolChainNtNtCsgEmfK2I1SDS_4core3fmt7Display3fmt
FN:147,_RNvXs3_NtCs50WL3t6ukCc_17pathfinder_common5typesNtB5_6SymbolNtNtCsgEmfK2I1SDS_4core3fmt7Display3fmt
FN:69,_RNvXs_NtCs50WL3t6ukCc_17pathfinder_common5typesNtB4_12SemanticPathNtNtCsgEmfK2I1SDS_4core3fmt7Display3fmt
FN:212,_RINvMs6_NtCs8mARhsoZtMa_17pathfinder_common5typesNtB6_13WorkspaceRoot3newNtNtCsjrHSEGnQ3l9_3std4path7PathBufECsfaqPRDnPWmN_14pathfinder_lib
FN:212,_RINvMs6_NtCs8mARhsoZtMa_17pathfinder_common5typesNtB6_13WorkspaceRoot3newRNtNtCsjrHSEGnQ3l9_3std4path4PathECsfaqPRDnPWmN_14pathfinder_lib
FN:63,_RNvMNtCs8mARhsoZtMa_17pathfinder_common5typesNtB2_12SemanticPath12is_bare_file
FN:39,_RNvMNtCs8mARhsoZtMa_17pathfinder_common5typesNtB2_12SemanticPath5parse
FN:90,_RNvMs0_NtCs8mARhsoZtMa_17pathfinder_common5typesNtB5_11SymbolChain5parse
FN:126,_RNvMs2_NtCs8mARhsoZtMa_17pathfinder_common5typesNtB5_6Symbol5parse
FN:177,_RNvMs4_NtCs8mARhsoZtMa_17pathfinder_common5typesNtB5_11VersionHash6as_str
FN:163,_RNvMs4_NtCs8mARhsoZtMa_17pathfinder_common5typesNtB5_11VersionHash7compute
FN:171,_RNvMs4_NtCs8mARhsoZtMa_17pathfinder_common5typesNtB5_11VersionHash8from_raw
FN:263,_RNvMs6_NtCs8mARhsoZtMa_17pathfinder_common5typesNtB5_13WorkspaceRoot14resolve_strict
FN:283,_RNvMs6_NtCs8mARhsoZtMa_17pathfinder_common5typesNtB5_13WorkspaceRoot4path
FN:226,_RNvMs6_NtCs8mARhsoZtMa_17pathfinder_common5typesNtB5_13WorkspaceRoot7resolve
FN:106,_RNvXs1_NtCs8mARhsoZtMa_17pathfinder_common5typesNtB5_11SymbolChainNtNtCsgEmfK2I1SDS_4core3fmt7Display3fmt
FN:147,_RNvXs3_NtCs8mARhsoZtMa_17pathfinder_common5typesNtB5_6SymbolNtNtCsgEmfK2I1SDS_4core3fmt7Display3fmt
FN:183,_RNvXs5_NtCs8mARhsoZtMa_17pathfinder_common5typesNtB5_11VersionHashNtNtCsgEmfK2I1SDS_4core3fmt7Display3fmt
FN:69,_RNvXs_NtCs8mARhsoZtMa_17pathfinder_common5typesNtB4_12SemanticPathNtNtCsgEmfK2I1SDS_4core3fmt7Display3fmt
FN:267,_RNCNvMs6_NtCs8mARhsoZtMa_17pathfinder_common5typesNtB7_13WorkspaceRoot14resolve_strict0B9_
FN:230,_RNCNvMs6_NtCs8mARhsoZtMa_17pathfinder_common5typesNtB7_13WorkspaceRoot7resolve0B9_
FN:212,_RINvMs6_NtCs8mARhsoZtMa_17pathfinder_common5typesNtB6_13WorkspaceRoot3newRNtNtCsjrHSEGnQ3l9_3std4path7PathBufECslWWDK75FIRV_14pathfinder_mcp
FN:212,_RINvMs6_NtCs8mARhsoZtMa_17pathfinder_common5typesNtB6_13WorkspaceRoot3newNtNtCsjrHSEGnQ3l9_3std4path7PathBufECs3DVjWQIejsk_14pathfinder_mcp
FN:212,_RINvMs6_NtCs8mARhsoZtMa_17pathfinder_common5typesNtB6_13WorkspaceRoot3newRNtNtCsjrHSEGnQ3l9_3std4path4PathECs3DVjWQIejsk_14pathfinder_mcp
FN:212,_RINvMs6_NtCs8mARhsoZtMa_17pathfinder_common5typesNtB6_13WorkspaceRoot3newRNtNtCsjrHSEGnQ3l9_3std4path7PathBufECs3DVjWQIejsk_14pathfinder_mcp
FNDA:4,_RINvMs6_NtCs50WL3t6ukCc_17pathfinder_common5typesNtB6_13WorkspaceRoot3newRNtNtCsjrHSEGnQ3l9_3std4path4PathEB8_
FNDA:6,_RNCNvMs6_NtCs50WL3t6ukCc_17pathfinder_common5typesNtB7_13WorkspaceRoot14resolve_strict0B9_
FNDA:3,_RNCNvMs6_NtCs50WL3t6ukCc_17pathfinder_common5typesNtB7_13WorkspaceRoot7resolve0B9_
FNDA:0,_RNvMs4_NtCs50WL3t6ukCc_17pathfinder_common5typesNtB5_11VersionHash8from_raw
FNDA:0,_RNvMs6_NtCs50WL3t6ukCc_17pathfinder_common5typesNtB5_13WorkspaceRoot4path
FNDA:0,_RNvXs5_NtCs50WL3t6ukCc_17pathfinder_common5typesNtB5_11VersionHashNtNtCsgEmfK2I1SDS_4core3fmt7Display3fmt
FNDA:1,_RNvNtNtCs50WL3t6ukCc_17pathfinder_common5types5testss_24test_filter_mode_default
FNDA:1,_RNvNtNtCs50WL3t6ukCc_17pathfinder_common5types5testss_25test_version_hash_compute
FNDA:1,_RNvNtNtCs50WL3t6ukCc_17pathfinder_common5types5testss_26test_version_hash_equality
FNDA:1,_RNvNtNtCs50WL3t6ukCc_17pathfinder_common5types5testss_28test_semantic_path_bare_file
FNDA:1,_RNvNtNtCs50WL3t6ukCc_17pathfinder_common5types5testss_30test_semantic_path_empty_input
FNDA:1,_RNvNtNtCs50WL3t6ukCc_17pathfinder_common5types5testss_30test_semantic_path_with_symbol
FNDA:1,_RNvNtNtCs50WL3t6ukCc_17pathfinder_common5types5testss_32test_semantic_path_with_overload
FNDA:1,_RNvNtNtCs50WL3t6ukCc_17pathfinder_common5types5testss_33test_semantic_path_default_export
FNDA:1,_RNvNtNtCs50WL3t6ukCc_17pathfinder_common5types5testss_34test_semantic_path_empty_file_part
FNDA:1,_RNvNtNtCs50WL3t6ukCc_17pathfinder_common5types5testss_36test_semantic_path_display_roundtrip
FNDA:1,_RNvNtNtCs50WL3t6ukCc_17pathfinder_common5types5testss_37test_resolve_strict_rejects_traversal
FNDA:1,_RNvNtNtCs50WL3t6ukCc_17pathfinder_common5types5testss_39test_resolve_path_traversal_is_detected
FNDA:1,_RNvNtNtCs50WL3t6ukCc_17pathfinder_common5types5testss_41test_resolve_strict_accepts_relative_path
FNDA:1,_RNvNtNtCs50WL3t6ukCc_17pathfinder_common5types5testss_41test_resolve_strict_rejects_absolute_path
FNDA:2,_RNvMNtCs50WL3t6ukCc_17pathfinder_common5typesNtB2_12SemanticPath12is_bare_file
FNDA:7,_RNvMNtCs50WL3t6ukCc_17pathfinder_common5typesNtB2_12SemanticPath5parse
FNDA:4,_RNvMs0_NtCs50WL3t6ukCc_17pathfinder_common5typesNtB5_11SymbolChain5parse
FNDA:7,_RNvMs2_NtCs50WL3t6ukCc_17pathfinder_common5typesNtB5_6Symbol5parse
FNDA:2,_RNvMs4_NtCs50WL3t6ukCc_17pathfinder_common5typesNtB5_11VersionHash6as_str
FNDA:4,_RNvMs4_NtCs50WL3t6ukCc_17pathfinder_common5typesNtB5_11VersionHash7compute
FNDA:3,_RNvMs6_NtCs50WL3t6ukCc_17pathfinder_common5typesNtB5_13WorkspaceRoot14resolve_strict
FNDA:2,_RNvMs6_NtCs50WL3t6ukCc_17pathfinder_common5typesNtB5_13WorkspaceRoot7resolve
FNDA:1,_RNvXs1_NtCs50WL3t6ukCc_17pathfinder_common5typesNtB5_11SymbolChainNtNtCsgEmfK2I1SDS_4core3fmt7Display3fmt
FNDA:2,_RNvXs3_NtCs50WL3t6ukCc_17pathfinder_common5typesNtB5_6SymbolNtNtCsgEmfK2I1SDS_4core3fmt7Display3fmt
FNDA:1,_RNvXs_NtCs50WL3t6ukCc_17pathfinder_common5typesNtB4_12SemanticPathNtNtCsgEmfK2I1SDS_4core3fmt7Display3fmt
FNDA:9,_RINvMs6_NtCs8mARhsoZtMa_17pathfinder_common5typesNtB6_13WorkspaceRoot3newNtNtCsjrHSEGnQ3l9_3std4path7PathBufECsfaqPRDnPWmN_14pathfinder_lib
FNDA:90,_RINvMs6_NtCs8mARhsoZtMa_17pathfinder_common5typesNtB6_13WorkspaceRoot3newRNtNtCsjrHSEGnQ3l9_3std4path4PathECsfaqPRDnPWmN_14pathfinder_lib
FNDA:110,_RNvMNtCs8mARhsoZtMa_17pathfinder_common5typesNtB2_12SemanticPath12is_bare_file
FNDA:189,_RNvMNtCs8mARhsoZtMa_17pathfinder_common5typesNtB2_12SemanticPath5parse
FNDA:163,_RNvMs0_NtCs8mARhsoZtMa_17pathfinder_common5typesNtB5_11SymbolChain5parse
FNDA:175,_RNvMs2_NtCs8mARhsoZtMa_17pathfinder_common5typesNtB5_6Symbol5parse
FNDA:331,_RNvMs4_NtCs8mARhsoZtMa_17pathfinder_common5typesNtB5_11VersionHash6as_str
FNDA:447,_RNvMs4_NtCs8mARhsoZtMa_17pathfinder_common5typesNtB5_11VersionHash7compute
FNDA:0,_RNvMs4_NtCs8mARhsoZtMa_17pathfinder_common5typesNtB5_11VersionHash8from_raw
FNDA:0,_RNvMs6_NtCs8mARhsoZtMa_17pathfinder_common5typesNtB5_13WorkspaceRoot14resolve_strict
FNDA:592,_RNvMs6_NtCs8mARhsoZtMa_17pathfinder_common5typesNtB5_13WorkspaceRoot4path
FNDA:148,_RNvMs6_NtCs8mARhsoZtMa_17pathfinder_common5typesNtB5_13WorkspaceRoot7resolve
FNDA:14,_RNvXs1_NtCs8mARhsoZtMa_17pathfinder_common5typesNtB5_11SymbolChainNtNtCsgEmfK2I1SDS_4core3fmt7Display3fmt
FNDA:15,_RNvXs3_NtCs8mARhsoZtMa_17pathfinder_common5typesNtB5_6SymbolNtNtCsgEmfK2I1SDS_4core3fmt7Display3fmt
FNDA:13,_RNvXs5_NtCs8mARhsoZtMa_17pathfinder_common5typesNtB5_11VersionHashNtNtCsgEmfK2I1SDS_4core3fmt7Display3fmt
FNDA:12,_RNvXs_NtCs8mARhsoZtMa_17pathfinder_common5typesNtB4_12SemanticPathNtNtCsgEmfK2I1SDS_4core3fmt7Display3fmt
FNDA:0,_RNCNvMs6_NtCs8mARhsoZtMa_17pathfinder_common5typesNtB7_13WorkspaceRoot14resolve_strict0B9_
FNDA:244,_RNCNvMs6_NtCs8mARhsoZtMa_17pathfinder_common5typesNtB7_13WorkspaceRoot7resolve0B9_
FNDA:0,_RINvMs6_NtCs8mARhsoZtMa_17pathfinder_common5typesNtB6_13WorkspaceRoot3newRNtNtCsjrHSEGnQ3l9_3std4path7PathBufECslWWDK75FIRV_14pathfinder_mcp
FNDA:9,_RINvMs6_NtCs8mARhsoZtMa_17pathfinder_common5typesNtB6_13WorkspaceRoot3newNtNtCsjrHSEGnQ3l9_3std4path7PathBufECs3DVjWQIejsk_14pathfinder_mcp
FNDA:90,_RINvMs6_NtCs8mARhsoZtMa_17pathfinder_common5typesNtB6_13WorkspaceRoot3newRNtNtCsjrHSEGnQ3l9_3std4path4PathECs3DVjWQIejsk_14pathfinder_mcp
FNDA:1,_RINvMs6_NtCs8mARhsoZtMa_17pathfinder_common5typesNtB6_13WorkspaceRoot3newRNtNtCsjrHSEGnQ3l9_3std4path7PathBufECs3DVjWQIejsk_14pathfinder_mcp
FNF:31
FNH:30
DA:39,196
DA:40,196
DA:41,3
DA:42,193
DA:44,193
DA:45,159
DA:46,1
DA:47,158
DA:48,158
DA:49,158
DA:50,158
DA:51,158
DA:52,158
DA:54,34
DA:55,34
DA:56,34
DA:57,34
DA:59,196
DA:63,112
DA:64,112
DA:65,112
DA:69,13
DA:70,13
DA:71,13
DA:72,13
DA:73,0
DA:74,13
DA:75,13
DA:90,167
DA:91,167
DA:92,0
DA:93,167
DA:95,167
DA:97,167
DA:98,0
DA:99,167
DA:101,167
DA:102,167
DA:106,15
DA:107,15
DA:108,15
DA:109,15
DA:126,182
DA:127,182
DA:128,0
DA:129,182
DA:131,182
DA:132,4
DA:133,4
DA:134,4
DA:135,4
DA:136,4
DA:138,178
DA:139,178
DA:140,178
DA:141,178
DA:143,182
DA:147,17
DA:148,17
DA:149,17
DA:150,1
DA:151,16
DA:152,17
DA:153,17
DA:163,451
DA:165,451
DA:166,451
DA:167,451
DA:171,0
DA:172,0
DA:173,0
DA:177,333
DA:178,333
DA:179,333
DA:183,13
DA:184,13
DA:185,13
DA:212,203
DA:213,203
DA:214,203
DA:215,202
DA:216,203
DA:226,150
DA:227,150
DA:228,150
DA:229,150
DA:230,247
DA:233,150
DA:234,1
DA:235,0
DA:236,0
DA:239,149
DA:241,150
DA:242,250
DA:243,250
DA:244,250
DA:247,0
DA:248,250
DA:249,250
DA:252,150
DA:253,150
DA:263,3
DA:264,3
DA:265,3
DA:266,3
DA:267,6
DA:269,3
DA:270,2
DA:271,2
DA:272,2
DA:273,2
DA:274,1
DA:278,1
DA:279,3
DA:283,592
DA:284,592
DA:285,592
DA:337,1
DA:338,1
DA:339,1
DA:340,1
DA:342,1
DA:343,1
DA:344,1
DA:345,1
DA:346,1
DA:349,1
DA:350,1
DA:351,1
DA:352,1
DA:353,1
DA:356,1
DA:357,1
DA:358,1
DA:359,1
DA:360,1
DA:361,1
DA:362,1
DA:363,1
DA:366,1
DA:367,1
DA:368,1
DA:369,1
DA:370,1
DA:373,1
DA:374,1
DA:375,1
DA:378,1
DA:379,1
DA:380,1
DA:383,1
DA:384,1
DA:385,1
DA:386,1
DA:387,1
DA:388,1
DA:391,1
DA:392,1
DA:393,1
DA:395,1
DA:396,1
DA:399,1
DA:400,1
DA:401,1
DA:402,1
DA:404,1
DA:405,1
DA:406,1
DA:409,1
DA:410,1
DA:411,1
DA:414,1
DA:418,1
DA:419,1
DA:421,1
DA:423,1
DA:426,1
DA:427,1
DA:430,1
DA:431,1
DA:432,1
DA:434,1
DA:435,1
DA:437,1
DA:438,1
DA:439,1
DA:442,1
DA:443,1
DA:444,1
DA:446,1
DA:447,1
DA:449,1
DA:450,1
DA:451,1
DA:454,1
DA:455,1
DA:456,1
DA:458,1
DA:459,1
DA:461,1
DA:462,1
DA:463,1
DA:464,1
BRF:0
BRH:0
LF:205
LH:195
end_of_record
SF:/home/irahardianto/works/projects/pathfinder/crates/pathfinder-lsp/src/client/capabilities.rs
FN:46,_RNvMNtNtCs6605vXG0Juh_14pathfinder_lsp6client12capabilitiesNtB2_20DetectedCapabilities18from_response_json
FN:53,_RNCNCNvMNtNtCs6605vXG0Juh_14pathfinder_lsp6client12capabilitiesNtB6_20DetectedCapabilities18from_response_json00Ba_
FN:52,_RNCNvMNtNtCs6605vXG0Juh_14pathfinder_lsp6client12capabilitiesNtB4_20DetectedCapabilities18from_response_json0B8_
FN:62,_RNCNvMNtNtCs6605vXG0Juh_14pathfinder_lsp6client12capabilitiesNtB4_20DetectedCapabilities18from_response_jsons0_0B8_
FN:61,_RNCNvMNtNtCs6605vXG0Juh_14pathfinder_lsp6client12capabilitiesNtB4_20DetectedCapabilities18from_response_jsons_0B8_
FN:46,_RNvMNtNtCsdQTYmQd0hGC_14pathfinder_lsp6client12capabilitiesNtB2_20DetectedCapabilities18from_response_json
FN:83,_RNvNtNtNtCsdQTYmQd0hGC_14pathfinder_lsp6client12capabilities5testss_23test_empty_capabilities
FN:94,_RNvNtNtNtCsdQTYmQd0hGC_14pathfinder_lsp6client12capabilities5testss_27test_bool_true_capabilities
FN:134,_RNvNtNtNtCsdQTYmQd0hGC_14pathfinder_lsp6client12capabilities5testss_28test_bool_false_capabilities
FN:112,_RNvNtNtNtCsdQTYmQd0hGC_14pathfinder_lsp6client12capabilities5testss_29test_object_form_capabilities
FN:53,_RNCNCNvMNtNtCsdQTYmQd0hGC_14pathfinder_lsp6client12capabilitiesNtB6_20DetectedCapabilities18from_response_json00Ba_
FN:52,_RNCNvMNtNtCsdQTYmQd0hGC_14pathfinder_lsp6client12capabilitiesNtB4_20DetectedCapabilities18from_response_json0B8_
FN:62,_RNCNvMNtNtCsdQTYmQd0hGC_14pathfinder_lsp6client12capabilitiesNtB4_20DetectedCapabilities18from_response_jsons0_0B8_
FN:61,_RNCNvMNtNtCsdQTYmQd0hGC_14pathfinder_lsp6client12capabilitiesNtB4_20DetectedCapabilities18from_response_jsons_0B8_
FNDA:0,_RNvMNtNtCs6605vXG0Juh_14pathfinder_lsp6client12capabilitiesNtB2_20DetectedCapabilities18from_response_json
FNDA:0,_RNCNCNvMNtNtCs6605vXG0Juh_14pathfinder_lsp6client12capabilitiesNtB6_20DetectedCapabilities18from_response_json00Ba_
FNDA:0,_RNCNvMNtNtCs6605vXG0Juh_14pathfinder_lsp6client12capabilitiesNtB4_20DetectedCapabilities18from_response_json0B8_
FNDA:0,_RNCNvMNtNtCs6605vXG0Juh_14pathfinder_lsp6client12capabilitiesNtB4_20DetectedCapabilities18from_response_jsons0_0B8_
FNDA:0,_RNCNvMNtNtCs6605vXG0Juh_14pathfinder_lsp6client12capabilitiesNtB4_20DetectedCapabilities18from_response_jsons_0B8_
FNDA:4,_RNvMNtNtCsdQTYmQd0hGC_14pathfinder_lsp6client12capabilitiesNtB2_20DetectedCapabilities18from_response_json
FNDA:1,_RNvNtNtNtCsdQTYmQd0hGC_14pathfinder_lsp6client12capabilities5testss_23test_empty_capabilities
FNDA:1,_RNvNtNtNtCsdQTYmQd0hGC_14pathfinder_lsp6client12capabilities5testss_27test_bool_true_capabilities
FNDA:1,_RNvNtNtNtCsdQTYmQd0hGC_14pathfinder_lsp6client12capabilities5testss_28test_bool_false_capabilities
FNDA:1,_RNvNtNtNtCsdQTYmQd0hGC_14pathfinder_lsp6client12capabilities5testss_29test_object_form_capabilities
FNDA:10,_RNCNCNvMNtNtCsdQTYmQd0hGC_14pathfinder_lsp6client12capabilitiesNtB6_20DetectedCapabilities18from_response_json00Ba_
[...]
FNDA:5,_RNvNtNtNtNtCsfaqPRDnPWmN_14pathfinder_lib6server5tools11source_file5tests11make_symbol
FNDA:1,_RNvNtNtNtNtCsfaqPRDnPWmN_14pathfinder_lib6server5tools11source_file5testss_19test_filter_symbols
FNDA:1,_RNvNtNtNtNtCsfaqPRDnPWmN_14pathfinder_lib6server5tools11source_file5testss_21test_truncate_content
FNDA:1,_RNvNtNtNtNtCsfaqPRDnPWmN_14pathfinder_lib6server5tools11source_file5testss_22test_map_symbols_modes
FNDA:1,_RNvNtNtNtNtCsfaqPRDnPWmN_14pathfinder_lib6server5tools11source_file5testss_30test_render_symbol_tree_nested
FNDA:1,_RNvNtNtNtNtCsfaqPRDnPWmN_14pathfinder_lib6server5tools11source_file5testss_33test_truncate_content_single_line
FNDA:1,_RNvNtNtNtNtCsfaqPRDnPWmN_14pathfinder_lib6server5tools11source_file5testss_35test_truncate_content_no_truncation
FNDA:1,_RNvNtNtNtNtCsfaqPRDnPWmN_14pathfinder_lib6server5tools11source_file5testss_37test_render_symbol_tree_single_symbol
FNDA:1,_RNvNtNtNtNtCsfaqPRDnPWmN_14pathfinder_lib6server5tools11source_file5testss_49test_read_source_file_rejects_sandbox_denied_path
FNDA:1,_RNCNCNvNtNtNtNtCsfaqPRDnPWmN_14pathfinder_lib6server5tools11source_file5testss_49test_read_source_file_rejects_sandbox_denied_path00Bd_
FNDA:1,_RNCNCNvNtNtNtNtCsfaqPRDnPWmN_14pathfinder_lib6server5tools11source_file5testss_49test_read_source_file_rejects_sandbox_denied_path0s_0Bd_
FNDA:1,_RNCNvNtNtNtNtCsfaqPRDnPWmN_14pathfinder_lib6server5tools11source_file5testss_49test_read_source_file_rejects_sandbox_denied_path0Bb_
FNDA:3,_RNvNtNtNtCsfaqPRDnPWmN_14pathfinder_lib6server5tools11source_file11map_symbols
FNDA:6,_RNvNtNtNtCsfaqPRDnPWmN_14pathfinder_lib6server5tools11source_file14filter_symbols
FNDA:2,_RNvNtNtNtCsfaqPRDnPWmN_14pathfinder_lib6server5tools11source_file16render_recursive
FNDA:5,_RNvNtNtNtCsfaqPRDnPWmN_14pathfinder_lib6server5tools11source_file16truncate_content
FNDA:2,_RNvNtNtNtCsfaqPRDnPWmN_14pathfinder_lib6server5tools11source_file18render_symbol_tree
FNDA:1,_RNvNtNtNtCsfaqPRDnPWmN_14pathfinder_lib6server5tools11source_file19map_symbols_compact
FNDA:1,_RNvMNtNtNtCsfaqPRDnPWmN_14pathfinder_lib6server5tools11source_fileNtB6_16PathfinderServer21read_source_file_impl
FNDA:0,_RNvMNtNtNtCslWWDK75FIRV_14pathfinder_mcp6server5tools11source_fileNtB6_16PathfinderServer21read_source_file_impl
FNDA:0,_RNCNCNCNvMNtNtNtCslWWDK75FIRV_14pathfinder_mcp6server5tools11source_fileNtBc_16PathfinderServer21read_source_file_impl000Be_
FNDA:0,_RNCNvMNtNtNtCslWWDK75FIRV_14pathfinder_mcp6server5tools11source_fileNtB8_16PathfinderServer21read_source_file_impl0Ba_
FNDA:0,_RNCNvNtNtNtCslWWDK75FIRV_14pathfinder_mcp6server5tools11source_file11map_symbols0B9_
FNDA:0,_RNCNvNtNtNtCslWWDK75FIRV_14pathfinder_mcp6server5tools11source_file14filter_symbols0B9_
FNDA:0,_RNCNvNtNtNtCslWWDK75FIRV_14pathfinder_mcp6server5tools11source_file16truncate_content0B9_
FNDA:0,_RNCNvNtNtNtCslWWDK75FIRV_14pathfinder_mcp6server5tools11source_file19map_symbols_compact0B9_
FNDA:0,_RNvNtNtNtCslWWDK75FIRV_14pathfinder_mcp6server5tools11source_file11map_symbols
FNDA:0,_RNvNtNtNtCslWWDK75FIRV_14pathfinder_mcp6server5tools11source_file14filter_symbols
FNDA:0,_RNvNtNtNtCslWWDK75FIRV_14pathfinder_mcp6server5tools11source_file16render_recursive
FNDA:0,_RNvNtNtNtCslWWDK75FIRV_14pathfinder_mcp6server5tools11source_file16truncate_content
FNDA:0,_RNvNtNtNtCslWWDK75FIRV_14pathfinder_mcp6server5tools11source_file18render_symbol_tree
FNDA:0,_RNvNtNtNtCslWWDK75FIRV_14pathfinder_mcp6server5tools11source_file19map_symbols_compact
FNDA:1,_RNCNCNvNtNtNtNtCs3DVjWQIejsk_14pathfinder_mcp6server5tools11source_file5testss_49test_read_source_file_rejects_sandbox_denied_path00Bd_
FNDA:1,_RNCNCNvNtNtNtNtCs3DVjWQIejsk_14pathfinder_mcp6server5tools11source_file5testss_49test_read_source_file_rejects_sandbox_denied_path0s_0Bd_
FNDA:1,_RNCNvNtNtNtNtCs3DVjWQIejsk_14pathfinder_mcp6server5tools11source_file5testss_49test_read_source_file_rejects_sandbox_denied_path0Bb_
FNDA:3,_RNvNtNtNtCs3DVjWQIejsk_14pathfinder_mcp6server5tools11source_file11map_symbols
FNDA:6,_RNvNtNtNtCs3DVjWQIejsk_14pathfinder_mcp6server5tools11source_file14filter_symbols
FNDA:2,_RNvNtNtNtCs3DVjWQIejsk_14pathfinder_mcp6server5tools11source_file16render_recursive
FNDA:5,_RNvNtNtNtCs3DVjWQIejsk_14pathfinder_mcp6server5tools11source_file16truncate_content
FNDA:2,_RNvNtNtNtCs3DVjWQIejsk_14pathfinder_mcp6server5tools11source_file18render_symbol_tree
FNDA:1,_RNvNtNtNtCs3DVjWQIejsk_14pathfinder_mcp6server5tools11source_file19map_symbols_compact
FNDA:1,_RNvMNtNtNtCs3DVjWQIejsk_14pathfinder_mcp6server5tools11source_fileNtB6_16PathfinderServer21read_source_file_impl
FNDA:0,_RNCNCNCNvMNtNtNtCs3DVjWQIejsk_14pathfinder_mcp6server5tools11source_fileNtBc_16PathfinderServer21read_source_file_impl000Be_
FNDA:1,_RNCNvMNtNtNtCs3DVjWQIejsk_14pathfinder_mcp6server5tools11source_fileNtB8_16PathfinderServer21read_source_file_impl0Ba_
FNDA:2,_RNCNvNtNtNtCs3DVjWQIejsk_14pathfinder_mcp6server5tools11source_file11map_symbols0B9_
FNDA:6,_RNCNvNtNtNtCs3DVjWQIejsk_14pathfinder_mcp6server5tools11source_file14filter_symbols0B9_
FNDA:3,_RNCNvNtNtNtCs3DVjWQIejsk_14pathfinder_mcp6server5tools11source_file16truncate_content0B9_
FNDA:1,_RNCNvNtNtNtCs3DVjWQIejsk_14pathfinder_mcp6server5tools11source_file19map_symbols_compact0B9_
FNDA:5,_RNvNtNtNtNtCs3DVjWQIejsk_14pathfinder_mcp6server5tools11source_file5tests11make_symbol
FNDA:1,_RNvNtNtNtNtCs3DVjWQIejsk_14pathfinder_mcp6server5tools11source_file5testss_19test_filter_symbols
FNDA:1,_RNvNtNtNtNtCs3DVjWQIejsk_14pathfinder_mcp6server5tools11source_file5testss_21test_truncate_content
FNDA:1,_RNvNtNtNtNtCs3DVjWQIejsk_14pathfinder_mcp6server5tools11source_file5testss_22test_map_symbols_modes
FNDA:1,_RNvNtNtNtNtCs3DVjWQIejsk_14pathfinder_mcp6server5tools11source_file5testss_30test_render_symbol_tree_nested
FNDA:1,_RNvNtNtNtNtCs3DVjWQIejsk_14pathfinder_mcp6server5tools11source_file5testss_33test_truncate_content_single_line
FNDA:1,_RNvNtNtNtNtCs3DVjWQIejsk_14pathfinder_mcp6server5tools11source_file5testss_35test_truncate_content_no_truncation
FNDA:1,_RNvNtNtNtNtCs3DVjWQIejsk_14pathfinder_mcp6server5tools11source_file5testss_37test_render_symbol_tree_single_symbol
FNDA:1,_RNvNtNtNtNtCs3DVjWQIejsk_14pathfinder_mcp6server5tools11source_file5testss_49test_read_source_file_rejects_sandbox_denied_path
FNDA:0,_RNCNCNCNvMNtNtNtCscFfi1kV69Ww_14pathfinder_lib6server5tools11source_fileNtBc_16PathfinderServer21read_source_file_impl000Be_
FNDA:0,_RNCNvMNtNtNtCscFfi1kV69Ww_14pathfinder_lib6server5tools11source_fileNtB8_16PathfinderServer21read_source_file_impl0Ba_
FNDA:0,_RNCNvNtNtNtCscFfi1kV69Ww_14pathfinder_lib6server5tools11source_file11map_symbols0B9_
FNDA:0,_RNCNvNtNtNtCscFfi1kV69Ww_14pathfinder_lib6server5tools11source_file14filter_symbols0B9_
FNDA:0,_RNCNvNtNtNtCscFfi1kV69Ww_14pathfinder_lib6server5tools11source_file16truncate_content0B9_
FNDA:0,_RNCNvNtNtNtCscFfi1kV69Ww_14pathfinder_lib6server5tools11source_file19map_symbols_compact0B9_
FNDA:0,_RNvNtNtNtCscFfi1kV69Ww_14pathfinder_lib6server5tools11source_file11map_symbols
FNDA:0,_RNvNtNtNtCscFfi1kV69Ww_14pathfinder_lib6server5tools11source_file14filter_symbols
FNDA:0,_RNvNtNtNtCscFfi1kV69Ww_14pathfinder_lib6server5tools11source_file16render_recursive
FNDA:0,_RNvNtNtNtCscFfi1kV69Ww_14pathfinder_lib6server5tools11source_file16truncate_content
FNDA:0,_RNvNtNtNtCscFfi1kV69Ww_14pathfinder_lib6server5tools11source_file18render_symbol_tree
FNDA:0,_RNvNtNtNtCscFfi1kV69Ww_14pathfinder_lib6server5tools11source_file19map_symbols_compact
FNDA:0,_RNvMNtNtNtCscFfi1kV69Ww_14pathfinder_lib6server5tools11source_fileNtB6_16PathfinderServer21read_source_file_impl
FNF:25
FNH:24
DA:9,6
DA:10,6
DA:11,6
DA:12,4
DA:13,4
DA:14,4
DA:15,4
DA:16,4
DA:17,4
DA:18,4
DA:19,6
DA:20,6
DA:33,4
DA:34,4
DA:35,4
DA:38,4
DA:39,4
DA:40,4
DA:41,4
DA:43,4
DA:49,4
DA:52,4
DA:53,4
DA:56,4
DA:57,4
DA:58,4
DA:59,4
DA:60,2
DA:62,2
DA:64,4
DA:66,4
DA:71,4
DA:72,0
DA:73,4
DA:75,4
DA:77,2
DA:78,2
DA:79,2
DA:80,2
DA:81,2
DA:82,2
DA:83,2
DA:84,2
DA:85,2
DA:86,2
DA:87,2
DA:88,2
DA:89,2
DA:90,2
DA:92,12
DA:93,12
DA:94,12
DA:95,12
DA:96,12
DA:97,12
DA:98,12
DA:99,12
DA:100,8
DA:101,8
DA:103,4
DA:105,12
DA:106,12
DA:107,12
DA:109,10
DA:110,10
DA:111,10
DA:112,8
DA:113,8
DA:114,8
DA:115,8
DA:117,8
DA:118,6
DA:120,2
DA:123,2
DA:125,10
DA:133,2
DA:134,2
DA:135,2
DA:136,2
DA:166,0
DA:221,2
DA:230,10
DA:231,10
DA:232,10
DA:233,10
DA:234,10
DA:235,10
DA:236,10
DA:237,10
DA:238,10
DA:239,10
DA:240,10
DA:241,10
DA:242,10
DA:243,10
DA:244,10
DA:245,10
DA:248,2
DA:249,2
DA:251,2
DA:252,2
DA:254,2
DA:255,2
DA:257,2
DA:258,2
DA:259,2
DA:262,2
DA:263,2
DA:264,2
DA:265,2
DA:266,2
DA:270,2
DA:271,2
DA:274,2
DA:275,2
DA:276,2
DA:277,2
DA:280,2
DA:281,2
DA:282,2
DA:285,2
DA:288,2
DA:289,2
DA:290,2
DA:291,2
DA:295,2
DA:296,2
DA:297,2
DA:298,2
DA:301,2
DA:302,2
DA:303,2
DA:304,2
DA:305,2
DA:306,2
DA:307,2
DA:308,2
DA:309,2
DA:310,2
DA:311,2
DA:312,2
DA:313,2
DA:314,2
DA:317,2
DA:318,2
DA:319,2
DA:320,2
DA:321,2
DA:322,2
DA:323,2
DA:324,2
DA:325,2
DA:326,2
DA:327,2
DA:328,2
DA:329,2
DA:330,2
DA:331,2
DA:332,2
DA:333,2
DA:334,2
DA:335,2
DA:336,2
DA:337,2
DA:338,2
DA:339,2
DA:340,2
DA:341,2
DA:342,2
DA:343,2
DA:344,2
DA:345,2
DA:346,2
DA:347,2
DA:350,2
DA:351,2
DA:352,2
DA:353,2
DA:354,2
DA:357,2
DA:358,2
DA:359,2
DA:360,2
DA:361,2
DA:366,2
DA:375,2
DA:376,2
DA:377,2
DA:378,2
DA:380,2
DA:381,2
DA:382,2
DA:383,2
DA:384,2
DA:385,2
DA:386,2
DA:389,2
DA:390,2
DA:391,2
DA:392,2
DA:393,2
DA:394,2
DA:395,2
DA:396,2
DA:397,2
DA:398,2
DA:399,2
DA:400,2
DA:401,2
DA:402,2
DA:403,2
DA:404,2
DA:405,2
BRF:0
BRH:0
LF:220
LH:218
end_of_record
SF:/home/irahardianto/works/projects/pathfinder/crates/pathfinder/src/server/tools/symbols.rs
FN:19,_RNCNvMNtNtNtCsfaqPRDnPWmN_14pathfinder_lib6server5tools7symbolsNtB8_16PathfinderServer22read_symbol_scope_impl0Ba_
FN:16,_RNvMNtNtNtCsfaqPRDnPWmN_14pathfinder_lib6server5tools7symbolsNtB6_16PathfinderServer22read_symbol_scope_impl
FN:16,_RNvMNtNtNtCslWWDK75FIRV_14pathfinder_mcp6server5tools7symbolsNtB6_16PathfinderServer22read_symbol_scope_impl
FN:19,_RNCNvMNtNtNtCslWWDK75FIRV_14pathfinder_mcp6server5tools7symbolsNtB8_16PathfinderServer22read_symbol_scope_impl0Ba_
FN:19,_RNCNvMNtNtNtCs3DVjWQIejsk_14pathfinder_mcp6server5tools7symbolsNtB8_16PathfinderServer22read_symbol_scope_impl0Ba_
FN:16,_RNvMNtNtNtCs3DVjWQIejsk_14pathfinder_mcp6server5tools7symbolsNtB6_16PathfinderServer22read_symbol_scope_impl
FN:19,_RNCNvMNtNtNtCscFfi1kV69Ww_14pathfinder_lib6server5tools7symbolsNtB8_16PathfinderServer22read_symbol_scope_impl0Ba_
FN:16,_RNvMNtNtNtCscFfi1kV69Ww_14pathfinder_lib6server5tools7symbolsNtB6_16PathfinderServer22read_symbol_scope_impl
FNDA:2,_RNCNvMNtNtNtCsfaqPRDnPWmN_14pathfinder_lib6server5tools7symbolsNtB8_16PathfinderServer22read_symbol_scope_impl0Ba_
FNDA:2,_RNvMNtNtNtCsfaqPRDnPWmN_14pathfinder_lib6server5tools7symbolsNtB6_16PathfinderServer22read_symbol_scope_impl
FNDA:0,_RNvMNtNtNtCslWWDK75FIRV_14pathfinder_mcp6server5tools7symbolsNtB6_16PathfinderServer22read_symbol_scope_impl
FNDA:0,_RNCNvMNtNtNtCslWWDK75FIRV_14pathfinder_mcp6server5tools7symbolsNtB8_16PathfinderServer22read_symbol_scope_impl0Ba_
FNDA:2,_RNCNvMNtNtNtCs3DVjWQIejsk_14pathfinder_mcp6server5tools7symbolsNtB8_16PathfinderServer22read_symbol_scope_impl0Ba_
FNDA:2,_RNvMNtNtNtCs3DVjWQIejsk_14pathfinder_mcp6server5tools7symbolsNtB6_16PathfinderServer22read_symbol_scope_impl
FNDA:0,_RNCNvMNtNtNtCscFfi1kV69Ww_14pathfinder_lib6server5tools7symbolsNtB8_16PathfinderServer22read_symbol_scope_impl0Ba_
FNDA:0,_RNvMNtNtNtCscFfi1kV69Ww_14pathfinder_lib6server5tools7symbolsNtB6_16PathfinderServer22read_symbol_scope_impl
FNF:2
FNH:2
DA:16,4
DA:17,4
DA:18,4
DA:19,4
DA:82,4
BRF:0
BRH:0
LF:6
LH:6
end_of_record
SF:/home/irahardianto/works/projects/pathfinder/crates/pathfinder/src/server/types.rs
FN:590,_RNvMNtNtCsfaqPRDnPWmN_14pathfinder_lib6server5typesNtB2_14EditValidation7skipped
FN:781,_RNvNtNtCsfaqPRDnPWmN_14pathfinder_lib6server5types13default_depth
FN:784,_RNvNtNtCsfaqPRDnPWmN_14pathfinder_lib6server5types17default_max_depth
FN:790,_RNvNtNtCsfaqPRDnPWmN_14pathfinder_lib6server5types17default_max_lines
FN:763,_RNvNtNtCsfaqPRDnPWmN_14pathfinder_lib6server5types17default_path_glob
FN:775,_RNvNtNtCsfaqPRDnPWmN_14pathfinder_lib6server5types18default_max_tokens
FN:787,_RNvNtNtCsfaqPRDnPWmN_14pathfinder_lib6server5types18default_start_line
FN:766,_RNvNtNtCsfaqPRDnPWmN_14pathfinder_lib6server5types19default_max_results
FN:793,_RNvNtNtCsfaqPRDnPWmN_14pathfinder_lib6server5types20default_detail_level
FN:769,_RNvNtNtCsfaqPRDnPWmN_14pathfinder_lib6server5types21default_context_lines
FN:772,_RNvNtNtCsfaqPRDnPWmN_14pathfinder_lib6server5types21default_repo_map_path
FN:778,_RNvNtNtCsfaqPRDnPWmN_14pathfinder_lib6server5types27default_max_tokens_per_file
FN:590,_RNvMNtNtCslWWDK75FIRV_14pathfinder_mcp6server5typesNtB2_14EditValidation7skipped
FN:781,_RNvNtNtCslWWDK75FIRV_14pathfinder_mcp6server5types13default_depth
FN:784,_RNvNtNtCslWWDK75FIRV_14pathfinder_mcp6server5types17default_max_depth
FN:790,_RNvNtNtCslWWDK75FIRV_14pathfinder_mcp6server5types17default_max_lines
FN:763,_RNvNtNtCslWWDK75FIRV_14pathfinder_mcp6server5types17default_path_glob
FN:775,_RNvNtNtCslWWDK75FIRV_14pathfinder_mcp6server5types18default_max_tokens
FN:787,_RNvNtNtCslWWDK75FIRV_14pathfinder_mcp6server5types18default_start_line
FN:766,_RNvNtNtCslWWDK75FIRV_14pathfinder_mcp6server5types19default_max_results
FN:793,_RNvNtNtCslWWDK75FIRV_14pathfinder_mcp6server5types20default_detail_level
FN:769,_RNvNtNtCslWWDK75FIRV_14pathfinder_mcp6server5types21default_context_lines
FN:772,_RNvNtNtCslWWDK75FIRV_14pathfinder_mcp6server5types21default_repo_map_path
FN:778,_RNvNtNtCslWWDK75FIRV_14pathfinder_mcp6server5types27default_max_tokens_per_file
FN:590,_RNvMNtNtCs3DVjWQIejsk_14pathfinder_mcp6server5typesNtB2_14EditValidation7skipped
FN:781,_RNvNtNtCs3DVjWQIejsk_14pathfinder_mcp6server5types13default_depth
FN:784,_RNvNtNtCs3DVjWQIejsk_14pathfinder_mcp6server5types17default_max_depth
FN:790,_RNvNtNtCs3DVjWQIejsk_14pathfinder_mcp6server5types17default_max_lines
FN:763,_RNvNtNtCs3DVjWQIejsk_14pathfinder_mcp6server5types17default_path_glob
FN:775,_RNvNtNtCs3DVjWQIejsk_14pathfinder_mcp6server5types18default_max_tokens
FN:787,_RNvNtNtCs3DVjWQIejsk_14pathfinder_mcp6server5types18default_start_line
FN:766,_RNvNtNtCs3DVjWQIejsk_14pathfinder_mcp6server5types19default_max_results
FN:793,_RNvNtNtCs3DVjWQIejsk_14pathfinder_mcp6server5types20default_detail_level
FN:769,_RNvNtNtCs3DVjWQIejsk_14pathfinder_mcp6server5types21default_context_lines
FN:772,_RNvNtNtCs3DVjWQIejsk_14pathfinder_mcp6server5types21default_repo_map_path
FN:778,_RNvNtNtCs3DVjWQIejsk_14pathfinder_mcp6server5types27default_max_tokens_per_file
FN:590,_RNvMNtNtCscFfi1kV69Ww_14pathfinder_lib6server5typesNtB2_14EditValidation7skipped
FN:781,_RNvNtNtCscFfi1kV69Ww_14pathfinder_lib6server5types13default_depth
FN:784,_RNvNtNtCscFfi1kV69Ww_14pathfinder_lib6server5types17default_max_depth
FN:790,_RNvNtNtCscFfi1kV69Ww_14pathfinder_lib6server5types17default_max_lines
FN:763,_RNvNtNtCscFfi1kV69Ww_14pathfinder_lib6server5types17default_path_glob
FN:775,_RNvNtNtCscFfi1kV69Ww_14pathfinder_lib6server5types18default_max_tokens
FN:787,_RNvNtNtCscFfi1kV69Ww_14pathfinder_lib6server5types18default_start_line
FN:766,_RNvNtNtCscFfi1kV69Ww_14pathfinder_lib6server5types19default_max_results
FN:793,_RNvNtNtCscFfi1kV69Ww_14pathfinder_lib6server5types20default_detail_level
FN:769,_RNvNtNtCscFfi1kV69Ww_14pathfinder_lib6server5types21default_context_lines
FN:772,_RNvNtNtCscFfi1kV69Ww_14pathfinder_lib6server5types21default_repo_map_path
FN:778,_RNvNtNtCscFfi1kV69Ww_14pathfinder_lib6server5types27default_max_tokens_per_file
FNDA:29,_RNvMNtNtCsfaqPRDnPWmN_14pathfinder_lib6server5typesNtB2_14EditValidation7skipped
FNDA:98,_RNvNtNtCsfaqPRDnPWmN_14pathfinder_lib6server5types13default_depth
FNDA:98,_RNvNtNtCsfaqPRDnPWmN_14pathfinder_lib6server5types17default_max_depth
FNDA:98,_RNvNtNtCsfaqPRDnPWmN_14pathfinder_lib6server5types17default_max_lines
FNDA:98,_RNvNtNtCsfaqPRDnPWmN_14pathfinder_lib6server5types17default_path_glob
FNDA:98,_RNvNtNtCsfaqPRDnPWmN_14pathfinder_lib6server5types18default_max_tokens
FNDA:196,_RNvNtNtCsfaqPRDnPWmN_14pathfinder_lib6server5types18default_start_line
FNDA:98,_RNvNtNtCsfaqPRDnPWmN_14pathfinder_lib6server5types19default_max_results
FNDA:98,_RNvNtNtCsfaqPRDnPWmN_14pathfinder_lib6server5types20default_detail_level
FNDA:98,_RNvNtNtCsfaqPRDnPWmN_14pathfinder_lib6server5types21default_context_lines
FNDA:98,_RNvNtNtCsfaqPRDnPWmN_14pathfinder_lib6server5types21default_repo_map_path
FNDA:98,_RNvNtNtCsfaqPRDnPWmN_14pathfinder_lib6server5types27default_max_tokens_per_file
FNDA:0,_RNvMNtNtCslWWDK75FIRV_14pathfinder_mcp6server5typesNtB2_14EditValidation7skipped
FNDA:0,_RNvNtNtCslWWDK75FIRV_14pathfinder_mcp6server5types13default_depth
FNDA:0,_RNvNtNtCslWWDK75FIRV_14pathfinder_mcp6server5types17default_max_depth
FNDA:0,_RNvNtNtCslWWDK75FIRV_14pathfinder_mcp6server5types17default_max_lines
FNDA:0,_RNvNtNtCslWWDK75FIRV_14pathfinder_mcp6server5types17default_path_glob
FNDA:0,_RNvNtNtCslWWDK75FIRV_14pathfinder_mcp6server5types18default_max_tokens
FNDA:0,_RNvNtNtCslWWDK75FIRV_14pathfinder_mcp6server5types18default_start_line
FNDA:0,_RNvNtNtCslWWDK75FIRV_14pathfinder_mcp6server5types19default_max_results
FNDA:0,_RNvNtNtCslWWDK75FIRV_14pathfinder_mcp6server5types20default_detail_level
FNDA:0,_RNvNtNtCslWWDK75FIRV_14pathfinder_mcp6server5types21default_context_lines
FNDA:0,_RNvNtNtCslWWDK75FIRV_14pathfinder_mcp6server5types21default_repo_map_path
FNDA:0,_RNvNtNtCslWWDK75FIRV_14pathfinder_mcp6server5types27default_max_tokens_per_file
FNDA:29,_RNvMNtNtCs3DVjWQIejsk_14pathfinder_mcp6server5typesNtB2_14EditValidation7skipped
FNDA:98,_RNvNtNtCs3DVjWQIejsk_14pathfinder_mcp6server5types13default_depth
FNDA:98,_RNvNtNtCs3DVjWQIejsk_14pathfinder_mcp6server5types17default_max_depth
FNDA:98,_RNvNtNtCs3DVjWQIejsk_14pathfinder_mcp6server5types17default_max_lines
FNDA:98,_RNvNtNtCs3DVjWQIejsk_14pathfinder_mcp6server5types17default_path_glob
FNDA:98,_RNvNtNtCs3DVjWQIejsk_14pathfinder_mcp6server5types18default_max_tokens
FNDA:196,_RNvNtNtCs3DVjWQIejsk_14pathfinder_mcp6server5types18default_start_line
FNDA:98,_RNvNtNtCs3DVjWQIejsk_14pathfinder_mcp6server5types19default_max_results
FNDA:98,_RNvNtNtCs3DVjWQIejsk_14pathfinder_mcp6server5types20default_detail_level
FNDA:98,_RNvNtNtCs3DVjWQIejsk_14pathfinder_mcp6server5types21default_context_lines
FNDA:98,_RNvNtNtCs3DVjWQIejsk_14pathfinder_mcp6server5types21default_repo_map_path
FNDA:98,_RNvNtNtCs3DVjWQIejsk_14pathfinder_mcp6server5types27default_max_tokens_per_file
FNDA:0,_RNvMNtNtCscFfi1kV69Ww_14pathfinder_lib6server5typesNtB2_14EditValidation7skipped
FNDA:0,_RNvNtNtCscFfi1kV69Ww_14pathfinder_lib6server5types13default_depth
FNDA:0,_RNvNtNtCscFfi1kV69Ww_14pathfinder_lib6server5types17default_max_depth
FNDA:0,_RNvNtNtCscFfi1kV69Ww_14pathfinder_lib6server5types17default_max_lines
FNDA:0,_RNvNtNtCscFfi1kV69Ww_14pathfinder_lib6server5types17default_path_glob
FNDA:0,_RNvNtNtCscFfi1kV69Ww_14pathfinder_lib6server5types18default_max_tokens
FNDA:0,_RNvNtNtCscFfi1kV69Ww_14pathfinder_lib6server5types18default_start_line
FNDA:0,_RNvNtNtCscFfi1kV69Ww_14pathfinder_lib6server5types19default_max_results
FNDA:0,_RNvNtNtCscFfi1kV69Ww_14pathfinder_lib6server5types20default_detail_level
FNDA:0,_RNvNtNtCscFfi1kV69Ww_14pathfinder_lib6server5types21default_context_lines
FNDA:0,_RNvNtNtCscFfi1kV69Ww_14pathfinder_lib6server5types21default_repo_map_path
FNDA:0,_RNvNtNtCscFfi1kV69Ww_14pathfinder_lib6server5types27default_max_tokens_per_file
FNF:12
FNH:12
DA:590,58
DA:591,58
DA:592,58
DA:593,58
DA:594,58
DA:595,58
DA:596,58
DA:763,196
DA:764,196
DA:765,196
DA:766,196
DA:767,196
DA:768,196
DA:769,196
DA:770,196
DA:771,196
DA:772,196
DA:773,196
DA:774,196
DA:775,196
DA:776,196
DA:777,196
DA:778,196
DA:779,196
DA:780,196
DA:781,196
DA:782,196
DA:783,196
DA:784,196
DA:785,196
DA:786,196
DA:787,392
DA:788,392
DA:789,392
DA:790,196
DA:791,196
DA:792,196
DA:793,196
DA:794,196
DA:795,196
BRF:0
BRH:0
LF:40
LH:40
end_of_record