SF:/home/irahardianto/works/projects/pathfinder/crates/pathfinder-common/src/config.rs
FN:301,_RNCNvNtNtCs9lqQblHgTDM_17pathfinder_common6config5testss_36test_load_invalid_json_returns_error0B7_
FN:291,_RNCNvNtNtCs9lqQblHgTDM_17pathfinder_common6config5testss_41test_load_missing_config_returns_defaults0B7_
FN:241,_RNvNtNtCs9lqQblHgTDM_17pathfinder_common6config5testss_19test_default_config
FN:251,_RNvNtNtCs9lqQblHgTDM_17pathfinder_common6config5testss_27test_config_deserialization
FN:281,_RNvNtNtCs9lqQblHgTDM_17pathfinder_common6config5testss_33test_partial_config_uses_defaults
FN:301,_RNvNtNtCs9lqQblHgTDM_17pathfinder_common6config5testss_36test_load_invalid_json_returns_error
FN:291,_RNvNtNtCs9lqQblHgTDM_17pathfinder_common6config5testss_41test_load_missing_config_returns_defaults
FN:74,_RNCNCNvMs_NtCs9lqQblHgTDM_17pathfinder_common6configNtB8_16PathfinderConfig4load00Ba_
FN:80,_RNCNCNvMs_NtCs9lqQblHgTDM_17pathfinder_common6configNtB8_16PathfinderConfig4load0s_0Ba_
FN:62,_RNCNvMs_NtCs9lqQblHgTDM_17pathfinder_common6configNtB6_16PathfinderConfig4load0B8_
FN:62,_RNvMs_NtCs9lqQblHgTDM_17pathfinder_common6configNtB4_16PathfinderConfig4load
FN:206,_RNvNtCs9lqQblHgTDM_17pathfinder_common6config17default_log_level
FN:222,_RNvNtCs9lqQblHgTDM_17pathfinder_common6config18default_max_tokens
FN:218,_RNvNtCs9lqQblHgTDM_17pathfinder_common6config19default_filter_mode
FN:214,_RNvNtCs9lqQblHgTDM_17pathfinder_common6config19default_max_results
FN:210,_RNvNtCs9lqQblHgTDM_17pathfinder_common6config20default_idle_timeout
FN:226,_RNvNtCs9lqQblHgTDM_17pathfinder_common6config20default_token_method
FN:230,_RNvNtCs9lqQblHgTDM_17pathfinder_common6config24default_validation_scope
FN:42,_RNvXNtCs9lqQblHgTDM_17pathfinder_common6configNtB2_16PathfinderConfigNtNtCsgEmfK2I1SDS_4core7default7Default7default
FN:143,_RNvXs0_NtCs9lqQblHgTDM_17pathfinder_common6configNtB5_12SearchConfigNtNtCsgEmfK2I1SDS_4core7default7Default7default
FN:164,_RNvXs1_NtCs9lqQblHgTDM_17pathfinder_common6configNtB5_13RepoMapConfigNtNtCsgEmfK2I1SDS_4core7default7Default7default
FN:181,_RNvXs2_NtCs9lqQblHgTDM_17pathfinder_common6configNtB5_16ValidationConfigNtNtCsgEmfK2I1SDS_4core7default7Default7default
FN:62,_RNvMs_NtCsuZExG01YC8_17pathfinder_common6configNtB4_16PathfinderConfig4load
FN:206,_RNvNtCsuZExG01YC8_17pathfinder_common6config17default_log_level
FN:222,_RNvNtCsuZExG01YC8_17pathfinder_common6config18default_max_tokens
FN:218,_RNvNtCsuZExG01YC8_17pathfinder_common6config19default_filter_mode
FN:214,_RNvNtCsuZExG01YC8_17pathfinder_common6config19default_max_results
FN:210,_RNvNtCsuZExG01YC8_17pathfinder_common6config20default_idle_timeout
FN:226,_RNvNtCsuZExG01YC8_17pathfinder_common6config20default_token_method
FN:230,_RNvNtCsuZExG01YC8_17pathfinder_common6config24default_validation_scope
FN:42,_RNvXNtCsuZExG01YC8_17pathfinder_common6configNtB2_16PathfinderConfigNtNtCsgEmfK2I1SDS_4core7default7Default7default
FN:143,_RNvXs0_NtCsuZExG01YC8_17pathfinder_common6configNtB5_12SearchConfigNtNtCsgEmfK2I1SDS_4core7default7Default7default
FN:164,_RNvXs1_NtCsuZExG01YC8_17pathfinder_common6configNtB5_13RepoMapConfigNtNtCsgEmfK2I1SDS_4core7default7Default7default
FN:181,_RNvXs2_NtCsuZExG01YC8_17pathfinder_common6configNtB5_16ValidationConfigNtNtCsgEmfK2I1SDS_4core7default7Default7default
FN:74,_RNCNCNvMs_NtCsuZExG01YC8_17pathfinder_common6configNtB8_16PathfinderConfig4load00Cs7Fw43FPylcK_14pathfinder_mcp
FN:80,_RNCNCNvMs_NtCsuZExG01YC8_17pathfinder_common6configNtB8_16PathfinderConfig4load0s_0Cs7Fw43FPylcK_14pathfinder_mcp
FN:62,_RNCNvMs_NtCsuZExG01YC8_17pathfinder_common6configNtB6_16PathfinderConfig4load0Cs7Fw43FPylcK_14pathfinder_mcp
FN:74,_RNCNCNvMs_NtCsuZExG01YC8_17pathfinder_common6configNtB8_16PathfinderConfig4load00CsaBz7PZGcJGm_14pathfinder_mcp
FN:80,_RNCNCNvMs_NtCsuZExG01YC8_17pathfinder_common6configNtB8_16PathfinderConfig4load0s_0CsaBz7PZGcJGm_14pathfinder_mcp
FN:62,_RNCNvMs_NtCsuZExG01YC8_17pathfinder_common6configNtB6_16PathfinderConfig4load0CsaBz7PZGcJGm_14pathfinder_mcp
FNDA:1,_RNCNvNtNtCs9lqQblHgTDM_17pathfinder_common6config5testss_36test_load_invalid_json_returns_error0B7_
FNDA:1,_RNCNvNtNtCs9lqQblHgTDM_17pathfinder_common6config5testss_41test_load_missing_config_returns_defaults0B7_
FNDA:1,_RNvNtNtCs9lqQblHgTDM_17pathfinder_common6config5testss_19test_default_config
FNDA:1,_RNvNtNtCs9lqQblHgTDM_17pathfinder_common6config5testss_27test_config_deserialization
FNDA:1,_RNvNtNtCs9lqQblHgTDM_17pathfinder_common6config5testss_33test_partial_config_uses_defaults
FNDA:1,_RNvNtNtCs9lqQblHgTDM_17pathfinder_common6config5testss_36test_load_invalid_json_returns_error
FNDA:1,_RNvNtNtCs9lqQblHgTDM_17pathfinder_common6config5testss_41test_load_missing_config_returns_defaults
FNDA:0,_RNCNCNvMs_NtCs9lqQblHgTDM_17pathfinder_common6configNtB8_16PathfinderConfig4load00Ba_
FNDA:1,_RNCNCNvMs_NtCs9lqQblHgTDM_17pathfinder_common6configNtB8_16PathfinderConfig4load0s_0Ba_
FNDA:2,_RNCNvMs_NtCs9lqQblHgTDM_17pathfinder_common6configNtB6_16PathfinderConfig4load0B8_
FNDA:2,_RNvMs_NtCs9lqQblHgTDM_17pathfinder_common6configNtB4_16PathfinderConfig4load
FNDA:2,_RNvNtCs9lqQblHgTDM_17pathfinder_common6config17default_log_level
FNDA:4,_RNvNtCs9lqQblHgTDM_17pathfinder_common6config18default_max_tokens
FNDA:4,_RNvNtCs9lqQblHgTDM_17pathfinder_common6config19default_filter_mode
FNDA:3,_RNvNtCs9lqQblHgTDM_17pathfinder_common6config19default_max_results
FNDA:0,_RNvNtCs9lqQblHgTDM_17pathfinder_common6config20default_idle_timeout
FNDA:4,_RNvNtCs9lqQblHgTDM_17pathfinder_common6config20default_token_method
FNDA:4,_RNvNtCs9lqQblHgTDM_17pathfinder_common6config24default_validation_scope
FNDA:2,_RNvXNtCs9lqQblHgTDM_17pathfinder_common6configNtB2_16PathfinderConfigNtNtCsgEmfK2I1SDS_4core7default7Default7default
FNDA:3,_RNvXs0_NtCs9lqQblHgTDM_17pathfinder_common6configNtB5_12SearchConfigNtNtCsgEmfK2I1SDS_4core7default7Default7default
FNDA:4,_RNvXs1_NtCs9lqQblHgTDM_17pathfinder_common6configNtB5_13RepoMapConfigNtNtCsgEmfK2I1SDS_4core7default7Default7default
FNDA:4,_RNvXs2_NtCs9lqQblHgTDM_17pathfinder_common6configNtB5_16ValidationConfigNtNtCsgEmfK2I1SDS_4core7default7Default7default
FNDA:0,_RNvMs_NtCsuZExG01YC8_17pathfinder_common6configNtB4_16PathfinderConfig4load
FNDA:187,_RNvNtCsuZExG01YC8_17pathfinder_common6config17default_log_level
FNDA:187,_RNvNtCsuZExG01YC8_17pathfinder_common6config18default_max_tokens
FNDA:187,_RNvNtCsuZExG01YC8_17pathfinder_common6config19default_filter_mode
FNDA:187,_RNvNtCsuZExG01YC8_17pathfinder_common6config19default_max_results
FNDA:0,_RNvNtCsuZExG01YC8_17pathfinder_common6config20default_idle_timeout
FNDA:187,_RNvNtCsuZExG01YC8_17pathfinder_common6config20default_token_method
FNDA:187,_RNvNtCsuZExG01YC8_17pathfinder_common6config24default_validation_scope
FNDA:187,_RNvXNtCsuZExG01YC8_17pathfinder_common6configNtB2_16PathfinderConfigNtNtCsgEmfK2I1SDS_4core7default7Default7default
FNDA:187,_RNvXs0_NtCsuZExG01YC8_17pathfinder_common6configNtB5_12SearchConfigNtNtCsgEmfK2I1SDS_4core7default7Default7default
FNDA:187,_RNvXs1_NtCsuZExG01YC8_17pathfinder_common6configNtB5_13RepoMapConfigNtNtCsgEmfK2I1SDS_4core7default7Default7default
FNDA:187,_RNvXs2_NtCsuZExG01YC8_17pathfinder_common6configNtB5_16ValidationConfigNtNtCsgEmfK2I1SDS_4core7default7Default7default
FNDA:0,_RNCNCNvMs_NtCsuZExG01YC8_17pathfinder_common6configNtB8_16PathfinderConfig4load00Cs7Fw43FPylcK_14pathfinder_mcp
FNDA:0,_RNCNCNvMs_NtCsuZExG01YC8_17pathfinder_common6configNtB8_16PathfinderConfig4load0s_0Cs7Fw43FPylcK_14pathfinder_mcp
FNDA:0,_RNCNvMs_NtCsuZExG01YC8_17pathfinder_common6configNtB6_16PathfinderConfig4load0Cs7Fw43FPylcK_14pathfinder_mcp
FNDA:0,_RNCNCNvMs_NtCsuZExG01YC8_17pathfinder_common6configNtB8_16PathfinderConfig4load00CsaBz7PZGcJGm_14pathfinder_mcp
FNDA:0,_RNCNCNvMs_NtCsuZExG01YC8_17pathfinder_common6configNtB8_16PathfinderConfig4load0s_0CsaBz7PZGcJGm_14pathfinder_mcp
FNDA:0,_RNCNvMs_NtCsuZExG01YC8_17pathfinder_common6configNtB6_16PathfinderConfig4load0CsaBz7PZGcJGm_14pathfinder_mcp
FNF:22
FNH:20
DA:42,189
DA:43,189
DA:44,189
DA:45,189
DA:46,189
DA:47,189
DA:48,189
DA:49,189
DA:50,189
DA:51,189
DA:62,2
DA:63,2
DA:65,2
DA:66,1
DA:67,1
DA:68,1
DA:70,1
DA:71,1
DA:72,1
DA:73,1
DA:74,0
DA:75,0
DA:76,0
DA:78,0
DA:79,1
DA:80,1
DA:81,1
DA:82,1
DA:84,0
DA:85,0
DA:86,2
DA:143,190
DA:144,190
DA:145,190
DA:146,190
DA:147,190
DA:148,190
DA:164,191
DA:165,191
DA:166,191
DA:167,191
DA:168,191
DA:169,191
DA:181,191
DA:182,191
DA:183,191
DA:184,191
DA:185,191
DA:206,189
DA:207,189
DA:208,189
DA:210,0
DA:211,0
DA:212,0
DA:214,190
DA:215,190
DA:216,190
DA:218,191
DA:219,191
DA:220,191
DA:222,191
DA:223,191
DA:224,191
DA:226,191
DA:227,191
DA:228,191
DA:230,191
DA:231,191
DA:232,191
DA:241,1
DA:242,1
DA:243,1
DA:244,1
DA:245,1
DA:246,1
DA:247,1
DA:248,1
DA:251,1
DA:252,1
DA:253,1
DA:254,1
DA:255,1
DA:256,1
DA:257,1
DA:258,1
DA:259,1
DA:260,1
DA:261,1
DA:262,1
DA:263,1
DA:264,1
DA:265,1
DA:266,1
DA:267,1
DA:268,1
DA:270,1
DA:271,1
DA:272,1
DA:273,1
DA:275,1
DA:276,1
DA:277,1
DA:278,1
DA:281,1
DA:282,1
DA:283,1
DA:284,1
DA:286,1
DA:287,1
DA:288,1
DA:291,1
DA:292,1
DA:293,1
DA:294,1
DA:295,1
DA:296,1
DA:298,1
DA:301,1
DA:302,1
DA:303,1
DA:304,1
DA:306,1
DA:307,1
DA:308,1
DA:310,1
DA:311,1
BRF:0
BRH:0
LF:133
LH:123
end_of_record
SF:/home/irahardianto/works/projects/pathfinder/crates/pathfinder-common/src/error.rs
FN:140,_RNvMNtCs9lqQblHgTDM_17pathfinder_common5errorNtB2_15PathfinderError10error_code
FN:253,_RNvMNtCs9lqQblHgTDM_17pathfinder_common5errorNtB2_15PathfinderError10to_details
FN:244,_RNvMNtCs9lqQblHgTDM_17pathfinder_common5errorNtB2_15PathfinderError17to_error_response
FN:170,_RNvMNtCs9lqQblHgTDM_17pathfinder_common5errorNtB2_15PathfinderError4hint
FN:354,_RNvNtCs9lqQblHgTDM_17pathfinder_common5error21compute_lines_changed
FN:500,_RNCNvNtNtCs9lqQblHgTDM_17pathfinder_common5error5testss_45test_all_error_codes_are_screaming_snake_case0B7_
FN:392,_RNvNtNtCs9lqQblHgTDM_17pathfinder_common5error5testss_23test_error_code_mapping
FN:716,_RNvNtNtCs9lqQblHgTDM_17pathfinder_common5error5testss_25test_path_traversal_error
FN:538,_RNvNtNtCs9lqQblHgTDM_17pathfinder_common5error5testss_32test_compute_lines_changed_mixed
FN:406,_RNvNtNtCs9lqQblHgTDM_17pathfinder_common5error5testss_33test_error_response_serialization
FN:546,_RNvNtNtCs9lqQblHgTDM_17pathfinder_common5error5testss_36test_compute_lines_changed_identical
FN:559,_RNvNtNtCs9lqQblHgTDM_17pathfinder_common5error5testss_37test_version_mismatch_hint_is_present
FN:522,_RNvNtNtCs9lqQblHgTDM_17pathfinder_common5error5testss_38test_compute_lines_changed_lines_added
FN:655,_RNvNtNtCs9lqQblHgTDM_17pathfinder_common5error5testss_38test_hint_serialized_in_error_response
FN:605,_RNvNtNtCs9lqQblHgTDM_17pathfinder_common5error5testss_40test_access_denied_hint_mentions_sandbox
FN:530,_RNvNtNtCs9lqQblHgTDM_17pathfinder_common5error5testss_40test_compute_lines_changed_lines_removed
FN:573,_RNvNtNtCs9lqQblHgTDM_17pathfinder_common5error5testss_43test_symbol_not_found_hint_with_suggestions
FN:696,_RNvNtNtCs9lqQblHgTDM_17pathfinder_common5error5testss_43test_text_not_found_hint_with_closest_match
FN:552,_RNvNtNtCs9lqQblHgTDM_17pathfinder_common5error5testss_44test_compute_lines_changed_empty_to_nonempty
FN:643,_RNvNtNtCs9lqQblHgTDM_17pathfinder_common5error5testss_44test_match_not_found_hint_mentions_read_file
FN:430,_RNvNtNtCs9lqQblHgTDM_17pathfinder_common5error5testss_45test_all_error_codes_are_screaming_snake_case
FN:590,_RNvNtNtCs9lqQblHgTDM_17pathfinder_common5error5testss_46test_symbol_not_found_hint_without_suggestions
FN:675,_RNvNtNtCs9lqQblHgTDM_17pathfinder_common5error5testss_46test_text_not_found_hint_mentions_context_line
FN:630,_RNvNtNtCs9lqQblHgTDM_17pathfinder_common5error5testss_48test_validation_failed_hint_mentions_ignore_flag
FN:507,_RNvNtNtCs9lqQblHgTDM_17pathfinder_common5error5testss_50test_symbol_not_found_details_include_did_you_mean
FN:618,_RNvNtNtCs9lqQblHgTDM_17pathfinder_common5error5testss_50test_unsupported_language_hint_mentions_write_file
FN:140,_RNvMNtCsuZExG01YC8_17pathfinder_common5errorNtB2_15PathfinderError10error_code
FN:253,_RNvMNtCsuZExG01YC8_17pathfinder_common5errorNtB2_15PathfinderError10to_details
FN:244,_RNvMNtCsuZExG01YC8_17pathfinder_common5errorNtB2_15PathfinderError17to_error_response
FN:170,_RNvMNtCsuZExG01YC8_17pathfinder_common5errorNtB2_15PathfinderError4hint
FN:354,_RNvNtCsuZExG01YC8_17pathfinder_common5error21compute_lines_changed
FNDA:28,_RNvMNtCs9lqQblHgTDM_17pathfinder_common5errorNtB2_15PathfinderError10error_code
FNDA:5,_RNvMNtCs9lqQblHgTDM_17pathfinder_common5errorNtB2_15PathfinderError10to_details
FNDA:5,_RNvMNtCs9lqQblHgTDM_17pathfinder_common5errorNtB2_15PathfinderError17to_error_response
FNDA:15,_RNvMNtCs9lqQblHgTDM_17pathfinder_common5errorNtB2_15PathfinderError4hint
FNDA:5,_RNvNtCs9lqQblHgTDM_17pathfinder_common5error21compute_lines_changed
FNDA:292,_RNCNvNtNtCs9lqQblHgTDM_17pathfinder_common5error5testss_45test_all_error_codes_are_screaming_snake_case0B7_
FNDA:1,_RNvNtNtCs9lqQblHgTDM_17pathfinder_common5error5testss_23test_error_code_mapping
FNDA:1,_RNvNtNtCs9lqQblHgTDM_17pathfinder_common5error5testss_25test_path_traversal_error
FNDA:1,_RNvNtNtCs9lqQblHgTDM_17pathfinder_common5error5testss_32test_compute_lines_changed_mixed
FNDA:1,_RNvNtNtCs9lqQblHgTDM_17pathfinder_common5error5testss_33test_error_response_serialization
FNDA:1,_RNvNtNtCs9lqQblHgTDM_17pathfinder_common5error5testss_36test_compute_lines_changed_identical
FNDA:1,_RNvNtNtCs9lqQblHgTDM_17pathfinder_common5error5testss_37test_version_mismatch_hint_is_present
FNDA:1,_RNvNtNtCs9lqQblHgTDM_17pathfinder_common5error5testss_38test_compute_lines_changed_lines_added
FNDA:1,_RNvNtNtCs9lqQblHgTDM_17pathfinder_common5error5testss_38test_hint_serialized_in_error_response
FNDA:1,_RNvNtNtCs9lqQblHgTDM_17pathfinder_common5error5testss_40test_access_denied_hint_mentions_sandbox
FNDA:1,_RNvNtNtCs9lqQblHgTDM_17pathfinder_common5error5testss_40test_compute_lines_changed_lines_removed
FNDA:1,_RNvNtNtCs9lqQblHgTDM_17pathfinder_common5error5testss_43test_symbol_not_found_hint_with_suggestions
FNDA:1,_RNvNtNtCs9lqQblHgTDM_17pathfinder_common5error5testss_43test_text_not_found_hint_with_closest_match
FNDA:1,_RNvNtNtCs9lqQblHgTDM_17pathfinder_common5error5testss_44test_compute_lines_changed_empty_to_nonempty
FNDA:1,_RNvNtNtCs9lqQblHgTDM_17pathfinder_common5error5testss_44test_match_not_found_hint_mentions_read_file
FNDA:1,_RNvNtNtCs9lqQblHgTDM_17pathfinder_common5error5testss_45test_all_error_codes_are_screaming_snake_case
FNDA:1,_RNvNtNtCs9lqQblHgTDM_17pathfinder_common5error5testss_46test_symbol_not_found_hint_without_suggestions
FNDA:1,_RNvNtNtCs9lqQblHgTDM_17pathfinder_common5error5testss_46test_text_not_found_hint_mentions_context_line
FNDA:1,_RNvNtNtCs9lqQblHgTDM_17pathfinder_common5error5testss_48test_validation_failed_hint_mentions_ignore_flag
FNDA:1,_RNvNtNtCs9lqQblHgTDM_17pathfinder_common5error5testss_50test_symbol_not_found_details_include_did_you_mean
FNDA:1,_RNvNtNtCs9lqQblHgTDM_17pathfinder_common5error5testss_50test_unsupported_language_hint_mentions_write_file
FNDA:217,_RNvMNtCsuZExG01YC8_17pathfinder_common5errorNtB2_15PathfinderError10error_code
FNDA:108,_RNvMNtCsuZExG01YC8_17pathfinder_common5errorNtB2_15PathfinderError10to_details
FNDA:108,_RNvMNtCsuZExG01YC8_17pathfinder_common5errorNtB2_15PathfinderError17to_error_response
FNDA:108,_RNvMNtCsuZExG01YC8_17pathfinder_common5errorNtB2_15PathfinderError4hint
FNDA:0,_RNvNtCsuZExG01YC8_17pathfinder_common5error21compute_lines_changed
FNF:26
FNH:26
DA:140,245
DA:141,245
DA:142,22
DA:143,9
DA:144,19
DA:145,5
DA:146,26
DA:147,13
DA:148,13
DA:149,9
DA:150,5
DA:151,30
DA:152,5
DA:153,5
DA:154,5
DA:155,26
DA:156,5
DA:157,9
DA:158,9
DA:159,11
DA:160,17
DA:161,2
DA:163,245
DA:170,123
DA:171,123
DA:172,11
DA:173,11
DA:174,5
DA:176,6
DA:177,6
DA:178,6
DA:179,6
DA:182,13
DA:183,13
DA:184,0
DA:186,13
DA:189,14
DA:190,14
DA:191,14
DA:192,14
DA:193,14
DA:195,15
DA:197,3
DA:198,3
DA:199,3
DA:200,3
DA:201,10
DA:202,10
DA:203,10
DA:204,10
DA:205,7
DA:206,7
DA:207,7
DA:208,7
DA:209,7
DA:210,5
DA:211,5
DA:212,5
DA:213,5
DA:214,5
DA:215,4
DA:216,4
DA:217,4
DA:218,4
DA:219,7
DA:220,7
DA:224,7
DA:225,2
DA:227,5
DA:230,8
DA:231,8
DA:232,8
DA:233,8
DA:234,2
DA:235,2
DA:236,2
DA:237,2
DA:238,24
DA:240,123
DA:244,113
DA:245,113
DA:246,113
DA:247,113
DA:248,113
DA:249,113
DA:250,113
DA:251,113
DA:253,113
DA:254,113
DA:255,9
DA:256,9
DA:258,2
DA:259,2
DA:262,13
DA:263,13
DA:266,13
DA:267,13
DA:268,13
DA:272,6
DA:274,6
DA:276,4
DA:277,4
DA:279,14
DA:280,14
DA:282,2
DA:283,2
DA:285,8
DA:286,8
DA:289,13
DA:290,13
DA:293,13
DA:294,13
DA:295,6
DA:296,7
DA:297,13
DA:298,0
DA:299,13
DA:300,13
DA:303,5
DA:304,5
DA:305,5
DA:306,5
DA:307,5
DA:309,5
DA:310,5
DA:311,5
DA:312,5
DA:313,5
DA:314,2
DA:315,3
DA:316,5
DA:317,1
DA:318,4
DA:319,5
DA:322,1
DA:323,1
DA:325,1
DA:327,36
DA:329,113
DA:354,5
DA:355,5
DA:356,5
DA:357,5
DA:358,5
DA:359,5
DA:360,5
DA:392,1
DA:393,1
DA:394,1
DA:395,1
DA:396,1
DA:398,1
DA:399,1
DA:400,1
DA:401,1
DA:402,1
DA:403,1
DA:406,1
DA:407,1
DA:408,1
DA:409,1
DA:410,1
DA:411,1
DA:412,1
DA:414,1
DA:415,1
DA:416,1
DA:417,1
DA:418,1
DA:423,1
DA:424,1
DA:425,1
DA:426,1
DA:427,1
DA:430,1
DA:431,1
DA:432,1
DA:433,1
DA:434,1
DA:435,1
DA:436,1
DA:437,1
DA:438,1
DA:439,1
DA:440,1
DA:441,1
DA:442,1
DA:443,1
DA:444,1
DA:445,1
DA:446,1
DA:447,1
DA:448,1
DA:449,1
DA:450,1
DA:451,1
DA:452,1
DA:453,1
DA:454,1
DA:455,1
DA:456,1
DA:457,1
DA:458,1
DA:459,1
DA:460,1
DA:461,1
DA:462,1
DA:463,1
DA:464,1
DA:465,1
DA:466,1
DA:467,1
DA:468,1
DA:469,1
DA:470,1
DA:471,1
DA:472,1
DA:473,1
DA:474,1
DA:475,1
DA:476,1
DA:477,1
DA:478,1
DA:479,1
DA:480,1
DA:481,1
DA:482,1
DA:483,1
DA:484,1
DA:485,1
DA:486,1
DA:487,1
DA:488,1
DA:489,1
DA:490,1
DA:491,1
DA:492,1
DA:493,1
DA:494,1
DA:497,19
DA:498,19
DA:499,19
DA:500,292
DA:504,1
DA:507,1
DA:508,1
DA:509,1
DA:510,1
DA:511,1
DA:512,1
DA:513,1
DA:514,1
DA:515,1
DA:516,1
DA:517,1
DA:522,1
DA:524,1
DA:525,1
DA:526,1
DA:527,1
DA:530,1
DA:532,1
DA:533,1
DA:534,1
DA:535,1
DA:538,1
DA:540,1
DA:541,1
DA:542,1
DA:543,1
DA:546,1
DA:547,1
DA:548,1
DA:549,1
DA:552,1
DA:553,1
DA:554,1
DA:559,1
DA:560,1
DA:561,1
DA:562,1
DA:563,1
DA:564,1
DA:565,1
DA:566,1
DA:567,1
DA:570,1
DA:573,1
DA:574,1
DA:575,1
DA:576,1
DA:577,1
DA:578,1
DA:579,1
DA:580,1
DA:583,1
DA:584,1
DA:587,1
DA:590,1
DA:591,1
DA:592,1
DA:593,1
DA:594,1
DA:595,1
DA:596,1
DA:597,1
DA:598,1
DA:599,1
DA:602,1
DA:605,1
DA:606,1
DA:607,1
DA:608,1
DA:609,1
DA:610,1
DA:611,1
DA:612,1
DA:615,1
DA:618,1
DA:619,1
DA:620,1
DA:621,1
DA:622,1
DA:623,1
DA:624,1
DA:627,1
DA:630,1
DA:631,1
DA:632,1
DA:633,1
DA:634,1
DA:635,1
DA:636,1
DA:637,1
DA:640,1
DA:643,1
DA:644,1
DA:645,1
DA:646,1
DA:647,1
DA:648,1
DA:649,1
DA:652,1
DA:655,1
DA:656,1
DA:657,1
DA:658,1
DA:659,1
DA:660,1
DA:661,1
DA:662,1
DA:663,1
DA:664,1
DA:667,1
DA:668,1
DA:669,1
DA:672,1
DA:675,1
DA:676,1
DA:677,1
DA:678,1
DA:679,1
DA:680,1
DA:681,1
DA:682,1
DA:683,1
DA:684,1
DA:685,1
DA:686,1
DA:689,1
DA:690,1
DA:693,1
DA:696,1
DA:697,1
DA:698,1
DA:699,1
DA:700,1
DA:701,1
DA:702,1
DA:703,1
DA:704,1
DA:705,1
DA:706,1
DA:707,1
DA:708,1
DA:711,1
DA:712,1
DA:713,1
DA:716,1
DA:717,1
DA:718,1
DA:719,1
DA:720,1
DA:722,1
DA:723,1
DA:724,1
DA:725,1
DA:729,1
DA:730,1
DA:731,1
DA:732,1
DA:733,1
BRF:0
BRH:0
LF:403
LH:392
end_of_record
SF:/home/irahardianto/works/projects/pathfinder/crates/pathfinder-common/src/file_watcher.rs
FN:135,_RNCNvNtCs9lqQblHgTDM_17pathfinder_common12file_watcher9hash_file0B5_
FN:171,_RNvNtNtCs9lqQblHgTDM_17pathfinder_common12file_watcher5testss_30test_hash_file_produces_sha256
FN:203,_RNvNtNtCs9lqQblHgTDM_17pathfinder_common12file_watcher5testss_36test_hash_file_missing_returns_error
FN:211,_RNvNtNtCs9lqQblHgTDM_17pathfinder_common12file_watcher5testss_39test_in_memory_source_drains_all_events
FN:236,_RNvNtNtCs9lqQblHgTDM_17pathfinder_common12file_watcher5testss_41test_in_memory_source_drain_is_idempotent
FN:186,_RNvNtNtCs9lqQblHgTDM_17pathfinder_common12file_watcher5testss_47test_hash_file_different_content_different_hash
FN:171,_RNCNvNtNtCs9lqQblHgTDM_17pathfinder_common12file_watcher5testss_30test_hash_file_produces_sha2560B7_
FN:203,_RNCNvNtNtCs9lqQblHgTDM_17pathfinder_common12file_watcher5testss_36test_hash_file_missing_returns_error0B7_
FN:211,_RNCNvNtNtCs9lqQblHgTDM_17pathfinder_common12file_watcher5testss_39test_in_memory_source_drains_all_events0B7_
FN:236,_RNCNvNtNtCs9lqQblHgTDM_17pathfinder_common12file_watcher5testss_41test_in_memory_source_drain_is_idempotent0B7_
FN:186,_RNCNvNtNtCs9lqQblHgTDM_17pathfinder_common12file_watcher5testss_47test_hash_file_different_content_different_hash0B7_
FN:111,_RNvMs_NtCs9lqQblHgTDM_17pathfinder_common12file_watcherNtB4_23InMemoryFileEventSource3new
FN:135,_RNvNtCs9lqQblHgTDM_17pathfinder_common12file_watcher9hash_file
FN:117,_RNvXs0_NtCs9lqQblHgTDM_17pathfinder_common12file_watcherNtB5_23InMemoryFileEventSourceNtB5_15FileEventSource5drain
FN:42,_RNCNvMNtCs9lqQblHgTDM_17pathfinder_common12file_watcherNtB4_11FileWatcher5start0B6_
FN:37,_RNvMNtCs9lqQblHgTDM_17pathfinder_common12file_watcherNtB2_11FileWatcher5start
FN:37,_RNvMNtCsuZExG01YC8_17pathfinder_common12file_watcherNtB2_11FileWatcher5start
FN:111,_RNvMs_NtCsuZExG01YC8_17pathfinder_common12file_watcherNtB4_23InMemoryFileEventSource3new
FN:135,_RNvNtCsuZExG01YC8_17pathfinder_common12file_watcher9hash_file
FN:117,_RNvXs0_NtCsuZExG01YC8_17pathfinder_common12file_watcherNtB5_23InMemoryFileEventSourceNtB5_15FileEventSource5drain
FN:42,_RNCNvMNtCsuZExG01YC8_17pathfinder_common12file_watcherNtB4_11FileWatcher5start0B6_
FN:135,_RNCNvNtCsuZExG01YC8_17pathfinder_common12file_watcher9hash_file0B5_
FNDA:4,_RNCNvNtCs9lqQblHgTDM_17pathfinder_common12file_watcher9hash_file0B5_
FNDA:1,_RNvNtNtCs9lqQblHgTDM_17pathfinder_common12file_watcher5testss_30test_hash_file_produces_sha256
FNDA:1,_RNvNtNtCs9lqQblHgTDM_17pathfinder_common12file_watcher5testss_36test_hash_file_missing_returns_error
FNDA:1,_RNvNtNtCs9lqQblHgTDM_17pathfinder_common12file_watcher5testss_39test_in_memory_source_drains_all_events
FNDA:1,_RNvNtNtCs9lqQblHgTDM_17pathfinder_common12file_watcher5testss_41test_in_memory_source_drain_is_idempotent
FNDA:1,_RNvNtNtCs9lqQblHgTDM_17pathfinder_common12file_watcher5testss_47test_hash_file_different_content_different_hash
FNDA:1,_RNCNvNtNtCs9lqQblHgTDM_17pathfinder_common12file_watcher5testss_30test_hash_file_produces_sha2560B7_
FNDA:1,_RNCNvNtNtCs9lqQblHgTDM_17pathfinder_common12file_watcher5testss_36test_hash_file_missing_returns_error0B7_
FNDA:1,_RNCNvNtNtCs9lqQblHgTDM_17pathfinder_common12file_watcher5testss_39test_in_memory_source_drains_all_events0B7_
FNDA:1,_RNCNvNtNtCs9lqQblHgTDM_17pathfinder_common12file_watcher5testss_41test_in_memory_source_drain_is_idempotent0B7_
FNDA:1,_RNCNvNtNtCs9lqQblHgTDM_17pathfinder_common12file_watcher5testss_47test_hash_file_different_content_different_hash0B7_
FNDA:2,_RNvMs_NtCs9lqQblHgTDM_17pathfinder_common12file_watcherNtB4_23InMemoryFileEventSource3new
FNDA:4,_RNvNtCs9lqQblHgTDM_17pathfinder_common12file_watcher9hash_file
FNDA:3,_RNvXs0_NtCs9lqQblHgTDM_17pathfinder_common12file_watcherNtB5_23InMemoryFileEventSourceNtB5_15FileEventSource5drain
FNDA:0,_RNCNvMNtCs9lqQblHgTDM_17pathfinder_common12file_watcherNtB4_11FileWatcher5start0B6_
FNDA:0,_RNvMNtCs9lqQblHgTDM_17pathfinder_common12file_watcherNtB2_11FileWatcher5start
FNDA:0,_RNvMNtCsuZExG01YC8_17pathfinder_common12file_watcherNtB2_11FileWatcher5start
FNDA:0,_RNvMs_NtCsuZExG01YC8_17pathfinder_common12file_watcherNtB4_23InMemoryFileEventSource3new
FNDA:0,_RNvNtCsuZExG01YC8_17pathfinder_common12file_watcher9hash_file
FNDA:0,_RNvXs0_NtCsuZExG01YC8_17pathfinder_common12file_watcherNtB5_23InMemoryFileEventSourceNtB5_15FileEventSource5drain
FNDA:0,_RNCNvMNtCsuZExG01YC8_17pathfinder_common12file_watcherNtB4_11FileWatcher5start0B6_
FNDA:0,_RNCNvNtCsuZExG01YC8_17pathfinder_common12file_watcher9hash_file0B5_
FNF:16
FNH:14
DA:37,0
DA:38,0
DA:39,0
DA:40,0
DA:42,0
DA:43,0
DA:44,0
DA:45,0
DA:46,0
DA:47,0
DA:48,0
DA:49,0
DA:50,0
DA:52,0
DA:53,0
DA:54,0
DA:59,0
DA:60,0
DA:61,0
DA:64,0
DA:65,0
DA:68,0
DA:69,0
DA:72,0
DA:73,0
DA:75,0
DA:76,0
DA:77,0
DA:79,0
DA:80,0
DA:84,0
DA:85,0
DA:111,2
DA:112,2
DA:113,2
DA:117,3
DA:118,4
DA:119,4
DA:120,4
DA:121,4
DA:122,3
DA:135,4
DA:139,4
DA:140,3
DA:141,3
DA:144,6
DA:145,6
DA:146,3
DA:147,3
DA:148,3
DA:151,3
DA:152,3
DA:153,4
DA:171,1
DA:172,1
DA:173,1
DA:174,1
DA:175,1
DA:177,1
DA:178,1
DA:180,1
DA:182,1
DA:183,1
DA:186,1
DA:187,1
DA:188,1
DA:190,1
DA:191,1
DA:192,1
DA:193,1
DA:195,1
DA:196,1
DA:197,1
DA:199,1
DA:200,1
DA:203,1
DA:204,1
DA:205,1
DA:206,1
DA:211,1
DA:212,1
DA:213,1
DA:214,1
DA:215,1
DA:217,1
DA:219,1
DA:220,1
DA:223,1
DA:224,1
DA:225,1
DA:226,1
DA:227,1
DA:228,1
DA:229,1
DA:230,1
DA:231,1
DA:232,1
DA:233,1
DA:236,1
DA:238,1
DA:239,1
DA:241,1
DA:242,1
DA:243,1
DA:245,1
DA:246,1
DA:247,1
DA:248,1
DA:249,1
DA:250,1
BRF:0
BRH:0
LF:124
LH:91
end_of_record
SF:/home/irahardianto/works/projects/pathfinder/crates/pathfinder-common/src/git.rs
FN:64,_RINvNtCs9lqQblHgTDM_17pathfinder_common3git23get_changed_files_sinceNtNCNvNtB2_5testss_60test_get_changed_files_since_timeout_returns_timed_out_error013HangingRunnerEB4_
FN:64,_RINvNtCs9lqQblHgTDM_17pathfinder_common3git23get_changed_files_sinceNtNtB2_5tests13FakeGitRunnerEB4_
FN:68,_RNCINvNtCs9lqQblHgTDM_17pathfinder_common3git23get_changed_files_sinceNtNCNvNtB4_5testss_60test_get_changed_files_since_timeout_returns_timed_out_error013HangingRunnerE0B6_
FN:68,_RNCINvNtCs9lqQblHgTDM_17pathfinder_common3git23get_changed_files_sinceNtNtB4_5tests13FakeGitRunnerE0B6_
FN:78,_RNCNCINvNtCs9lqQblHgTDM_17pathfinder_common3git23get_changed_files_sinceNtNCNvNtB6_5testss_60test_get_changed_files_since_timeout_returns_timed_out_error013HangingRunnerE00B8_
FN:78,_RNCNCINvNtCs9lqQblHgTDM_17pathfinder_common3git23get_changed_files_sinceNtNtB6_5tests13FakeGitRunnerE00B8_
FN:125,_RNvMNtNtCs9lqQblHgTDM_17pathfinder_common3git5testsNtB2_13FakeGitRunner2ok
FN:131,_RNvMNtNtCs9lqQblHgTDM_17pathfinder_common3git5testsNtB2_13FakeGitRunner3err
FN:154,_RNvNtNtCs9lqQblHgTDM_17pathfinder_common3git5testss_42test_get_changed_files_since_parses_output
FN:237,_RNvNtNtCs9lqQblHgTDM_17pathfinder_common3git5testss_47test_get_changed_files_since_deduplicates_paths
FN:176,_RNvNtNtCs9lqQblHgTDM_17pathfinder_common3git5testss_48test_get_changed_files_since_ignores_blank_lines
FN:187,_RNvNtNtCs9lqQblHgTDM_17pathfinder_common3git5testss_52test_get_changed_files_since_propagates_runner_error
FN:166,_RNvNtNtCs9lqQblHgTDM_17pathfinder_common3git5testss_59test_get_changed_files_since_empty_output_returns_empty_set
FN:197,_RNvNtNtCs9lqQblHgTDM_17pathfinder_common3git5testss_60test_get_changed_files_since_timeout_returns_timed_out_error
FN:203,_RNvXNCNvNtNtCs9lqQblHgTDM_17pathfinder_common3git5testss_60test_get_changed_files_since_timeout_returns_timed_out_error0NtB2_13HangingRunnerNtB8_9GitRunner14diff_name_only
FN:137,_RNvXs_NtNtCs9lqQblHgTDM_17pathfinder_common3git5testsNtB4_13FakeGitRunnerNtB6_9GitRunner14diff_name_only
FN:154,_RNCNvNtNtCs9lqQblHgTDM_17pathfinder_common3git5testss_42test_get_changed_files_since_parses_output0B7_
FN:237,_RNCNvNtNtCs9lqQblHgTDM_17pathfinder_common3git5testss_47test_get_changed_files_since_deduplicates_paths0B7_
FN:176,_RNCNvNtNtCs9lqQblHgTDM_17pathfinder_common3git5testss_48test_get_changed_files_since_ignores_blank_lines0B7_
FN:187,_RNCNvNtNtCs9lqQblHgTDM_17pathfinder_common3git5testss_52test_get_changed_files_since_propagates_runner_error0B7_
FN:166,_RNCNvNtNtCs9lqQblHgTDM_17pathfinder_common3git5testss_59test_get_changed_files_since_empty_output_returns_empty_set0B7_
FN:197,_RNCNvNtNtCs9lqQblHgTDM_17pathfinder_common3git5testss_60test_get_changed_files_since_timeout_returns_timed_out_error0B7_
FN:207,_RNCNvXNCNvNtNtCs9lqQblHgTDM_17pathfinder_common3git5testss_60test_get_changed_files_since_timeout_returns_timed_out_error0NtB4_13HangingRunnerNtBa_9GitRunner14diff_name_only0Bc_
FN:141,_RNCNvXs_NtNtCs9lqQblHgTDM_17pathfinder_common3git5testsNtB6_13FakeGitRunnerNtB8_9GitRunner14diff_name_only0Ba_
FN:32,_RNCNvXNtCs9lqQblHgTDM_17pathfinder_common3gitNtB4_9SystemGitNtB4_9GitRunner14diff_name_only0B6_
FN:28,_RNvXNtCs9lqQblHgTDM_17pathfinder_common3gitNtB2_9SystemGitNtB2_9GitRunner14diff_name_only
FN:64,_RINvNtCsuZExG01YC8_17pathfinder_common3git23get_changed_files_sinceNtB2_9SystemGitECsb2XMseC3SKs_14pathfinder_lib
FN:68,_RNCINvNtCsuZExG01YC8_17pathfinder_common3git23get_changed_files_sinceNtB4_9SystemGitE0Csb2XMseC3SKs_14pathfinder_lib
FN:78,_RNCNCINvNtCsuZExG01YC8_17pathfinder_common3git23get_changed_files_sinceNtB6_9SystemGitE00Csb2XMseC3SKs_14pathfinder_lib
FN:32,_RNCNvXNtCsuZExG01YC8_17pathfinder_common3gitNtB4_9SystemGitNtB4_9GitRunner14diff_name_only0Csb2XMseC3SKs_14pathfinder_lib
FN:28,_RNvXNtCsuZExG01YC8_17pathfinder_common3gitNtB2_9SystemGitNtB2_9GitRunner14diff_name_only
FN:64,_RINvNtCsuZExG01YC8_17pathfinder_common3git23get_changed_files_sinceNtB2_9SystemGitECs7Fw43FPylcK_14pathfinder_mcp
FN:68,_RNCINvNtCsuZExG01YC8_17pathfinder_common3git23get_changed_files_sinceNtB4_9SystemGitE0Cs7Fw43FPylcK_14pathfinder_mcp
FN:78,_RNCNCINvNtCsuZExG01YC8_17pathfinder_common3git23get_changed_files_sinceNtB6_9SystemGitE00Cs7Fw43FPylcK_14pathfinder_mcp
FN:32,_RNCNvXNtCsuZExG01YC8_17pathfinder_common3gitNtB4_9SystemGitNtB4_9GitRunner14diff_name_only0Cs7Fw43FPylcK_14pathfinder_mcp
FN:64,_RINvNtCsuZExG01YC8_17pathfinder_common3git23get_changed_files_sinceNtB2_9SystemGitECsaBz7PZGcJGm_14pathfinder_mcp
FN:68,_RNCINvNtCsuZExG01YC8_17pathfinder_common3git23get_changed_files_sinceNtB4_9SystemGitE0CsaBz7PZGcJGm_14pathfinder_mcp
FN:78,_RNCNCINvNtCsuZExG01YC8_17pathfinder_common3git23get_changed_files_sinceNtB6_9SystemGitE00CsaBz7PZGcJGm_14pathfinder_mcp
FN:32,_RNCNvXNtCsuZExG01YC8_17pathfinder_common3gitNtB4_9SystemGitNtB4_9GitRunner14diff_name_only0CsaBz7PZGcJGm_14pathfinder_mcp
FN:64,_RINvNtCsuZExG01YC8_17pathfinder_common3git23get_changed_files_sinceNtB2_9SystemGitECs1vjPnMfgdgZ_14pathfinder_lib
FN:68,_RNCINvNtCsuZExG01YC8_17pathfinder_common3git23get_changed_files_sinceNtB4_9SystemGitE0Cs1vjPnMfgdgZ_14pathfinder_lib
FN:78,_RNCNCINvNtCsuZExG01YC8_17pathfinder_common3git23get_changed_files_sinceNtB6_9SystemGitE00Cs1vjPnMfgdgZ_14pathfinder_lib
FN:32,_RNCNvXNtCsuZExG01YC8_17pathfinder_common3gitNtB4_9SystemGitNtB4_9GitRunner14diff_name_only0Cs1vjPnMfgdgZ_14pathfinder_lib
FNDA:1,_RINvNtCs9lqQblHgTDM_17pathfinder_common3git23get_changed_files_sinceNtNCNvNtB2_5testss_60test_get_changed_files_since_timeout_returns_timed_out_error013HangingRunnerEB4_
FNDA:5,_RINvNtCs9lqQblHgTDM_17pathfinder_common3git23get_changed_files_sinceNtNtB2_5tests13FakeGitRunnerEB4_
FNDA:1,_RNCINvNtCs9lqQblHgTDM_17pathfinder_common3git23get_changed_files_sinceNtNCNvNtB4_5testss_60test_get_changed_files_since_timeout_returns_timed_out_error013HangingRunnerE0B6_
FNDA:5,_RNCINvNtCs9lqQblHgTDM_17pathfinder_common3git23get_changed_files_sinceNtNtB4_5tests13FakeGitRunnerE0B6_
FNDA:1,_RNCNCINvNtCs9lqQblHgTDM_17pathfinder_common3git23get_changed_files_sinceNtNCNvNtB6_5testss_60test_get_changed_files_since_timeout_returns_timed_out_error013HangingRunnerE00B8_
FNDA:0,_RNCNCINvNtCs9lqQblHgTDM_17pathfinder_common3git23get_changed_files_sinceNtNtB6_5tests13FakeGitRunnerE00B8_
FNDA:4,_RNvMNtNtCs9lqQblHgTDM_17pathfinder_common3git5testsNtB2_13FakeGitRunner2ok
FNDA:1,_RNvMNtNtCs9lqQblHgTDM_17pathfinder_common3git5testsNtB2_13FakeGitRunner3err
FNDA:1,_RNvNtNtCs9lqQblHgTDM_17pathfinder_common3git5testss_42test_get_changed_files_since_parses_output
FNDA:1,_RNvNtNtCs9lqQblHgTDM_17pathfinder_common3git5testss_47test_get_changed_files_since_deduplicates_paths
FNDA:1,_RNvNtNtCs9lqQblHgTDM_17pathfinder_common3git5testss_48test_get_changed_files_since_ignores_blank_lines
FNDA:1,_RNvNtNtCs9lqQblHgTDM_17pathfinder_common3git5testss_52test_get_changed_files_since_propagates_runner_error
FNDA:1,_RNvNtNtCs9lqQblHgTDM_17pathfinder_common3git5testss_59test_get_changed_files_since_empty_output_returns_empty_set
FNDA:1,_RNvNtNtCs9lqQblHgTDM_17pathfinder_common3git5testss_60test_get_changed_files_since_timeout_returns_timed_out_error
FNDA:1,_RNvXNCNvNtNtCs9lqQblHgTDM_17pathfinder_common3git5testss_60test_get_changed_files_since_timeout_returns_timed_out_error0NtB2_13HangingRunnerNtB8_9GitRunner14diff_name_only
FNDA:5,_RNvXs_NtNtCs9lqQblHgTDM_17pathfinder_common3git5testsNtB4_13FakeGitRunnerNtB6_9GitRunner14diff_name_only
FNDA:1,_RNCNvNtNtCs9lqQblHgTDM_17pathfinder_common3git5testss_42test_get_changed_files_since_parses_output0B7_
FNDA:1,_RNCNvNtNtCs9lqQblHgTDM_17pathfinder_common3git5testss_47test_get_changed_files_since_deduplicates_paths0B7_
FNDA:1,_RNCNvNtNtCs9lqQblHgTDM_17pathfinder_common3git5testss_48test_get_changed_files_since_ignores_blank_lines0B7_
FNDA:1,_RNCNvNtNtCs9lqQblHgTDM_17pathfinder_common3git5testss_52test_get_changed_files_since_propagates_runner_error0B7_
FNDA:1,_RNCNvNtNtCs9lqQblHgTDM_17pathfinder_common3git5testss_59test_get_changed_files_since_empty_output_returns_empty_set0B7_
FNDA:1,_RNCNvNtNtCs9lqQblHgTDM_17pathfinder_common3git5testss_60test_get_changed_files_since_timeout_returns_timed_out_error0B7_
FNDA:1,_RNCNvXNCNvNtNtCs9lqQblHgTDM_17pathfinder_common3git5testss_60test_get_changed_files_since_timeout_returns_timed_out_error0NtB4_13HangingRunnerNtBa_9GitRunner14diff_name_only0Bc_
FNDA:5,_RNCNvXs_NtNtCs9lqQblHgTDM_17pathfinder_common3git5testsNtB6_13FakeGitRunnerNtB8_9GitRunner14diff_name_only0Ba_
FNDA:0,_RNCNvXNtCs9lqQblHgTDM_17pathfinder_common3gitNtB4_9SystemGitNtB4_9GitRunner14diff_name_only0B6_
FNDA:0,_RNvXNtCs9lqQblHgTDM_17pathfinder_common3gitNtB2_9SystemGitNtB2_9GitRunner14diff_name_only
FNDA:0,_RINvNtCsuZExG01YC8_17pathfinder_common3git23get_changed_files_sinceNtB2_9SystemGitECsb2XMseC3SKs_14pathfinder_lib
FNDA:0,_RNCINvNtCsuZExG01YC8_17pathfinder_common3git23get_changed_files_sinceNtB4_9SystemGitE0Csb2XMseC3SKs_14pathfinder_lib
FNDA:0,_RNCNCINvNtCsuZExG01YC8_17pathfinder_common3git23get_changed_files_sinceNtB6_9SystemGitE00Csb2XMseC3SKs_14pathfinder_lib
FNDA:0,_RNCNvXNtCsuZExG01YC8_17pathfinder_common3gitNtB4_9SystemGitNtB4_9GitRunner14diff_name_only0Csb2XMseC3SKs_14pathfinder_lib
FNDA:0,_RNvXNtCsuZExG01YC8_17pathfinder_common3gitNtB2_9SystemGitNtB2_9GitRunner14diff_name_only
FNDA:0,_RINvNtCsuZExG01YC8_17pathfinder_common3git23get_changed_files_sinceNtB2_9SystemGitECs7Fw43FPylcK_14pathfinder_mcp
FNDA:0,_RNCINvNtCsuZExG01YC8_17pathfinder_common3git23get_changed_files_sinceNtB4_9SystemGitE0Cs7Fw43FPylcK_14pathfinder_mcp
FNDA:0,_RNCNCINvNtCsuZExG01YC8_17pathfinder_common3git23get_changed_files_sinceNtB6_9SystemGitE00Cs7Fw43FPylcK_14pathfinder_mcp
FNDA:0,_RNCNvXNtCsuZExG01YC8_17pathfinder_common3gitNtB4_9SystemGitNtB4_9GitRunner14diff_name_only0Cs7Fw43FPylcK_14pathfinder_mcp
FNDA:0,_RINvNtCsuZExG01YC8_17pathfinder_common3git23get_changed_files_sinceNtB2_9SystemGitECsaBz7PZGcJGm_14pathfinder_mcp
FNDA:0,_RNCINvNtCsuZExG01YC8_17pathfinder_common3git23get_changed_files_sinceNtB4_9SystemGitE0CsaBz7PZGcJGm_14pathfinder_mcp
FNDA:0,_RNCNCINvNtCsuZExG01YC8_17pathfinder_common3git23get_changed_files_sinceNtB6_9SystemGitE00CsaBz7PZGcJGm_14pathfinder_mcp
FNDA:0,_RNCNvXNtCsuZExG01YC8_17pathfinder_common3gitNtB4_9SystemGitNtB4_9GitRunner14diff_name_only0CsaBz7PZGcJGm_14pathfinder_mcp
FNDA:0,_RINvNtCsuZExG01YC8_17pathfinder_common3git23get_changed_files_sinceNtB2_9SystemGitECs1vjPnMfgdgZ_14pathfinder_lib
FNDA:0,_RNCINvNtCsuZExG01YC8_17pathfinder_common3git23get_changed_files_sinceNtB4_9SystemGitE0Cs1vjPnMfgdgZ_14pathfinder_lib
FNDA:0,_RNCNCINvNtCsuZExG01YC8_17pathfinder_common3git23get_changed_files_sinceNtB6_9SystemGitE00Cs1vjPnMfgdgZ_14pathfinder_lib
FNDA:0,_RNCNvXNtCsuZExG01YC8_17pathfinder_common3gitNtB4_9SystemGitNtB4_9GitRunner14diff_name_only0Cs1vjPnMfgdgZ_14pathfinder_lib
FNF:23
FNH:21
DA:28,0
DA:29,0
DA:30,0
DA:31,0
DA:32,0
DA:33,0
DA:34,0
DA:35,0
DA:36,0
DA:37,0
DA:39,0
DA:40,0
DA:41,0
DA:42,0
DA:43,0
DA:44,0
DA:46,0
DA:47,0
DA:64,6
DA:65,6
DA:66,6
DA:67,6
DA:68,6
DA:69,6
DA:72,0
DA:76,6
DA:77,6
DA:78,6
DA:79,1
DA:82,0
DA:85,1
DA:86,1
DA:87,1
DA:89,1
DA:91,4
DA:92,4
DA:93,8
DA:94,8
DA:95,6
DA:96,6
DA:99,4
DA:102,0
DA:106,4
DA:107,6
DA:125,4
DA:126,4
DA:127,4
DA:128,4
DA:129,4
DA:131,1
DA:132,1
DA:133,1
DA:137,5
DA:138,5
DA:139,5
DA:140,5
DA:141,5
DA:142,5
DA:143,4
DA:144,1
DA:146,5
DA:154,1
DA:155,1
DA:156,1
DA:157,1
DA:158,1
DA:160,1
DA:161,1
DA:162,1
DA:163,1
DA:166,1
DA:167,1
DA:168,1
DA:169,1
DA:170,1
DA:172,1
DA:173,1
DA:176,1
DA:178,1
DA:179,1
DA:180,1
DA:181,1
DA:183,1
DA:184,1
DA:187,1
DA:188,1
DA:189,1
DA:190,1
DA:191,1
DA:193,1
DA:194,1
DA:197,1
DA:203,1
DA:204,1
DA:205,1
DA:206,1
DA:207,1
DA:209,1
DA:210,0
DA:211,0
DA:215,1
DA:217,1
DA:218,1
DA:219,1
DA:222,1
DA:223,1
DA:224,1
DA:225,1
DA:230,1
DA:232,1
DA:233,1
DA:234,1
DA:237,1
DA:239,1
DA:240,1
DA:241,1
DA:242,1
DA:244,1
DA:245,1
BRF:0
BRH:0
LF:137
LH:113
end_of_record
SF:/home/irahardianto/works/projects/pathfinder/crates/pathfinder-common/src/indent.rs
FN:41,_RNCNvNtCs9lqQblHgTDM_17pathfinder_common6indent10min_indent0B5_
FN:42,_RNCNvNtCs9lqQblHgTDM_17pathfinder_common6indent10min_indents_0B5_
FN:65,_RNCNvNtCs9lqQblHgTDM_17pathfinder_common6indent6dedent0B5_
FN:89,_RNCNvNtCs9lqQblHgTDM_17pathfinder_common6indent8reindent0B5_
FN:39,_RNvNtCs9lqQblHgTDM_17pathfinder_common6indent10min_indent
FN:13,_RNvNtCs9lqQblHgTDM_17pathfinder_common6indent11expand_tabs
FN:114,_RNvNtCs9lqQblHgTDM_17pathfinder_common6indent20dedent_then_reindent
FN:58,_RNvNtCs9lqQblHgTDM_17pathfinder_common6indent6dedent
FN:82,_RNvNtCs9lqQblHgTDM_17pathfinder_common6indent8reindent
FN:169,_RNvNtNtCs9lqQblHgTDM_17pathfinder_common6indent5testss_22test_reindent_column_8
FN:127,_RNvNtNtCs9lqQblHgTDM_17pathfinder_common6indent5testss_23test_dedent_four_spaces
FN:161,_RNvNtNtCs9lqQblHgTDM_17pathfinder_common6indent5testss_23test_dedent_single_line
FN:176,_RNvNtNtCs9lqQblHgTDM_17pathfinder_common6indent5testss_33test_reindent_column_zero_is_noop
FN:147,_RNvNtNtCs9lqQblHgTDM_17pathfinder_common6indent5testss_34test_dedent_already_at_column_zero
FN:191,_RNvNtNtCs9lqQblHgTDM_17pathfinder_common6indent5testss_34test_dedent_then_reindent_pipeline
FN:182,_RNvNtNtCs9lqQblHgTDM_17pathfinder_common6indent5testss_36test_reindent_blank_lines_not_padded
FN:133,_RNvNtNtCs9lqQblHgTDM_17pathfinder_common6indent5testss_37test_dedent_mixed_indent_uses_minimum
FN:140,_RNvNtNtCs9lqQblHgTDM_17pathfinder_common6indent5testss_38test_dedent_empty_lines_ignored_in_min
FN:198,_RNvNtNtCs9lqQblHgTDM_17pathfinder_common6indent5testss_42test_dedent_then_reindent_no_double_indent
FN:153,_RNvNtNtCs9lqQblHgTDM_17pathfinder_common6indent5testss_45test_dedent_tab_indented_normalises_to_spaces
FN:207,_RNvNtNtCs9lqQblHgTDM_17pathfinder_common6indent5testss_46test_dedent_then_reindent_multiline_with_blank
FN:41,_RNCNvNtCsuZExG01YC8_17pathfinder_common6indent10min_indent0B5_
FN:42,_RNCNvNtCsuZExG01YC8_17pathfinder_common6indent10min_indents_0B5_
FN:65,_RNCNvNtCsuZExG01YC8_17pathfinder_common6indent6dedent0B5_
FN:89,_RNCNvNtCsuZExG01YC8_17pathfinder_common6indent8reindent0B5_
FN:39,_RNvNtCsuZExG01YC8_17pathfinder_common6indent10min_indent
FN:13,_RNvNtCsuZExG01YC8_17pathfinder_common6indent11expand_tabs
FN:114,_RNvNtCsuZExG01YC8_17pathfinder_common6indent20dedent_then_reindent
FN:58,_RNvNtCsuZExG01YC8_17pathfinder_common6indent6dedent
FN:82,_RNvNtCsuZExG01YC8_17pathfinder_common6indent8reindent
FNDA:19,_RNCNvNtCs9lqQblHgTDM_17pathfinder_common6indent10min_indent0B5_
FNDA:17,_RNCNvNtCs9lqQblHgTDM_17pathfinder_common6indent10min_indents_0B5_
FNDA:17,_RNCNvNtCs9lqQblHgTDM_17pathfinder_common6indent6dedent0B5_
FNDA:12,_RNCNvNtCs9lqQblHgTDM_17pathfinder_common6indent8reindent0B5_
FNDA:9,_RNvNtCs9lqQblHgTDM_17pathfinder_common6indent10min_indent
FNDA:34,_RNvNtCs9lqQblHgTDM_17pathfinder_common6indent11expand_tabs
FNDA:3,_RNvNtCs9lqQblHgTDM_17pathfinder_common6indent20dedent_then_reindent
FNDA:9,_RNvNtCs9lqQblHgTDM_17pathfinder_common6indent6dedent
FNDA:6,_RNvNtCs9lqQblHgTDM_17pathfinder_common6indent8reindent
FNDA:1,_RNvNtNtCs9lqQblHgTDM_17pathfinder_common6indent5testss_22test_reindent_column_8
FNDA:1,_RNvNtNtCs9lqQblHgTDM_17pathfinder_common6indent5testss_23test_dedent_four_spaces
FNDA:1,_RNvNtNtCs9lqQblHgTDM_17pathfinder_common6indent5testss_23test_dedent_single_line
FNDA:1,_RNvNtNtCs9lqQblHgTDM_17pathfinder_common6indent5testss_33test_reindent_column_zero_is_noop
FNDA:1,_RNvNtNtCs9lqQblHgTDM_17pathfinder_common6indent5testss_34test_dedent_already_at_column_zero
FNDA:1,_RNvNtNtCs9lqQblHgTDM_17pathfinder_common6indent5testss_34test_dedent_then_reindent_pipeline
FNDA:1,_RNvNtNtCs9lqQblHgTDM_17pathfinder_common6indent5testss_36test_reindent_blank_lines_not_padded
FNDA:1,_RNvNtNtCs9lqQblHgTDM_17pathfinder_common6indent5testss_37test_dedent_mixed_indent_uses_minimum
FNDA:1,_RNvNtNtCs9lqQblHgTDM_17pathfinder_common6indent5testss_38test_dedent_empty_lines_ignored_in_min
FNDA:1,_RNvNtNtCs9lqQblHgTDM_17pathfinder_common6indent5testss_42test_dedent_then_reindent_no_double_indent
FNDA:1,_RNvNtNtCs9lqQblHgTDM_17pathfinder_common6indent5testss_45test_dedent_tab_indented_normalises_to_spaces
FNDA:1,_RNvNtNtCs9lqQblHgTDM_17pathfinder_common6indent5testss_46test_dedent_then_reindent_multiline_with_blank
FNDA:86,_RNCNvNtCsuZExG01YC8_17pathfinder_common6indent10min_indent0B5_
FNDA:86,_RNCNvNtCsuZExG01YC8_17pathfinder_common6indent10min_indents_0B5_
FNDA:30,_RNCNvNtCsuZExG01YC8_17pathfinder_common6indent6dedent0B5_
FNDA:24,_RNCNvNtCsuZExG01YC8_17pathfinder_common6indent8reindent0B5_
FNDA:82,_RNvNtCsuZExG01YC8_17pathfinder_common6indent10min_indent
FNDA:116,_RNvNtCsuZExG01YC8_17pathfinder_common6indent11expand_tabs
FNDA:82,_RNvNtCsuZExG01YC8_17pathfinder_common6indent20dedent_then_reindent
FNDA:82,_RNvNtCsuZExG01YC8_17pathfinder_common6indent6dedent
FNDA:82,_RNvNtCsuZExG01YC8_17pathfinder_common6indent8reindent
FNF:21
FNH:21
DA:13,150
DA:14,150
DA:15,150
DA:16,1590
DA:17,1590
DA:18,8
DA:19,32
DA:20,32
DA:21,32
DA:22,8
DA:23,1582
DA:24,1582
DA:25,1582
DA:26,1582
DA:28,150
DA:29,150
DA:39,91
DA:40,91
DA:41,105
DA:42,103
DA:43,103
DA:44,103
DA:45,103
DA:46,91
DA:47,91
DA:48,91
DA:58,91
DA:59,91
DA:60,91
DA:61,53
DA:62,38
DA:64,38
DA:65,47
DA:66,47
DA:67,47
DA:68,45
DA:71,2
DA:73,47
DA:74,38
DA:75,38
DA:76,91
DA:82,88
DA:83,88
DA:84,59
DA:85,29
DA:87,29
DA:88,29
DA:89,36
DA:90,36
DA:91,2
DA:93,34
DA:95,36
DA:96,29
DA:97,29
DA:98,88
DA:114,85
DA:115,85
DA:116,85
DA:117,85
DA:127,1
DA:128,1
DA:129,1
DA:130,1
DA:133,1
DA:135,1
DA:136,1
DA:137,1
DA:140,1
DA:142,1
DA:143,1
DA:144,1
DA:147,1
DA:148,1
DA:149,1
DA:150,1
DA:153,1
DA:155,1
DA:156,1
DA:157,1
DA:158,1
DA:161,1
DA:162,1
DA:163,1
DA:164,1
DA:169,1
DA:170,1
DA:171,1
DA:172,1
DA:173,1
DA:176,1
DA:177,1
DA:178,1
DA:179,1
DA:182,1
DA:183,1
DA:184,1
DA:185,1
DA:186,1
DA:191,1
DA:192,1
DA:193,1
DA:194,1
DA:195,1
DA:198,1
DA:201,1
DA:202,1
DA:203,1
DA:204,1
DA:207,1
DA:208,1
DA:209,1
DA:212,1
DA:213,1
BRF:0
BRH:0
LF:117
LH:117
end_of_record
SF:/home/irahardianto/works/projects/pathfinder/crates/pathfinder-common/src/normalize.rs
FN:61,_RNvNtCs9lqQblHgTDM_17pathfinder_common9normalize18strip_outer_braces
FN:22,_RNvNtCs9lqQblHgTDM_17pathfinder_common9normalize21strip_markdown_fences
FN:100,_RNvNtCs9lqQblHgTDM_17pathfinder_common9normalize22normalize_line_endings
FN:115,_RNvNtCs9lqQblHgTDM_17pathfinder_common9normalize26normalize_for_body_replace
FN:212,_RNvNtNtCs9lqQblHgTDM_17pathfinder_common9normalize5testss_25test_normalize_crlf_to_lf
FN:174,_RNvNtNtCs9lqQblHgTDM_17pathfinder_common9normalize5testss_30test_strip_outer_braces_simple
FN:243,_RNvNtNtCs9lqQblHgTDM_17pathfinder_common9normalize5testss_33test_normalize_full_pipeline_crlf
FN:180,_RNvNtNtCs9lqQblHgTDM_17pathfinder_common9normalize5testss_33test_strip_outer_braces_multiline
FN:201,_RNvNtNtCs9lqQblHgTDM_17pathfinder_common9normalize5testss_33test_strip_outer_braces_unmatched
FN:147,_RNvNtNtCs9lqQblHgTDM_17pathfinder_common9normalize5testss_34test_strip_markdown_fences_no_lang
FN:195,_RNvNtNtCs9lqQblHgTDM_17pathfinder_common9normalize5testss_35test_strip_outer_braces_not_wrapped
FN:166,_RNvNtNtCs9lqQblHgTDM_17pathfinder_common9normalize5testss_36test_strip_markdown_fences_multiline
FN:141,_RNvNtNtCs9lqQblHgTDM_17pathfinder_common9normalize5testss_36test_strip_markdown_fences_with_lang
FN:219,_RNvNtNtCs9lqQblHgTDM_17pathfinder_common9normalize5testss_37test_normalize_already_lf_is_borrowed
FN:236,_RNvNtNtCs9lqQblHgTDM_17pathfinder_common9normalize5testss_39test_normalize_full_pipeline_plain_code
FN:228,_RNvNtNtCs9lqQblHgTDM_17pathfinder_common9normalize5testss_45test_normalize_full_pipeline_fence_and_braces
FN:159,_RNvNtNtCs9lqQblHgTDM_17pathfinder_common9normalize5testss_46test_strip_markdown_fences_passthrough_partial
FN:187,_RNvNtNtCs9lqQblHgTDM_17pathfinder_common9normalize5testss_46test_strip_outer_braces_nested_inner_preserved
FN:153,_RNvNtNtCs9lqQblHgTDM_17pathfinder_common9normalize5testss_48test_strip_markdown_fences_passthrough_no_fences
FN:128,_RNvNtCs9lqQblHgTDM_17pathfinder_common9normalize26normalize_for_full_replace
FN:61,_RNvNtCsuZExG01YC8_17pathfinder_common9normalize18strip_outer_braces
FN:22,_RNvNtCsuZExG01YC8_17pathfinder_common9normalize21strip_markdown_fences
FN:100,_RNvNtCsuZExG01YC8_17pathfinder_common9normalize22normalize_line_endings
FN:115,_RNvNtCsuZExG01YC8_17pathfinder_common9normalize26normalize_for_body_replace
FN:128,_RNvNtCsuZExG01YC8_17pathfinder_common9normalize26normalize_for_full_replace
FNDA:8,_RNvNtCs9lqQblHgTDM_17pathfinder_common9normalize18strip_outer_braces
FNDA:8,_RNvNtCs9lqQblHgTDM_17pathfinder_common9normalize21strip_markdown_fences
FNDA:5,_RNvNtCs9lqQblHgTDM_17pathfinder_common9normalize22normalize_line_endings
FNDA:3,_RNvNtCs9lqQblHgTDM_17pathfinder_common9normalize26normalize_for_body_replace
FNDA:1,_RNvNtNtCs9lqQblHgTDM_17pathfinder_common9normalize5testss_25test_normalize_crlf_to_lf
FNDA:1,_RNvNtNtCs9lqQblHgTDM_17pathfinder_common9normalize5testss_30test_strip_outer_braces_simple
FNDA:1,_RNvNtNtCs9lqQblHgTDM_17pathfinder_common9normalize5testss_33test_normalize_full_pipeline_crlf
FNDA:1,_RNvNtNtCs9lqQblHgTDM_17pathfinder_common9normalize5testss_33test_strip_outer_braces_multiline
FNDA:1,_RNvNtNtCs9lqQblHgTDM_17pathfinder_common9normalize5testss_33test_strip_outer_braces_unmatched
FNDA:1,_RNvNtNtCs9lqQblHgTDM_17pathfinder_common9normalize5testss_34test_strip_markdown_fences_no_lang
FNDA:1,_RNvNtNtCs9lqQblHgTDM_17pathfinder_common9normalize5testss_35test_strip_outer_braces_not_wrapped
FNDA:1,_RNvNtNtCs9lqQblHgTDM_17pathfinder_common9normalize5testss_36test_strip_markdown_fences_multiline
FNDA:1,_RNvNtNtCs9lqQblHgTDM_17pathfinder_common9normalize5testss_36test_strip_markdown_fences_with_lang
FNDA:1,_RNvNtNtCs9lqQblHgTDM_17pathfinder_common9normalize5testss_37test_normalize_already_lf_is_borrowed
FNDA:1,_RNvNtNtCs9lqQblHgTDM_17pathfinder_common9normalize5testss_39test_normalize_full_pipeline_plain_code
FNDA:1,_RNvNtNtCs9lqQblHgTDM_17pathfinder_common9normalize5testss_45test_normalize_full_pipeline_fence_and_braces
FNDA:1,_RNvNtNtCs9lqQblHgTDM_17pathfinder_common9normalize5testss_46test_strip_markdown_fences_passthrough_partial
FNDA:1,_RNvNtNtCs9lqQblHgTDM_17pathfinder_common9normalize5testss_46test_strip_outer_braces_nested_inner_preserved
FNDA:1,_RNvNtNtCs9lqQblHgTDM_17pathfinder_common9normalize5testss_48test_strip_markdown_fences_passthrough_no_fences
FNDA:0,_RNvNtCs9lqQblHgTDM_17pathfinder_common9normalize26normalize_for_full_replace
FNDA:52,_RNvNtCsuZExG01YC8_17pathfinder_common9normalize18strip_outer_braces
FNDA:82,_RNvNtCsuZExG01YC8_17pathfinder_common9normalize21strip_markdown_fences
FNDA:82,_RNvNtCsuZExG01YC8_17pathfinder_common9normalize22normalize_line_endings
FNDA:52,_RNvNtCsuZExG01YC8_17pathfinder_common9normalize26normalize_for_body_replace
FNDA:30,_RNvNtCsuZExG01YC8_17pathfinder_common9normalize26normalize_for_full_replace
FNF:20
FNH:20
DA:22,90
DA:23,90
DA:26,90
DA:27,85
DA:31,5
DA:32,1
DA:33,4
DA:36,4
DA:39,4
DA:40,0
DA:44,4
DA:45,90
DA:61,60
DA:62,60
DA:64,60
DA:65,53
DA:66,7
DA:69,7
DA:70,7
DA:71,100
DA:72,100
DA:73,8
DA:75,8
DA:76,8
DA:77,7
DA:78,7
DA:79,1
DA:81,84
DA:86,7
DA:87,7
DA:89,6
DA:91,1
DA:93,60
DA:100,87
DA:101,87
DA:102,2
DA:104,85
DA:106,87
DA:115,55
DA:116,55
DA:117,55
DA:118,55
DA:119,55
DA:128,30
DA:129,30
DA:130,30
DA:131,30
DA:141,1
DA:142,1
DA:143,1
DA:144,1
DA:147,1
DA:148,1
DA:149,1
DA:150,1
DA:153,1
DA:154,1
DA:155,1
DA:156,1
DA:159,1
DA:160,1
DA:162,1
DA:163,1
DA:166,1
DA:167,1
DA:168,1
DA:169,1
DA:174,1
DA:175,1
DA:176,1
DA:177,1
DA:180,1
DA:181,1
DA:182,1
DA:183,1
DA:184,1
DA:187,1
DA:188,1
DA:189,1
DA:191,1
DA:192,1
DA:195,1
DA:196,1
DA:197,1
DA:198,1
DA:201,1
DA:203,1
DA:206,1
DA:207,1
DA:212,1
DA:213,1
DA:214,1
DA:215,1
DA:216,1
DA:219,1
DA:220,1
DA:221,1
DA:222,1
DA:223,1
DA:228,1
DA:229,1
DA:230,1
DA:232,1
DA:233,1
DA:236,1
DA:237,1
DA:238,1
DA:239,1
DA:240,1
DA:243,1
DA:244,1
DA:245,1
DA:246,1
DA:247,1
BRF:0
BRH:0
LF:114
LH:113
end_of_record
SF:/home/irahardianto/works/projects/pathfinder/crates/pathfinder-common/src/sandbox.rs
FN:303,_RNvNtNtCs9lqQblHgTDM_17pathfinder_common7sandbox5tests15default_sandbox
FN:330,_RNvNtNtCs9lqQblHgTDM_17pathfinder_common7sandbox5testss_18test_git_allowlist
FN:360,_RNvNtNtCs9lqQblHgTDM_17pathfinder_common7sandbox5testss_19test_allow_override
FN:371,_RNvNtNtCs9lqQblHgTDM_17pathfinder_common7sandbox5testss_20test_additional_deny
FN:340,_RNvNtNtCs9lqQblHgTDM_17pathfinder_common7sandbox5testss_21test_default_deny_env
FN:354,_RNvNtNtCs9lqQblHgTDM_17pathfinder_common7sandbox5testss_24test_default_deny_vendor
FN:322,_RNvNtNtCs9lqQblHgTDM_17pathfinder_common7sandbox5testss_28test_hardcoded_deny_pem_file
FN:346,_RNvNtNtCs9lqQblHgTDM_17pathfinder_common7sandbox5testss_30test_default_deny_node_modules
FN:312,_RNvNtNtCs9lqQblHgTDM_17pathfinder_common7sandbox5testss_31test_hardcoded_deny_git_objects
FN:426,_RNvNtNtCs9lqQblHgTDM_17pathfinder_common7sandbox5testss_32test_normal_source_files_allowed
FN:462,_RNvNtNtCs9lqQblHgTDM_17pathfinder_common7sandbox5testss_36test_with_user_rules_injected_ignore
FN:450,_RNvNtNtCs9lqQblHgTDM_17pathfinder_common7sandbox5testss_37test_with_user_rules_none_skips_tier3
FN:435,_RNvNtNtCs9lqQblHgTDM_17pathfinder_common7sandbox5testss_40test_hardcoded_deny_cannot_be_overridden
FN:502,_RNvNtNtCs9lqQblHgTDM_17pathfinder_common7sandbox5testss_41test_cross_workspace_absolute_path_denied
FN:484,_RNvNtNtCs9lqQblHgTDM_17pathfinder_common7sandbox5testss_41test_same_workspace_absolute_path_allowed
FN:407,_RNvNtNtCs9lqQblHgTDM_17pathfinder_common7sandbox5testss_53test_additional_deny_directory_pattern_no_prefix_leak
FN:386,_RNvNtNtCs9lqQblHgTDM_17pathfinder_common7sandbox5testss_55test_additional_deny_bare_word_does_not_substring_match
FN:102,_RNCNCNvMNtCs9lqQblHgTDM_17pathfinder_common7sandboxNtB6_7Sandbox15with_user_rules00B8_
FN:102,_RNCNvMNtCs9lqQblHgTDM_17pathfinder_common7sandboxNtB4_7Sandbox15with_user_rules0B6_
FN:103,_RNCNvMNtCs9lqQblHgTDM_17pathfinder_common7sandboxNtB4_7Sandbox15with_user_ruless_0B6_
FN:217,_RNCNvMNtCs9lqQblHgTDM_17pathfinder_common7sandboxNtB4_7Sandbox17is_default_denied0B6_
FN:205,_RNCNvMNtCs9lqQblHgTDM_17pathfinder_common7sandboxNtB4_7Sandbox19is_hardcoded_denied0B6_
FN:274,_RNCNvMNtCs9lqQblHgTDM_17pathfinder_common7sandboxNtB4_7Sandbox20is_additional_denied0B6_
FN:140,_RNCNvMNtCs9lqQblHgTDM_17pathfinder_common7sandboxNtB4_7Sandbox5check0B6_
FN:19,_RNCNvNtCs9lqQblHgTDM_17pathfinder_common7sandbox13path_basename0B5_
FN:19,_RNCNvNtCs9lqQblHgTDM_17pathfinder_common7sandbox13path_basenames_0B5_
FN:283,_RNvMNtCs9lqQblHgTDM_17pathfinder_common7sandboxNtB2_7Sandbox14is_user_denied
FN:94,_RNvMNtCs9lqQblHgTDM_17pathfinder_common7sandboxNtB2_7Sandbox15with_user_rules
FN:214,_RNvMNtCs9lqQblHgTDM_17pathfinder_common7sandboxNtB2_7Sandbox17is_default_denied
FN:185,_RNvMNtCs9lqQblHgTDM_17pathfinder_common7sandboxNtB2_7Sandbox19is_hardcoded_denied
FN:250,_RNvMNtCs9lqQblHgTDM_17pathfinder_common7sandboxNtB2_7Sandbox20is_additional_denied
FN:245,_RNvMNtCs9lqQblHgTDM_17pathfinder_common7sandboxNtB2_7Sandbox21matches_exact_pattern
FN:220,_RNvMNtCs9lqQblHgTDM_17pathfinder_common7sandboxNtB2_7Sandbox23matches_default_pattern
FN:237,_RNvMNtCs9lqQblHgTDM_17pathfinder_common7sandboxNtB2_7Sandbox24matches_wildcard_pattern
FN:230,_RNvMNtCs9lqQblHgTDM_17pathfinder_common7sandboxNtB2_7Sandbox25matches_directory_pattern
FN:118,_RNvMNtCs9lqQblHgTDM_17pathfinder_common7sandboxNtB2_7Sandbox5check
FN:16,_RNvNtCs9lqQblHgTDM_17pathfinder_common7sandbox13path_basename
FN:74,_RNvMNtCs9lqQblHgTDM_17pathfinder_common7sandboxNtB2_7Sandbox3new
FN:283,_RNvMNtCsuZExG01YC8_17pathfinder_common7sandboxNtB2_7Sandbox14is_user_denied
FN:94,_RNvMNtCsuZExG01YC8_17pathfinder_common7sandboxNtB2_7Sandbox15with_user_rules
FN:214,_RNvMNtCsuZExG01YC8_17pathfinder_common7sandboxNtB2_7Sandbox17is_default_denied
FN:185,_RNvMNtCsuZExG01YC8_17pathfinder_common7sandboxNtB2_7Sandbox19is_hardcoded_denied
FN:250,_RNvMNtCsuZExG01YC8_17pathfinder_common7sandboxNtB2_7Sandbox20is_additional_denied
FN:245,_RNvMNtCsuZExG01YC8_17pathfinder_common7sandboxNtB2_7Sandbox21matches_exact_pattern
FN:220,_RNvMNtCsuZExG01YC8_17pathfinder_common7sandboxNtB2_7Sandbox23matches_default_pattern
FN:237,_RNvMNtCsuZExG01YC8_17pathfinder_common7sandboxNtB2_7Sandbox24matches_wildcard_pattern
FN:230,_RNvMNtCsuZExG01YC8_17pathfinder_common7sandboxNtB2_7Sandbox25matches_directory_pattern
FN:74,_RNvMNtCsuZExG01YC8_17pathfinder_common7sandboxNtB2_7Sandbox3new
FN:118,_RNvMNtCsuZExG01YC8_17pathfinder_common7sandboxNtB2_7Sandbox5check
FN:16,_RNvNtCsuZExG01YC8_17pathfinder_common7sandbox13path_basename
FN:102,_RNCNCNvMNtCsuZExG01YC8_17pathfinder_common7sandboxNtB6_7Sandbox15with_user_rules00B8_
FN:102,_RNCNvMNtCsuZExG01YC8_17pathfinder_common7sandboxNtB4_7Sandbox15with_user_rules0B6_
FN:103,_RNCNvMNtCsuZExG01YC8_17pathfinder_common7sandboxNtB4_7Sandbox15with_user_ruless_0B6_
FN:217,_RNCNvMNtCsuZExG01YC8_17pathfinder_common7sandboxNtB4_7Sandbox17is_default_denied0B6_
FN:205,_RNCNvMNtCsuZExG01YC8_17pathfinder_common7sandboxNtB4_7Sandbox19is_hardcoded_denied0B6_
FN:274,_RNCNvMNtCsuZExG01YC8_17pathfinder_common7sandboxNtB4_7Sandbox20is_additional_denied0B6_
FN:140,_RNCNvMNtCsuZExG01YC8_17pathfinder_common7sandboxNtB4_7Sandbox5check0B6_
FN:19,_RNCNvNtCsuZExG01YC8_17pathfinder_common7sandbox13path_basename0B5_
FN:19,_RNCNvNtCsuZExG01YC8_17pathfinder_common7sandbox13path_basenames_0B5_
FNDA:7,_RNvNtNtCs9lqQblHgTDM_17pathfinder_common7sandbox5tests15default_sandbox
FNDA:1,_RNvNtNtCs9lqQblHgTDM_17pathfinder_common7sandbox5testss_18test_git_allowlist
FNDA:1,_RNvNtNtCs9lqQblHgTDM_17pathfinder_common7sandbox5testss_19test_allow_override
FNDA:1,_RNvNtNtCs9lqQblHgTDM_17pathfinder_common7sandbox5testss_20test_additional_deny
FNDA:1,_RNvNtNtCs9lqQblHgTDM_17pathfinder_common7sandbox5testss_21test_default_deny_env
FNDA:1,_RNvNtNtCs9lqQblHgTDM_17pathfinder_common7sandbox5testss_24test_default_deny_vendor
FNDA:1,_RNvNtNtCs9lqQblHgTDM_17pathfinder_common7sandbox5testss_28test_hardcoded_deny_pem_file
FNDA:1,_RNvNtNtCs9lqQblHgTDM_17pathfinder_common7sandbox5testss_30test_default_deny_node_modules
FNDA:1,_RNvNtNtCs9lqQblHgTDM_17pathfinder_common7sandbox5testss_31test_hardcoded_deny_git_objects
FNDA:1,_RNvNtNtCs9lqQblHgTDM_17pathfinder_common7sandbox5testss_32test_normal_source_files_allowed
FNDA:1,_RNvNtNtCs9lqQblHgTDM_17pathfinder_common7sandbox5testss_36test_with_user_rules_injected_ignore
FNDA:1,_RNvNtNtCs9lqQblHgTDM_17pathfinder_common7sandbox5testss_37test_with_user_rules_none_skips_tier3
FNDA:1,_RNvNtNtCs9lqQblHgTDM_17pathfinder_common7sandbox5testss_40test_hardcoded_deny_cannot_be_overridden
FNDA:1,_RNvNtNtCs9lqQblHgTDM_17pathfinder_common7sandbox5testss_41test_cross_workspace_absolute_path_denied
FNDA:1,_RNvNtNtCs9lqQblHgTDM_17pathfinder_common7sandbox5testss_41test_same_workspace_absolute_path_allowed
FNDA:1,_RNvNtNtCs9lqQblHgTDM_17pathfinder_common7sandbox5testss_53test_additional_deny_directory_pattern_no_prefix_leak
FNDA:1,_RNvNtNtCs9lqQblHgTDM_17pathfinder_common7sandbox5testss_55test_additional_deny_bare_word_does_not_substring_match
FNDA:16,_RNCNCNvMNtCs9lqQblHgTDM_17pathfinder_common7sandboxNtB6_7Sandbox15with_user_rules00B8_
FNDA:128,_RNCNvMNtCs9lqQblHgTDM_17pathfinder_common7sandboxNtB4_7Sandbox15with_user_rules0B6_
FNDA:127,_RNCNvMNtCs9lqQblHgTDM_17pathfinder_common7sandboxNtB4_7Sandbox15with_user_ruless_0B6_
FNDA:161,_RNCNvMNtCs9lqQblHgTDM_17pathfinder_common7sandboxNtB4_7Sandbox17is_default_denied0B6_
FNDA:66,_RNCNvMNtCs9lqQblHgTDM_17pathfinder_common7sandboxNtB4_7Sandbox19is_hardcoded_denied0B6_
FNDA:2,_RNCNvMNtCs9lqQblHgTDM_17pathfinder_common7sandboxNtB4_7Sandbox20is_additional_denied0B6_
FNDA:57,_RNCNvMNtCs9lqQblHgTDM_17pathfinder_common7sandboxNtB4_7Sandbox5check0B6_
FNDA:0,_RNCNvNtCs9lqQblHgTDM_17pathfinder_common7sandbox13path_basename0B5_
FNDA:42,_RNCNvNtCs9lqQblHgTDM_17pathfinder_common7sandbox13path_basenames_0B5_
FNDA:16,_RNvMNtCs9lqQblHgTDM_17pathfinder_common7sandboxNtB2_7Sandbox14is_user_denied
FNDA:16,_RNvMNtCs9lqQblHgTDM_17pathfinder_common7sandboxNtB2_7Sandbox15with_user_rules
FNDA:22,_RNvMNtCs9lqQblHgTDM_17pathfinder_common7sandboxNtB2_7Sandbox17is_default_denied
FNDA:27,_RNvMNtCs9lqQblHgTDM_17pathfinder_common7sandboxNtB2_7Sandbox19is_hardcoded_denied
FNDA:19,_RNvMNtCs9lqQblHgTDM_17pathfinder_common7sandboxNtB2_7Sandbox20is_additional_denied
FNDA:21,_RNvMNtCs9lqQblHgTDM_17pathfinder_common7sandboxNtB2_7Sandbox21matches_exact_pattern
FNDA:161,_RNvMNtCs9lqQblHgTDM_17pathfinder_common7sandboxNtB2_7Sandbox23matches_default_pattern
FNDA:21,_RNvMNtCs9lqQblHgTDM_17pathfinder_common7sandboxNtB2_7Sandbox24matches_wildcard_pattern
FNDA:119,_RNvMNtCs9lqQblHgTDM_17pathfinder_common7sandboxNtB2_7Sandbox25matches_directory_pattern
FNDA:28,_RNvMNtCs9lqQblHgTDM_17pathfinder_common7sandboxNtB2_7Sandbox5check
FNDA:42,_RNvNtCs9lqQblHgTDM_17pathfinder_common7sandbox13path_basename
FNDA:0,_RNvMNtCs9lqQblHgTDM_17pathfinder_common7sandboxNtB2_7Sandbox3new
FNDA:162,_RNvMNtCsuZExG01YC8_17pathfinder_common7sandboxNtB2_7Sandbox14is_user_denied
FNDA:178,_RNvMNtCsuZExG01YC8_17pathfinder_common7sandboxNtB2_7Sandbox15with_user_rules
FNDA:164,_RNvMNtCsuZExG01YC8_17pathfinder_common7sandboxNtB2_7Sandbox17is_default_denied
FNDA:174,_RNvMNtCsuZExG01YC8_17pathfinder_common7sandboxNtB2_7Sandbox19is_hardcoded_denied
FNDA:162,_RNvMNtCsuZExG01YC8_17pathfinder_common7sandboxNtB2_7Sandbox20is_additional_denied
FNDA:164,_RNvMNtCsuZExG01YC8_17pathfinder_common7sandboxNtB2_7Sandbox21matches_exact_pattern
FNDA:1298,_RNvMNtCsuZExG01YC8_17pathfinder_common7sandboxNtB2_7Sandbox23matches_default_pattern
FNDA:162,_RNvMNtCsuZExG01YC8_17pathfinder_common7sandboxNtB2_7Sandbox24matches_wildcard_pattern
FNDA:972,_RNvMNtCsuZExG01YC8_17pathfinder_common7sandboxNtB2_7Sandbox25matches_directory_pattern
FNDA:178,_RNvMNtCsuZExG01YC8_17pathfinder_common7sandboxNtB2_7Sandbox3new
FNDA:174,_RNvMNtCsuZExG01YC8_17pathfinder_common7sandboxNtB2_7Sandbox5check
FNDA:326,_RNvNtCsuZExG01YC8_17pathfinder_common7sandbox13path_basename
FNDA:0,_RNCNCNvMNtCsuZExG01YC8_17pathfinder_common7sandboxNtB6_7Sandbox15with_user_rules00B8_
FNDA:1424,_RNCNvMNtCsuZExG01YC8_17pathfinder_common7sandboxNtB4_7Sandbox15with_user_rules0B6_
FNDA:1424,_RNCNvMNtCsuZExG01YC8_17pathfinder_common7sandboxNtB4_7Sandbox15with_user_ruless_0B6_
FNDA:1298,_RNCNvMNtCsuZExG01YC8_17pathfinder_common7sandboxNtB4_7Sandbox17is_default_denied0B6_
FNDA:632,_RNCNvMNtCsuZExG01YC8_17pathfinder_common7sandboxNtB4_7Sandbox19is_hardcoded_denied0B6_
FNDA:0,_RNCNvMNtCsuZExG01YC8_17pathfinder_common7sandboxNtB4_7Sandbox20is_additional_denied0B6_
FNDA:310,_RNCNvMNtCsuZExG01YC8_17pathfinder_common7sandboxNtB4_7Sandbox5check0B6_
FNDA:8,_RNCNvNtCsuZExG01YC8_17pathfinder_common7sandbox13path_basename0B5_
FNDA:318,_RNCNvNtCsuZExG01YC8_17pathfinder_common7sandbox13path_basenames_0B5_
FNF:38
FNH:38
DA:16,368
DA:17,368
DA:18,368
DA:19,368
DA:20,368
DA:74,178
DA:76,178
DA:77,178
DA:78,0
DA:80,0
DA:81,0
DA:83,178
DA:86,178
DA:87,178
DA:94,194
DA:95,194
DA:96,194
DA:97,194
DA:98,194
DA:100,194
DA:101,194
DA:102,1552
DA:103,1551
DA:104,194
DA:106,194
DA:107,194
DA:108,194
DA:109,194
DA:110,194
DA:111,194
DA:112,194
DA:118,202
DA:120,202
DA:122,2
DA:124,1
DA:127,1
DA:128,1
DA:129,1
DA:130,1
DA:134,200
DA:138,201
DA:139,201
DA:140,367
DA:142,0
DA:143,0
DA:144,0
DA:145,0
DA:146,201
DA:148,201
DA:151,201
DA:152,15
DA:153,15
DA:154,15
DA:155,15
DA:156,186
DA:159,186
DA:160,5
DA:161,5
DA:162,5
DA:163,5
DA:164,181
DA:167,181
DA:168,3
DA:169,3
DA:170,3
DA:171,3
DA:172,178
DA:175,178
DA:176,1
DA:177,1
DA:178,1
DA:179,1
DA:180,177
DA:182,177
DA:183,202
DA:185,201
DA:187,798
DA:188,798
DA:189,3
DA:190,795
DA:194,1144
DA:195,1144
DA:196,12
DA:197,1132
DA:201,186
DA:202,176
DA:203,176
DA:204,176
DA:205,698
DA:207,3
DA:208,173
DA:209,10
DA:211,183
DA:212,201
DA:214,186
DA:215,186
DA:216,186
DA:217,1459
DA:218,186
DA:220,1459
DA:221,1459
DA:222,1091
DA:223,368
DA:224,183
DA:226,185
DA:228,1459
DA:230,1091
DA:231,1091
DA:232,1091
DA:233,2
DA:234,2
DA:235,1091
DA:237,183
DA:238,183
DA:239,0
DA:241,183
DA:242,183
DA:243,183
DA:245,185
DA:246,185
DA:247,185
DA:248,185
DA:250,181
DA:251,181
DA:252,6
DA:254,2
DA:255,2
DA:256,1
DA:257,1
DA:258,4
DA:260,2
DA:262,2
DA:263,2
DA:264,1
DA:265,1
DA:267,1
DA:268,1
DA:272,2
DA:273,2
DA:274,2
DA:275,2
DA:276,1
DA:277,1
DA:280,178
DA:281,181
DA:283,178
DA:284,178
DA:286,2
DA:287,2
DA:289,176
DA:291,178
DA:303,7
DA:304,7
DA:305,7
DA:306,7
DA:307,7
DA:309,7
DA:312,1
DA:313,1
DA:314,1
DA:315,1
DA:316,1
DA:317,1
DA:318,0
DA:319,1
DA:322,1
DA:323,1
DA:324,1
DA:325,1
DA:326,1
DA:327,1
DA:330,1
DA:331,1
DA:332,1
DA:333,1
DA:334,1
DA:335,1
DA:336,1
DA:337,1
DA:340,1
DA:341,1
DA:342,1
DA:343,1
DA:346,1
DA:347,1
DA:348,1
DA:349,1
DA:350,1
DA:351,1
DA:354,1
DA:355,1
DA:356,1
DA:357,1
DA:360,1
DA:361,1
DA:362,1
DA:363,1
DA:364,1
DA:365,1
DA:367,1
DA:368,1
DA:371,1
DA:372,1
DA:373,1
DA:374,1
DA:375,1
DA:376,1
DA:377,1
DA:379,1
DA:380,1
DA:386,1
DA:387,1
DA:388,1
DA:389,1
DA:390,1
DA:391,1
DA:395,1
DA:396,1
DA:400,1
DA:401,1
DA:404,1
DA:407,1
DA:409,1
DA:410,1
DA:411,1
DA:412,1
DA:413,1
DA:415,1
DA:416,1
DA:419,1
DA:420,1
DA:423,1
DA:426,1
DA:427,1
DA:428,1
DA:429,1
DA:430,1
DA:431,1
DA:432,1
DA:435,1
DA:436,1
DA:437,1
DA:438,1
DA:439,1
DA:440,1
DA:442,1
DA:443,1
DA:450,1
DA:452,1
DA:453,1
DA:454,1
DA:455,1
DA:458,1
DA:459,1
DA:462,1
DA:464,1
DA:465,1
DA:467,1
DA:468,1
DA:469,1
DA:470,1
DA:472,1
DA:473,1
DA:474,1
DA:475,1
DA:478,1
DA:480,1
DA:481,1
DA:484,1
DA:486,1
DA:487,1
DA:488,1
DA:491,1
DA:492,1
DA:493,1
DA:498,1
DA:499,1
DA:502,1
DA:504,1
DA:505,1
DA:508,1
DA:509,1
DA:510,1
DA:511,1
DA:514,1
BRF:0
BRH:0
LF:294
LH:285
end_of_record
SF:/home/irahardianto/works/projects/pathfinder/crates/pathfinder-common/src/types.rs
FN:409,_RNvNtNtCs9lqQblHgTDM_17pathfinder_common5types5testss_24test_filter_mode_default
FN:391,_RNvNtNtCs9lqQblHgTDM_17pathfinder_common5types5testss_25test_version_hash_compute
FN:399,_RNvNtNtCs9lqQblHgTDM_17pathfinder_common5types5testss_26test_version_hash_equality
FN:349,_RNvNtNtCs9lqQblHgTDM_17pathfinder_common5types5testss_28test_semantic_path_bare_file
FN:373,_RNvNtNtCs9lqQblHgTDM_17pathfinder_common5types5testss_30test_semantic_path_empty_input
FN:337,_RNvNtNtCs9lqQblHgTDM_17pathfinder_common5types5testss_30test_semantic_path_with_symbol
FN:356,_RNvNtNtCs9lqQblHgTDM_17pathfinder_common5types5testss_32test_semantic_path_with_overload
FN:383,_RNvNtNtCs9lqQblHgTDM_17pathfinder_common5types5testss_33test_semantic_path_default_export
FN:378,_RNvNtNtCs9lqQblHgTDM_17pathfinder_common5types5testss_34test_semantic_path_empty_file_part
FN:366,_RNvNtNtCs9lqQblHgTDM_17pathfinder_common5types5testss_36test_semantic_path_display_roundtrip
FN:430,_RNvNtNtCs9lqQblHgTDM_17pathfinder_common5types5testss_37test_resolve_strict_rejects_traversal
FN:414,_RNvNtNtCs9lqQblHgTDM_17pathfinder_common5types5testss_39test_resolve_path_traversal_is_detected
FN:454,_RNvNtNtCs9lqQblHgTDM_17pathfinder_common5types5testss_41test_resolve_strict_accepts_relative_path
FN:442,_RNvNtNtCs9lqQblHgTDM_17pathfinder_common5types5testss_41test_resolve_strict_rejects_absolute_path
FN:212,_RINvMs6_NtCs9lqQblHgTDM_17pathfinder_common5typesNtB6_13WorkspaceRoot3newRNtNtCsjrHSEGnQ3l9_3std4path4PathEB8_
FN:267,_RNCNvMs6_NtCs9lqQblHgTDM_17pathfinder_common5typesNtB7_13WorkspaceRoot14resolve_strict0B9_
FN:230,_RNCNvMs6_NtCs9lqQblHgTDM_17pathfinder_common5typesNtB7_13WorkspaceRoot7resolve0B9_
FN:63,_RNvMNtCs9lqQblHgTDM_17pathfinder_common5typesNtB2_12SemanticPath12is_bare_file
FN:39,_RNvMNtCs9lqQblHgTDM_17pathfinder_common5typesNtB2_12SemanticPath5parse
FN:90,_RNvMs0_NtCs9lqQblHgTDM_17pathfinder_common5typesNtB5_11SymbolChain5parse
FN:126,_RNvMs2_NtCs9lqQblHgTDM_17pathfinder_common5typesNtB5_6Symbol5parse
FN:177,_RNvMs4_NtCs9lqQblHgTDM_17pathfinder_common5typesNtB5_11VersionHash6as_str
FN:163,_RNvMs4_NtCs9lqQblHgTDM_17pathfinder_common5typesNtB5_11VersionHash7compute
FN:263,_RNvMs6_NtCs9lqQblHgTDM_17pathfinder_common5typesNtB5_13WorkspaceRoot14resolve_strict
FN:226,_RNvMs6_NtCs9lqQblHgTDM_17pathfinder_common5typesNtB5_13WorkspaceRoot7resolve
FN:106,_RNvXs1_NtCs9lqQblHgTDM_17pathfinder_common5typesNtB5_11SymbolChainNtNtCsgEmfK2I1SDS_4core3fmt7Display3fmt
FN:147,_RNvXs3_NtCs9lqQblHgTDM_17pathfinder_common5typesNtB5_6SymbolNtNtCsgEmfK2I1SDS_4core3fmt7Display3fmt
FN:69,_RNvXs_NtCs9lqQblHgTDM_17pathfinder_common5typesNtB4_12SemanticPathNtNtCsgEmfK2I1SDS_4core3fmt7Display3fmt
FN:171,_RNvMs4_NtCs9lqQblHgTDM_17pathfinder_common5typesNtB5_11VersionHash8from_raw
FN:283,_RNvMs6_NtCs9lqQblHgTDM_17pathfinder_common5typesNtB5_13WorkspaceRoot4path
FN:183,_RNvXs5_NtCs9lqQblHgTDM_17pathfinder_common5typesNtB5_11VersionHashNtNtCsgEmfK2I1SDS_4core3fmt7Display3fmt
FN:212,_RINvMs6_NtCsuZExG01YC8_17pathfinder_common5typesNtB6_13WorkspaceRoot3newNtNtCsjrHSEGnQ3l9_3std4path7PathBufECsb2XMseC3SKs_14pathfinder_lib
FN:212,_RINvMs6_NtCsuZExG01YC8_17pathfinder_common5typesNtB6_13WorkspaceRoot3newRNtNtCsjrHSEGnQ3l9_3std4path4PathECsb2XMseC3SKs_14pathfinder_lib
FN:63,_RNvMNtCsuZExG01YC8_17pathfinder_common5typesNtB2_12SemanticPath12is_bare_file
FN:39,_RNvMNtCsuZExG01YC8_17pathfinder_common5typesNtB2_12SemanticPath5parse
FN:90,_RNvMs0_NtCsuZExG01YC8_17pathfinder_common5typesNtB5_11SymbolChain5parse
FN:126,_RNvMs2_NtCsuZExG01YC8_17pathfinder_common5typesNtB5_6Symbol5parse
FN:177,_RNvMs4_NtCsuZExG01YC8_17pathfinder_common5typesNtB5_11VersionHash6as_str
FN:163,_RNvMs4_NtCsuZExG01YC8_17pathfinder_common5typesNtB5_11VersionHash7compute
FN:171,_RNvMs4_NtCsuZExG01YC8_17pathfinder_common5typesNtB5_11VersionHash8from_raw
FN:263,_RNvMs6_NtCsuZExG01YC8_17pathfinder_common5typesNtB5_13WorkspaceRoot14resolve_strict
FN:283,_RNvMs6_NtCsuZExG01YC8_17pathfinder_common5typesNtB5_13WorkspaceRoot4path
FN:226,_RNvMs6_NtCsuZExG01YC8_17pathfinder_common5typesNtB5_13WorkspaceRoot7resolve
FN:106,_RNvXs1_NtCsuZExG01YC8_17pathfinder_common5typesNtB5_11SymbolChainNtNtCsgEmfK2I1SDS_4core3fmt7Display3fmt
FN:147,_RNvXs3_NtCsuZExG01YC8_17pathfinder_common5typesNtB5_6SymbolNtNtCsgEmfK2I1SDS_4core3fmt7Display3fmt
FN:183,_RNvXs5_NtCsuZExG01YC8_17pathfinder_common5typesNtB5_11VersionHashNtNtCsgEmfK2I1SDS_4core3fmt7Display3fmt
FN:69,_RNvXs_NtCsuZExG01YC8_17pathfinder_common5typesNtB4_12SemanticPathNtNtCsgEmfK2I1SDS_4core3fmt7Display3fmt
FN:267,_RNCNvMs6_NtCsuZExG01YC8_17pathfinder_common5typesNtB7_13WorkspaceRoot14resolve_strict0B9_
FN:230,_RNCNvMs6_NtCsuZExG01YC8_17pathfinder_common5typesNtB7_13WorkspaceRoot7resolve0B9_
FN:212,_RINvMs6_NtCsuZExG01YC8_17pathfinder_common5typesNtB6_13WorkspaceRoot3newRNtNtCsjrHSEGnQ3l9_3std4path7PathBufECs7Fw43FPylcK_14pathfinder_mcp
FN:212,_RINvMs6_NtCsuZExG01YC8_17pathfinder_common5typesNtB6_13WorkspaceRoot3newNtNtCsjrHSEGnQ3l9_3std4path7PathBufECsaBz7PZGcJGm_14pathfinder_mcp
FN:212,_RINvMs6_NtCsuZExG01YC8_17pathfinder_common5typesNtB6_13WorkspaceRoot3newRNtNtCsjrHSEGnQ3l9_3std4path4PathECsaBz7PZGcJGm_14pathfinder_mcp
FN:212,_RINvMs6_NtCsuZExG01YC8_17pathfinder_common5typesNtB6_13WorkspaceRoot3newRNtNtCsjrHSEGnQ3l9_3std4path7PathBufECsaBz7PZGcJGm_14pathfinder_mcp
FNDA:1,_RNvNtNtCs9lqQblHgTDM_17pathfinder_common5types5testss_24test_filter_mode_default
FNDA:1,_RNvNtNtCs9lqQblHgTDM_17pathfinder_common5types5testss_25test_version_hash_compute
FNDA:1,_RNvNtNtCs9lqQblHgTDM_17pathfinder_common5types5testss_26test_version_hash_equality
FNDA:1,_RNvNtNtCs9lqQblHgTDM_17pathfinder_common5types5testss_28test_semantic_path_bare_file
FNDA:1,_RNvNtNtCs9lqQblHgTDM_17pathfinder_common5types5testss_30test_semantic_path_empty_input
FNDA:1,_RNvNtNtCs9lqQblHgTDM_17pathfinder_common5types5testss_30test_semantic_path_with_symbol
FNDA:1,_RNvNtNtCs9lqQblHgTDM_17pathfinder_common5types5testss_32test_semantic_path_with_overload
FNDA:1,_RNvNtNtCs9lqQblHgTDM_17pathfinder_common5types5testss_33test_semantic_path_default_export
FNDA:1,_RNvNtNtCs9lqQblHgTDM_17pathfinder_common5types5testss_34test_semantic_path_empty_file_part
FNDA:1,_RNvNtNtCs9lqQblHgTDM_17pathfinder_common5types5testss_36test_semantic_path_display_roundtrip
FNDA:1,_RNvNtNtCs9lqQblHgTDM_17pathfinder_common5types5testss_37test_resolve_strict_rejects_traversal
FNDA:1,_RNvNtNtCs9lqQblHgTDM_17pathfinder_common5types5testss_39test_resolve_path_traversal_is_detected
FNDA:1,_RNvNtNtCs9lqQblHgTDM_17pathfinder_common5types5testss_41test_resolve_strict_accepts_relative_path
FNDA:1,_RNvNtNtCs9lqQblHgTDM_17pathfinder_common5types5testss_41test_resolve_strict_rejects_absolute_path
FNDA:4,_RINvMs6_NtCs9lqQblHgTDM_17pathfinder_common5typesNtB6_13WorkspaceRoot3newRNtNtCsjrHSEGnQ3l9_3std4path4PathEB8_
FNDA:6,_RNCNvMs6_NtCs9lqQblHgTDM_17pathfinder_common5typesNtB7_13WorkspaceRoot14resolve_strict0B9_
FNDA:3,_RNCNvMs6_NtCs9lqQblHgTDM_17pathfinder_common5typesNtB7_13WorkspaceRoot7resolve0B9_
FNDA:2,_RNvMNtCs9lqQblHgTDM_17pathfinder_common5typesNtB2_12SemanticPath12is_bare_file
FNDA:7,_RNvMNtCs9lqQblHgTDM_17pathfinder_common5typesNtB2_12SemanticPath5parse
FNDA:4,_RNvMs0_NtCs9lqQblHgTDM_17pathfinder_common5typesNtB5_11SymbolChain5parse
FNDA:7,_RNvMs2_NtCs9lqQblHgTDM_17pathfinder_common5typesNtB5_6Symbol5parse
FNDA:2,_RNvMs4_NtCs9lqQblHgTDM_17pathfinder_common5typesNtB5_11VersionHash6as_str
FNDA:4,_RNvMs4_NtCs9lqQblHgTDM_17pathfinder_common5typesNtB5_11VersionHash7compute
FNDA:3,_RNvMs6_NtCs9lqQblHgTDM_17pathfinder_common5typesNtB5_13WorkspaceRoot14resolve_strict
FNDA:2,_RNvMs6_NtCs9lqQblHgTDM_17pathfinder_common5typesNtB5_13WorkspaceRoot7resolve
FNDA:1,_RNvXs1_NtCs9lqQblHgTDM_17pathfinder_common5typesNtB5_11SymbolChainNtNtCsgEmfK2I1SDS_4core3fmt7Display3fmt
FNDA:2,_RNvXs3_NtCs9lqQblHgTDM_17pathfinder_common5typesNtB5_6SymbolNtNtCsgEmfK2I1SDS_4core3fmt7Display3fmt
FNDA:1,_RNvXs_NtCs9lqQblHgTDM_17pathfinder_common5typesNtB4_12SemanticPathNtNtCsgEmfK2I1SDS_4core3fmt7Display3fmt
FNDA:0,_RNvMs4_NtCs9lqQblHgTDM_17pathfinder_common5typesNtB5_11VersionHash8from_raw
FNDA:0,_RNvMs6_NtCs9lqQblHgTDM_17pathfinder_common5typesNtB5_13WorkspaceRoot4path
FNDA:0,_RNvXs5_NtCs9lqQblHgTDM_17pathfinder_common5typesNtB5_11VersionHashNtNtCsgEmfK2I1SDS_4core3fmt7Display3fmt
FNDA:9,_RINvMs6_NtCsuZExG01YC8_17pathfinder_common5typesNtB6_13WorkspaceRoot3newNtNtCsjrHSEGnQ3l9_3std4path7PathBufECsb2XMseC3SKs_14pathfinder_lib
FNDA:80,_RINvMs6_NtCsuZExG01YC8_17pathfinder_common5typesNtB6_13WorkspaceRoot3newRNtNtCsjrHSEGnQ3l9_3std4path4PathECsb2XMseC3SKs_14pathfinder_lib
FNDA:94,_RNvMNtCsuZExG01YC8_17pathfinder_common5typesNtB2_12SemanticPath12is_bare_file
FNDA:173,_RNvMNtCsuZExG01YC8_17pathfinder_common5typesNtB2_12SemanticPath5parse
FNDA:148,_RNvMs0_NtCsuZExG01YC8_17pathfinder_common5typesNtB5_11SymbolChain5parse
FNDA:159,_RNvMs2_NtCsuZExG01YC8_17pathfinder_common5typesNtB5_6Symbol5parse
FNDA:377,_RNvMs4_NtCsuZExG01YC8_17pathfinder_common5typesNtB5_11VersionHash6as_str
FNDA:403,_RNvMs4_NtCsuZExG01YC8_17pathfinder_common5typesNtB5_11VersionHash7compute
FNDA:76,_RNvMs4_NtCsuZExG01YC8_17pathfinder_common5typesNtB5_11VersionHash8from_raw
FNDA:0,_RNvMs6_NtCsuZExG01YC8_17pathfinder_common5typesNtB5_13WorkspaceRoot14resolve_strict
FNDA:532,_RNvMs6_NtCsuZExG01YC8_17pathfinder_common5typesNtB5_13WorkspaceRoot4path
FNDA:146,_RNvMs6_NtCsuZExG01YC8_17pathfinder_common5typesNtB5_13WorkspaceRoot7resolve
FNDA:8,_RNvXs1_NtCsuZExG01YC8_17pathfinder_common5typesNtB5_11SymbolChainNtNtCsgEmfK2I1SDS_4core3fmt7Display3fmt
FNDA:9,_RNvXs3_NtCsuZExG01YC8_17pathfinder_common5typesNtB5_6SymbolNtNtCsgEmfK2I1SDS_4core3fmt7Display3fmt
FNDA:13,_RNvXs5_NtCsuZExG01YC8_17pathfinder_common5typesNtB5_11VersionHashNtNtCsgEmfK2I1SDS_4core3fmt7Display3fmt
FNDA:6,_RNvXs_NtCsuZExG01YC8_17pathfinder_common5typesNtB4_12SemanticPathNtNtCsgEmfK2I1SDS_4core3fmt7Display3fmt
FNDA:0,_RNCNvMs6_NtCsuZExG01YC8_17pathfinder_common5typesNtB7_13WorkspaceRoot14resolve_strict0B9_
FNDA:240,_RNCNvMs6_NtCsuZExG01YC8_17pathfinder_common5typesNtB7_13WorkspaceRoot7resolve0B9_
FNDA:0,_RINvMs6_NtCsuZExG01YC8_17pathfinder_common5typesNtB6_13WorkspaceRoot3newRNtNtCsjrHSEGnQ3l9_3std4path7PathBufECs7Fw43FPylcK_14pathfinder_mcp
FNDA:9,_RINvMs6_NtCsuZExG01YC8_17pathfinder_common5typesNtB6_13WorkspaceRoot3newNtNtCsjrHSEGnQ3l9_3std4path7PathBufECsaBz7PZGcJGm_14pathfinder_mcp
FNDA:80,_RINvMs6_NtCsuZExG01YC8_17pathfinder_common5typesNtB6_13WorkspaceRoot3newRNtNtCsjrHSEGnQ3l9_3std4path4PathECsaBz7PZGcJGm_14pathfinder_mcp
FNDA:1,_RINvMs6_NtCsuZExG01YC8_17pathfinder_common5typesNtB6_13WorkspaceRoot3newRNtNtCsjrHSEGnQ3l9_3std4path7PathBufECsaBz7PZGcJGm_14pathfinder_mcp
FNF:31
FNH:31
DA:39,180
DA:40,180
DA:41,3
DA:42,177
DA:44,177
DA:45,145
DA:46,1
DA:47,144
DA:48,144
DA:49,144
DA:50,144
DA:51,144
DA:52,144
DA:54,32
DA:55,32
DA:56,32
DA:57,32
DA:59,180
DA:63,96
DA:64,96
DA:65,96
DA:69,7
DA:70,7
DA:71,7
DA:72,7
DA:73,0
DA:74,7
DA:75,7
DA:90,152
DA:91,152
DA:92,0
DA:93,152
DA:95,152
DA:97,152
DA:98,0
DA:99,152
DA:101,152
DA:102,152
DA:106,9
DA:107,9
DA:108,9
DA:109,9
DA:126,166
DA:127,166
DA:128,0
DA:129,166
DA:131,166
DA:132,4
DA:133,4
DA:134,4
DA:135,4
DA:136,4
DA:138,162
DA:139,162
DA:140,162
DA:141,162
DA:143,166
DA:147,11
DA:148,11
DA:149,11
DA:150,1
DA:151,10
DA:152,11
DA:153,11
DA:163,407
DA:165,407
DA:166,407
DA:167,407
DA:171,76
DA:172,76
DA:173,76
DA:177,379
DA:178,379
DA:179,379
DA:183,13
DA:184,13
DA:185,13
DA:212,183
DA:213,183
DA:214,183
DA:215,182
DA:216,183
DA:226,148
DA:227,148
DA:228,148
DA:229,148
DA:230,243
DA:233,148
DA:234,1
DA:235,0
DA:236,0
DA:239,147
DA:241,148
DA:242,246
DA:243,246
DA:244,246
DA:247,0
DA:248,246
DA:249,246
DA:252,148
DA:253,148
DA:263,3
DA:264,3
DA:265,3
DA:266,3
DA:267,6
DA:269,3
DA:270,2
DA:271,2
DA:272,2
DA:273,2
DA:274,1
DA:278,1
DA:279,3
DA:283,532
DA:284,532
DA:285,532
DA:337,1
DA:338,1
DA:339,1
DA:340,1
DA:342,1
DA:343,1
DA:344,1
DA:345,1
DA:346,1
DA:349,1
DA:350,1
DA:351,1
DA:352,1
DA:353,1
DA:356,1
DA:357,1
DA:358,1
DA:359,1
DA:360,1
DA:361,1
DA:362,1
DA:363,1
DA:366,1
DA:367,1
DA:368,1
DA:369,1
DA:370,1
DA:373,1
DA:374,1
DA:375,1
DA:378,1
DA:379,1
DA:380,1
DA:383,1
DA:384,1
DA:385,1
DA:386,1
DA:387,1
DA:388,1
DA:391,1
DA:392,1
DA:393,1
DA:395,1
DA:396,1
DA:399,1
DA:400,1
DA:401,1
DA:402,1
DA:404,1
DA:405,1
DA:406,1
DA:409,1
DA:410,1
DA:411,1
DA:414,1
DA:418,1
DA:419,1
DA:421,1
DA:423,1
DA:426,1
DA:427,1
DA:430,1
DA:431,1
DA:432,1
DA:434,1
DA:435,1
DA:437,1
DA:438,1
DA:439,1
DA:442,1
DA:443,1
DA:444,1
DA:446,1
DA:447,1
DA:449,1
DA:450,1
DA:451,1
DA:454,1
DA:455,1
DA:456,1
DA:458,1
DA:459,1
DA:461,1
DA:462,1
DA:463,1
DA:464,1
BRF:0
BRH:0
LF:205
LH:198
end_of_record
SF:/home/irahardianto/works/projects/pathfinder/crates/pathfinder-lsp/src/client/capabilities.rs
FN:46,_RNvMNtNtCscBgZELoTFF0_14pathfinder_lsp6client12capabilitiesNtB2_20DetectedCapabilities18from_response_json
FN:53,_RNCNCNvMNtNtCscBgZELoTFF0_14pathfinder_lsp6client12capabilitiesNtB6_20DetectedCapabilities18from_response_json00Ba_
FN:52,_RNCNvMNtNtCscBgZELoTFF0_14pathfinder_lsp6client12capabilitiesNtB4_20DetectedCapabilities18from_response_json0B8_
FN:62,_RNCNvMNtNtCscBgZELoTFF0_14pathfinder_lsp6client12capabilitiesNtB4_20DetectedCapabilities18from_response_jsons0_0B8_
FN:61,_RNCNvMNtNtCscBgZELoTFF0_14pathfinder_lsp6client12capabilitiesNtB4_20DetectedCapabilities18from_response_jsons_0B8_
FN:46,_RNvMNtNtCs4F9smGagOs0_14pathfinder_lsp6client12capabilitiesNtB2_20DetectedCapabilities18from_response_json
FN:83,_RNvNtNtNtCs4F9smGagOs0_14pathfinder_lsp6client12capabilities5testss_23test_empty_capabilities
FN:94,_RNvNtNtNtCs4F9smGagOs0_14pathfinder_lsp6client12capabilities5testss_27test_bool_true_capabilities
FN:134,_RNvNtNtNtCs4F9smGagOs0_14pathfinder_lsp6client12capabilities5testss_28test_bool_false_capabilities
FN:112,_RNvNtNtNtCs4F9smGagOs0_14pathfinder_lsp6client12capabilities5testss_29test_object_form_capabilities
FN:53,_RNCNCNvMNtNtCs4F9smGagOs0_14pathfinder_lsp6client12capabilitiesNtB6_20DetectedCapabilities18from_response_json00Ba_
FN:52,_RNCNvMNtNtCs4F9smGagOs0_14pathfinder_lsp6client12capabilitiesNtB4_20DetectedCapabilities18from_response_json0B8_
FN:62,_RNCNvMNtNtCs4F9smGagOs0_14pathfinder_lsp6client12capabilitiesNtB4_20DetectedCapabilities18from_response_jsons0_0B8_
FN:61,_RNCNvMNtNtCs4F9smGagOs0_14pathfinder_lsp6client12capabilitiesNtB4_20DetectedCapabilities18from_response_jsons_0B8_
FNDA:0,_RNvMNtNtCscBgZELoTFF0_14pathfinder_lsp6client12capabilitiesNtB2_20DetectedCapabilities18from_response_json
FNDA:0,_RNCNCNvMNtNtCscBgZELoTFF0_14pathfinder_lsp6client12capabilitiesNtB6_20DetectedCapabilities18from_response_json00Ba_
FNDA:0,_RNCNvMNtNtCscBgZELoTFF0_14pathfinder_lsp6client12capabilitiesNtB4_20DetectedCapabilities18from_response_json0B8_
FNDA:0,_RNCNvMNtNtCscBgZELoTFF0_14pathfinder_lsp6client12capabilitiesNtB4_20DetectedCapabilities18from_response_jsons0_0B8_
FNDA:0,_RNCNvMNtNtCscBgZELoTFF0_14pathfinder_lsp6client12capabilitiesNtB4_20DetectedCapabilities18from_response_jsons_0B8_
FNDA:4,_RNvMNtNtCs4F9smGagOs0_14pathfinder_lsp6client12capabilitiesNtB2_20DetectedCapabilities18from_response_json
FNDA:1,_RNvNtNtNtCs4F9smGagOs0_14pathfinder_lsp6client12capabilities5testss_23test_empty_capabilities
FNDA:1,_RNvNtNtNtCs4F9smGagOs0_14pathfinder_lsp6client12capabilities5testss_27test_bool_true_capabilities
FNDA:1,_RNvNtNtNtCs4F9smGagOs0_14pathfinder_lsp6client12capabilities5testss_28test_bool_false_capabilities
FNDA:1,_RNvNtNtNtCs4F9smGagOs0_14pathfinder_lsp6client12capabilities5testss_29test_object_form_capabilities
FNDA:10,_RNCNCNvMNtNtCs4F9smGagOs0_14pathfinder_lsp6client12capabilitiesNtB6_20DetectedCapabilities18from_response_json00Ba_
FNDA:16,_RNCNvMNtNtCs4F9smGagOs0_14pathfinder_lsp6client12capabilitiesNtB4_20DetectedCapabilities18from_response_json0B8_
FNDA:1,_RNCNvMNtNtCs4F9smGagOs0_14pathfinder_lsp6client12capabilitiesNtB4_20DetectedCapabilities18from_response_jsons0_0B8_
FNDA:2,_RNCNvMNtNtCs4F9smGagOs0_14pathfinder_lsp6client12capabilitiesNtB4_20DetectedCapabilities18from_response_jsons_0B8_
FNF:9
FNH:9
DA:46,4
DA:47,4
DA:52,16
DA:53,16
DA:54,6
DA:55,4
DA:56,10
DA:57,16
DA:59,4
DA:60,4
DA:61,4
DA:62,4
DA:63,1
DA:64,0
DA:65,1
DA:67,4
DA:68,4
DA:69,4
DA:70,4
DA:71,4
DA:72,4
DA:73,4
DA:74,4
DA:83,1
DA:84,1
DA:85,1
DA:86,1
DA:87,1
DA:88,1
DA:89,1
DA:90,1
DA:91,1
DA:94,1
DA:95,1
DA:96,1
DA:97,1
DA:98,1
DA:99,1
DA:100,1
DA:103,1
DA:104,1
DA:105,1
DA:106,1
DA:107,1
DA:108,1
DA:109,1
DA:112,1
DA:114,1
DA:115,1
DA:116,1
DA:117,1
DA:118,1
DA:119,1
DA:120,1
DA:121,1
DA:125,1
DA:126,1
DA:127,1
DA:128,1
DA:129,1
DA:130,1
DA:131,1
DA:134,1
DA:135,1
DA:136,1
DA:137,1
DA:138,1
DA:141,1
DA:142,1
DA:143,1
DA:144,1
DA:145,1
BRF:0
BRH:0
LF:76
LH:75
end_of_record
SF:/home/irahardianto/works/projects/pathfinder/crates/pathfinder-lsp/src/client/detect.rs
FN:152,_RNCNCNvNtNtCscBgZELoTFF0_14pathfinder_lsp6client6detect16detect_languages00B9_
FN:191,_RNCNCNvNtNtCscBgZELoTFF0_14pathfinder_lsp6client6detect16detect_languages0s0_0B9_
FN:212,_RNCNCNvNtNtCscBgZELoTFF0_14pathfinder_lsp6client6detect16detect_languages0s1_0B9_
FN:129,_RNCNCNvNtNtCscBgZELoTFF0_14pathfinder_lsp6client6detect16detect_languages0s2_0B9_
FN:130,_RNCNCNvNtNtCscBgZELoTFF0_14pathfinder_lsp6client6detect16detect_languages0s3_0B9_
FN:140,_RNCNCNvNtNtCscBgZELoTFF0_14pathfinder_lsp6client6detect16detect_languages0s4_0B9_
FN:141,_RNCNCNvNtNtCscBgZELoTFF0_14pathfinder_lsp6client6detect16detect_languages0s5_0B9_
FN:129,_RNCNCNvNtNtCscBgZELoTFF0_14pathfinder_lsp6client6detect16detect_languages0s6_0B9_
FN:130,_RNCNCNvNtNtCscBgZELoTFF0_14pathfinder_lsp6client6detect16detect_languages0s7_0B9_
FN:140,_RNCNCNvNtNtCscBgZELoTFF0_14pathfinder_lsp6client6detect16detect_languages0s8_0B9_
[...]
FN:82,_RNCNvNtNtNtCs1vjPnMfgdgZ_14pathfinder_lib6server5tools11source_file19map_symbols_compact0B9_
FN:133,_RNvMNtNtNtCs1vjPnMfgdgZ_14pathfinder_lib6server5tools11source_fileNtB6_16PathfinderServer21read_source_file_impl
FN:9,_RNvNtNtNtCs1vjPnMfgdgZ_14pathfinder_lib6server5tools11source_file11map_symbols
FN:92,_RNvNtNtNtCs1vjPnMfgdgZ_14pathfinder_lib6server5tools11source_file14filter_symbols
FN:56,_RNvNtNtNtCs1vjPnMfgdgZ_14pathfinder_lib6server5tools11source_file16render_recursive
FN:109,_RNvNtNtNtCs1vjPnMfgdgZ_14pathfinder_lib6server5tools11source_file16truncate_content
FN:33,_RNvNtNtNtCs1vjPnMfgdgZ_14pathfinder_lib6server5tools11source_file18render_symbol_tree
FN:77,_RNvNtNtNtCs1vjPnMfgdgZ_14pathfinder_lib6server5tools11source_file19map_symbols_compact
FNDA:3,_RNvNtNtNtCsb2XMseC3SKs_14pathfinder_lib6server5tools11source_file11map_symbols
FNDA:6,_RNvNtNtNtCsb2XMseC3SKs_14pathfinder_lib6server5tools11source_file14filter_symbols
FNDA:2,_RNvNtNtNtCsb2XMseC3SKs_14pathfinder_lib6server5tools11source_file16render_recursive
FNDA:5,_RNvNtNtNtCsb2XMseC3SKs_14pathfinder_lib6server5tools11source_file16truncate_content
FNDA:2,_RNvNtNtNtCsb2XMseC3SKs_14pathfinder_lib6server5tools11source_file18render_symbol_tree
FNDA:1,_RNvNtNtNtCsb2XMseC3SKs_14pathfinder_lib6server5tools11source_file19map_symbols_compact
FNDA:0,_RNCNCNCNvMNtNtNtCsb2XMseC3SKs_14pathfinder_lib6server5tools11source_fileNtBc_16PathfinderServer21read_source_file_impl000Be_
FNDA:0,_RNCNvMNtNtNtCsb2XMseC3SKs_14pathfinder_lib6server5tools11source_fileNtB8_16PathfinderServer21read_source_file_impl0Ba_
FNDA:2,_RNCNvNtNtNtCsb2XMseC3SKs_14pathfinder_lib6server5tools11source_file11map_symbols0B9_
FNDA:6,_RNCNvNtNtNtCsb2XMseC3SKs_14pathfinder_lib6server5tools11source_file14filter_symbols0B9_
FNDA:3,_RNCNvNtNtNtCsb2XMseC3SKs_14pathfinder_lib6server5tools11source_file16truncate_content0B9_
FNDA:1,_RNCNvNtNtNtCsb2XMseC3SKs_14pathfinder_lib6server5tools11source_file19map_symbols_compact0B9_
FNDA:0,_RNvMNtNtNtCsb2XMseC3SKs_14pathfinder_lib6server5tools11source_fileNtB6_16PathfinderServer21read_source_file_impl
FNDA:5,_RNvNtNtNtNtCsb2XMseC3SKs_14pathfinder_lib6server5tools11source_file5tests11make_symbol
FNDA:1,_RNvNtNtNtNtCsb2XMseC3SKs_14pathfinder_lib6server5tools11source_file5testss_19test_filter_symbols
FNDA:1,_RNvNtNtNtNtCsb2XMseC3SKs_14pathfinder_lib6server5tools11source_file5testss_21test_truncate_content
FNDA:1,_RNvNtNtNtNtCsb2XMseC3SKs_14pathfinder_lib6server5tools11source_file5testss_22test_map_symbols_modes
FNDA:1,_RNvNtNtNtNtCsb2XMseC3SKs_14pathfinder_lib6server5tools11source_file5testss_30test_render_symbol_tree_nested
FNDA:1,_RNvNtNtNtNtCsb2XMseC3SKs_14pathfinder_lib6server5tools11source_file5testss_33test_truncate_content_single_line
FNDA:1,_RNvNtNtNtNtCsb2XMseC3SKs_14pathfinder_lib6server5tools11source_file5testss_35test_truncate_content_no_truncation
FNDA:1,_RNvNtNtNtNtCsb2XMseC3SKs_14pathfinder_lib6server5tools11source_file5testss_37test_render_symbol_tree_single_symbol
FNDA:0,_RNCNCNCNvMNtNtNtCs7Fw43FPylcK_14pathfinder_mcp6server5tools11source_fileNtBc_16PathfinderServer21read_source_file_impl000Be_
FNDA:0,_RNCNvMNtNtNtCs7Fw43FPylcK_14pathfinder_mcp6server5tools11source_fileNtB8_16PathfinderServer21read_source_file_impl0Ba_
FNDA:0,_RNCNvNtNtNtCs7Fw43FPylcK_14pathfinder_mcp6server5tools11source_file11map_symbols0B9_
FNDA:0,_RNCNvNtNtNtCs7Fw43FPylcK_14pathfinder_mcp6server5tools11source_file14filter_symbols0B9_
FNDA:0,_RNCNvNtNtNtCs7Fw43FPylcK_14pathfinder_mcp6server5tools11source_file16truncate_content0B9_
FNDA:0,_RNCNvNtNtNtCs7Fw43FPylcK_14pathfinder_mcp6server5tools11source_file19map_symbols_compact0B9_
FNDA:0,_RNvMNtNtNtCs7Fw43FPylcK_14pathfinder_mcp6server5tools11source_fileNtB6_16PathfinderServer21read_source_file_impl
FNDA:0,_RNvNtNtNtCs7Fw43FPylcK_14pathfinder_mcp6server5tools11source_file11map_symbols
FNDA:0,_RNvNtNtNtCs7Fw43FPylcK_14pathfinder_mcp6server5tools11source_file14filter_symbols
FNDA:0,_RNvNtNtNtCs7Fw43FPylcK_14pathfinder_mcp6server5tools11source_file16render_recursive
FNDA:0,_RNvNtNtNtCs7Fw43FPylcK_14pathfinder_mcp6server5tools11source_file16truncate_content
FNDA:0,_RNvNtNtNtCs7Fw43FPylcK_14pathfinder_mcp6server5tools11source_file18render_symbol_tree
FNDA:0,_RNvNtNtNtCs7Fw43FPylcK_14pathfinder_mcp6server5tools11source_file19map_symbols_compact
FNDA:0,_RNCNCNCNvMNtNtNtCsaBz7PZGcJGm_14pathfinder_mcp6server5tools11source_fileNtBc_16PathfinderServer21read_source_file_impl000Be_
FNDA:0,_RNCNvMNtNtNtCsaBz7PZGcJGm_14pathfinder_mcp6server5tools11source_fileNtB8_16PathfinderServer21read_source_file_impl0Ba_
FNDA:2,_RNCNvNtNtNtCsaBz7PZGcJGm_14pathfinder_mcp6server5tools11source_file11map_symbols0B9_
FNDA:6,_RNCNvNtNtNtCsaBz7PZGcJGm_14pathfinder_mcp6server5tools11source_file14filter_symbols0B9_
FNDA:3,_RNCNvNtNtNtCsaBz7PZGcJGm_14pathfinder_mcp6server5tools11source_file16truncate_content0B9_
FNDA:1,_RNCNvNtNtNtCsaBz7PZGcJGm_14pathfinder_mcp6server5tools11source_file19map_symbols_compact0B9_
FNDA:0,_RNvMNtNtNtCsaBz7PZGcJGm_14pathfinder_mcp6server5tools11source_fileNtB6_16PathfinderServer21read_source_file_impl
FNDA:3,_RNvNtNtNtCsaBz7PZGcJGm_14pathfinder_mcp6server5tools11source_file11map_symbols
FNDA:6,_RNvNtNtNtCsaBz7PZGcJGm_14pathfinder_mcp6server5tools11source_file14filter_symbols
FNDA:2,_RNvNtNtNtCsaBz7PZGcJGm_14pathfinder_mcp6server5tools11source_file16render_recursive
FNDA:5,_RNvNtNtNtCsaBz7PZGcJGm_14pathfinder_mcp6server5tools11source_file16truncate_content
FNDA:2,_RNvNtNtNtCsaBz7PZGcJGm_14pathfinder_mcp6server5tools11source_file18render_symbol_tree
FNDA:1,_RNvNtNtNtCsaBz7PZGcJGm_14pathfinder_mcp6server5tools11source_file19map_symbols_compact
FNDA:5,_RNvNtNtNtNtCsaBz7PZGcJGm_14pathfinder_mcp6server5tools11source_file5tests11make_symbol
FNDA:1,_RNvNtNtNtNtCsaBz7PZGcJGm_14pathfinder_mcp6server5tools11source_file5testss_19test_filter_symbols
FNDA:1,_RNvNtNtNtNtCsaBz7PZGcJGm_14pathfinder_mcp6server5tools11source_file5testss_21test_truncate_content
FNDA:1,_RNvNtNtNtNtCsaBz7PZGcJGm_14pathfinder_mcp6server5tools11source_file5testss_22test_map_symbols_modes
FNDA:1,_RNvNtNtNtNtCsaBz7PZGcJGm_14pathfinder_mcp6server5tools11source_file5testss_30test_render_symbol_tree_nested
FNDA:1,_RNvNtNtNtNtCsaBz7PZGcJGm_14pathfinder_mcp6server5tools11source_file5testss_33test_truncate_content_single_line
FNDA:1,_RNvNtNtNtNtCsaBz7PZGcJGm_14pathfinder_mcp6server5tools11source_file5testss_35test_truncate_content_no_truncation
FNDA:1,_RNvNtNtNtNtCsaBz7PZGcJGm_14pathfinder_mcp6server5tools11source_file5testss_37test_render_symbol_tree_single_symbol
FNDA:0,_RNCNCNCNvMNtNtNtCs1vjPnMfgdgZ_14pathfinder_lib6server5tools11source_fileNtBc_16PathfinderServer21read_source_file_impl000Be_
FNDA:0,_RNCNvMNtNtNtCs1vjPnMfgdgZ_14pathfinder_lib6server5tools11source_fileNtB8_16PathfinderServer21read_source_file_impl0Ba_
FNDA:0,_RNCNvNtNtNtCs1vjPnMfgdgZ_14pathfinder_lib6server5tools11source_file11map_symbols0B9_
FNDA:0,_RNCNvNtNtNtCs1vjPnMfgdgZ_14pathfinder_lib6server5tools11source_file14filter_symbols0B9_
FNDA:0,_RNCNvNtNtNtCs1vjPnMfgdgZ_14pathfinder_lib6server5tools11source_file16truncate_content0B9_
FNDA:0,_RNCNvNtNtNtCs1vjPnMfgdgZ_14pathfinder_lib6server5tools11source_file19map_symbols_compact0B9_
FNDA:0,_RNvMNtNtNtCs1vjPnMfgdgZ_14pathfinder_lib6server5tools11source_fileNtB6_16PathfinderServer21read_source_file_impl
FNDA:0,_RNvNtNtNtCs1vjPnMfgdgZ_14pathfinder_lib6server5tools11source_file11map_symbols
FNDA:0,_RNvNtNtNtCs1vjPnMfgdgZ_14pathfinder_lib6server5tools11source_file14filter_symbols
FNDA:0,_RNvNtNtNtCs1vjPnMfgdgZ_14pathfinder_lib6server5tools11source_file16render_recursive
FNDA:0,_RNvNtNtNtCs1vjPnMfgdgZ_14pathfinder_lib6server5tools11source_file16truncate_content
FNDA:0,_RNvNtNtNtCs1vjPnMfgdgZ_14pathfinder_lib6server5tools11source_file18render_symbol_tree
FNDA:0,_RNvNtNtNtCs1vjPnMfgdgZ_14pathfinder_lib6server5tools11source_file19map_symbols_compact
FNF:21
FNH:18
DA:9,6
DA:10,6
DA:11,6
DA:12,4
DA:13,4
DA:14,4
DA:15,4
DA:16,4
DA:17,4
DA:18,4
DA:19,6
DA:20,6
DA:33,4
DA:34,4
DA:35,4
DA:38,4
DA:39,4
DA:40,4
DA:41,4
DA:43,4
DA:49,4
DA:52,4
DA:53,4
DA:56,4
DA:57,4
DA:58,4
DA:59,4
DA:60,2
DA:62,2
DA:64,4
DA:66,4
DA:71,4
DA:72,0
DA:73,4
DA:75,4
DA:77,2
DA:78,2
DA:79,2
DA:80,2
DA:81,2
DA:82,2
DA:83,2
DA:84,2
DA:85,2
DA:86,2
DA:87,2
DA:88,2
DA:89,2
DA:90,2
DA:92,12
DA:93,12
DA:94,12
DA:95,12
DA:96,12
DA:97,12
DA:98,12
DA:99,12
DA:100,8
DA:101,8
DA:103,4
DA:105,12
DA:106,12
DA:107,12
DA:109,10
DA:110,10
DA:111,10
DA:112,8
DA:113,8
DA:114,8
DA:115,8
DA:117,8
DA:118,6
DA:120,2
DA:123,2
DA:125,10
DA:133,0
DA:134,0
DA:135,0
DA:136,0
DA:166,0
DA:221,0
DA:230,10
DA:231,10
DA:232,10
DA:233,10
DA:234,10
DA:235,10
DA:236,10
DA:237,10
DA:238,10
DA:239,10
DA:240,10
DA:241,10
DA:242,10
DA:243,10
DA:244,10
DA:245,10
DA:248,2
DA:249,2
DA:251,2
DA:252,2
DA:254,2
DA:255,2
DA:257,2
DA:258,2
DA:259,2
DA:262,2
DA:263,2
DA:264,2
DA:265,2
DA:266,2
DA:270,2
DA:271,2
DA:274,2
DA:275,2
DA:276,2
DA:277,2
DA:280,2
DA:281,2
DA:282,2
DA:285,2
DA:288,2
DA:289,2
DA:290,2
DA:291,2
DA:295,2
DA:296,2
DA:297,2
DA:298,2
DA:301,2
DA:302,2
DA:303,2
DA:304,2
DA:305,2
DA:306,2
DA:307,2
DA:308,2
DA:309,2
DA:310,2
DA:311,2
DA:312,2
DA:313,2
DA:314,2
DA:317,2
DA:318,2
DA:319,2
DA:320,2
DA:321,2
DA:322,2
DA:323,2
DA:324,2
DA:325,2
DA:326,2
DA:327,2
DA:328,2
DA:329,2
DA:330,2
DA:331,2
DA:332,2
DA:333,2
DA:334,2
DA:335,2
DA:336,2
DA:337,2
DA:338,2
DA:339,2
DA:340,2
DA:341,2
DA:342,2
DA:343,2
DA:344,2
DA:345,2
DA:346,2
DA:347,2
DA:350,2
DA:351,2
DA:352,2
DA:353,2
DA:354,2
DA:357,2
DA:358,2
DA:359,2
DA:360,2
DA:361,2
BRF:0
BRH:0
LF:187
LH:179
end_of_record
SF:/home/irahardianto/works/projects/pathfinder/crates/pathfinder/src/server/tools/symbols.rs
FN:16,_RNvMNtNtNtCsb2XMseC3SKs_14pathfinder_lib6server5tools7symbolsNtB6_16PathfinderServer22read_symbol_scope_impl
FN:19,_RNCNvMNtNtNtCsb2XMseC3SKs_14pathfinder_lib6server5tools7symbolsNtB8_16PathfinderServer22read_symbol_scope_impl0Ba_
FN:19,_RNCNvMNtNtNtCs7Fw43FPylcK_14pathfinder_mcp6server5tools7symbolsNtB8_16PathfinderServer22read_symbol_scope_impl0Ba_
FN:16,_RNvMNtNtNtCs7Fw43FPylcK_14pathfinder_mcp6server5tools7symbolsNtB6_16PathfinderServer22read_symbol_scope_impl
FN:16,_RNvMNtNtNtCsaBz7PZGcJGm_14pathfinder_mcp6server5tools7symbolsNtB6_16PathfinderServer22read_symbol_scope_impl
FN:19,_RNCNvMNtNtNtCsaBz7PZGcJGm_14pathfinder_mcp6server5tools7symbolsNtB8_16PathfinderServer22read_symbol_scope_impl0Ba_
FN:16,_RNvMNtNtNtCs1vjPnMfgdgZ_14pathfinder_lib6server5tools7symbolsNtB6_16PathfinderServer22read_symbol_scope_impl
FN:19,_RNCNvMNtNtNtCs1vjPnMfgdgZ_14pathfinder_lib6server5tools7symbolsNtB8_16PathfinderServer22read_symbol_scope_impl0Ba_
FNDA:2,_RNvMNtNtNtCsb2XMseC3SKs_14pathfinder_lib6server5tools7symbolsNtB6_16PathfinderServer22read_symbol_scope_impl
FNDA:2,_RNCNvMNtNtNtCsb2XMseC3SKs_14pathfinder_lib6server5tools7symbolsNtB8_16PathfinderServer22read_symbol_scope_impl0Ba_
FNDA:0,_RNCNvMNtNtNtCs7Fw43FPylcK_14pathfinder_mcp6server5tools7symbolsNtB8_16PathfinderServer22read_symbol_scope_impl0Ba_
FNDA:0,_RNvMNtNtNtCs7Fw43FPylcK_14pathfinder_mcp6server5tools7symbolsNtB6_16PathfinderServer22read_symbol_scope_impl
FNDA:2,_RNvMNtNtNtCsaBz7PZGcJGm_14pathfinder_mcp6server5tools7symbolsNtB6_16PathfinderServer22read_symbol_scope_impl
FNDA:2,_RNCNvMNtNtNtCsaBz7PZGcJGm_14pathfinder_mcp6server5tools7symbolsNtB8_16PathfinderServer22read_symbol_scope_impl0Ba_
FNDA:0,_RNvMNtNtNtCs1vjPnMfgdgZ_14pathfinder_lib6server5tools7symbolsNtB6_16PathfinderServer22read_symbol_scope_impl
FNDA:0,_RNCNvMNtNtNtCs1vjPnMfgdgZ_14pathfinder_lib6server5tools7symbolsNtB8_16PathfinderServer22read_symbol_scope_impl0Ba_
FNF:2
FNH:2
DA:16,4
DA:17,4
DA:18,4
DA:19,4
DA:82,4
BRF:0
BRH:0
LF:6
LH:6
end_of_record
SF:/home/irahardianto/works/projects/pathfinder/crates/pathfinder/src/server/types.rs
FN:576,_RNvMNtNtCsb2XMseC3SKs_14pathfinder_lib6server5typesNtB2_14EditValidation7skipped
FN:767,_RNvNtNtCsb2XMseC3SKs_14pathfinder_lib6server5types13default_depth
FN:770,_RNvNtNtCsb2XMseC3SKs_14pathfinder_lib6server5types17default_max_depth
FN:776,_RNvNtNtCsb2XMseC3SKs_14pathfinder_lib6server5types17default_max_lines
FN:749,_RNvNtNtCsb2XMseC3SKs_14pathfinder_lib6server5types17default_path_glob
FN:761,_RNvNtNtCsb2XMseC3SKs_14pathfinder_lib6server5types18default_max_tokens
FN:773,_RNvNtNtCsb2XMseC3SKs_14pathfinder_lib6server5types18default_start_line
FN:752,_RNvNtNtCsb2XMseC3SKs_14pathfinder_lib6server5types19default_max_results
FN:779,_RNvNtNtCsb2XMseC3SKs_14pathfinder_lib6server5types20default_detail_level
FN:755,_RNvNtNtCsb2XMseC3SKs_14pathfinder_lib6server5types21default_context_lines
FN:758,_RNvNtNtCsb2XMseC3SKs_14pathfinder_lib6server5types21default_repo_map_path
FN:764,_RNvNtNtCsb2XMseC3SKs_14pathfinder_lib6server5types27default_max_tokens_per_file
FN:576,_RNvMNtNtCs7Fw43FPylcK_14pathfinder_mcp6server5typesNtB2_14EditValidation7skipped
FN:767,_RNvNtNtCs7Fw43FPylcK_14pathfinder_mcp6server5types13default_depth
FN:770,_RNvNtNtCs7Fw43FPylcK_14pathfinder_mcp6server5types17default_max_depth
FN:776,_RNvNtNtCs7Fw43FPylcK_14pathfinder_mcp6server5types17default_max_lines
FN:749,_RNvNtNtCs7Fw43FPylcK_14pathfinder_mcp6server5types17default_path_glob
FN:761,_RNvNtNtCs7Fw43FPylcK_14pathfinder_mcp6server5types18default_max_tokens
FN:773,_RNvNtNtCs7Fw43FPylcK_14pathfinder_mcp6server5types18default_start_line
FN:752,_RNvNtNtCs7Fw43FPylcK_14pathfinder_mcp6server5types19default_max_results
FN:779,_RNvNtNtCs7Fw43FPylcK_14pathfinder_mcp6server5types20default_detail_level
FN:755,_RNvNtNtCs7Fw43FPylcK_14pathfinder_mcp6server5types21default_context_lines
FN:758,_RNvNtNtCs7Fw43FPylcK_14pathfinder_mcp6server5types21default_repo_map_path
FN:764,_RNvNtNtCs7Fw43FPylcK_14pathfinder_mcp6server5types27default_max_tokens_per_file
FN:576,_RNvMNtNtCsaBz7PZGcJGm_14pathfinder_mcp6server5typesNtB2_14EditValidation7skipped
FN:767,_RNvNtNtCsaBz7PZGcJGm_14pathfinder_mcp6server5types13default_depth
FN:770,_RNvNtNtCsaBz7PZGcJGm_14pathfinder_mcp6server5types17default_max_depth
FN:776,_RNvNtNtCsaBz7PZGcJGm_14pathfinder_mcp6server5types17default_max_lines
FN:749,_RNvNtNtCsaBz7PZGcJGm_14pathfinder_mcp6server5types17default_path_glob
FN:761,_RNvNtNtCsaBz7PZGcJGm_14pathfinder_mcp6server5types18default_max_tokens
FN:773,_RNvNtNtCsaBz7PZGcJGm_14pathfinder_mcp6server5types18default_start_line
FN:752,_RNvNtNtCsaBz7PZGcJGm_14pathfinder_mcp6server5types19default_max_results
FN:779,_RNvNtNtCsaBz7PZGcJGm_14pathfinder_mcp6server5types20default_detail_level
FN:755,_RNvNtNtCsaBz7PZGcJGm_14pathfinder_mcp6server5types21default_context_lines
FN:758,_RNvNtNtCsaBz7PZGcJGm_14pathfinder_mcp6server5types21default_repo_map_path
FN:764,_RNvNtNtCsaBz7PZGcJGm_14pathfinder_mcp6server5types27default_max_tokens_per_file
FN:576,_RNvMNtNtCs1vjPnMfgdgZ_14pathfinder_lib6server5typesNtB2_14EditValidation7skipped
FN:767,_RNvNtNtCs1vjPnMfgdgZ_14pathfinder_lib6server5types13default_depth
FN:770,_RNvNtNtCs1vjPnMfgdgZ_14pathfinder_lib6server5types17default_max_depth
FN:776,_RNvNtNtCs1vjPnMfgdgZ_14pathfinder_lib6server5types17default_max_lines
FN:749,_RNvNtNtCs1vjPnMfgdgZ_14pathfinder_lib6server5types17default_path_glob
FN:761,_RNvNtNtCs1vjPnMfgdgZ_14pathfinder_lib6server5types18default_max_tokens
FN:773,_RNvNtNtCs1vjPnMfgdgZ_14pathfinder_lib6server5types18default_start_line
FN:752,_RNvNtNtCs1vjPnMfgdgZ_14pathfinder_lib6server5types19default_max_results
FN:779,_RNvNtNtCs1vjPnMfgdgZ_14pathfinder_lib6server5types20default_detail_level
FN:755,_RNvNtNtCs1vjPnMfgdgZ_14pathfinder_lib6server5types21default_context_lines
FN:758,_RNvNtNtCs1vjPnMfgdgZ_14pathfinder_lib6server5types21default_repo_map_path
FN:764,_RNvNtNtCs1vjPnMfgdgZ_14pathfinder_lib6server5types27default_max_tokens_per_file
FNDA:28,_RNvMNtNtCsb2XMseC3SKs_14pathfinder_lib6server5typesNtB2_14EditValidation7skipped
FNDA:88,_RNvNtNtCsb2XMseC3SKs_14pathfinder_lib6server5types13default_depth
FNDA:88,_RNvNtNtCsb2XMseC3SKs_14pathfinder_lib6server5types17default_max_depth
FNDA:88,_RNvNtNtCsb2XMseC3SKs_14pathfinder_lib6server5types17default_max_lines
FNDA:88,_RNvNtNtCsb2XMseC3SKs_14pathfinder_lib6server5types17default_path_glob
FNDA:88,_RNvNtNtCsb2XMseC3SKs_14pathfinder_lib6server5types18default_max_tokens
FNDA:176,_RNvNtNtCsb2XMseC3SKs_14pathfinder_lib6server5types18default_start_line
FNDA:88,_RNvNtNtCsb2XMseC3SKs_14pathfinder_lib6server5types19default_max_results
FNDA:88,_RNvNtNtCsb2XMseC3SKs_14pathfinder_lib6server5types20default_detail_level
FNDA:88,_RNvNtNtCsb2XMseC3SKs_14pathfinder_lib6server5types21default_context_lines
FNDA:88,_RNvNtNtCsb2XMseC3SKs_14pathfinder_lib6server5types21default_repo_map_path
FNDA:88,_RNvNtNtCsb2XMseC3SKs_14pathfinder_lib6server5types27default_max_tokens_per_file
FNDA:0,_RNvMNtNtCs7Fw43FPylcK_14pathfinder_mcp6server5typesNtB2_14EditValidation7skipped
FNDA:0,_RNvNtNtCs7Fw43FPylcK_14pathfinder_mcp6server5types13default_depth
FNDA:0,_RNvNtNtCs7Fw43FPylcK_14pathfinder_mcp6server5types17default_max_depth
FNDA:0,_RNvNtNtCs7Fw43FPylcK_14pathfinder_mcp6server5types17default_max_lines
FNDA:0,_RNvNtNtCs7Fw43FPylcK_14pathfinder_mcp6server5types17default_path_glob
FNDA:0,_RNvNtNtCs7Fw43FPylcK_14pathfinder_mcp6server5types18default_max_tokens
FNDA:0,_RNvNtNtCs7Fw43FPylcK_14pathfinder_mcp6server5types18default_start_line
FNDA:0,_RNvNtNtCs7Fw43FPylcK_14pathfinder_mcp6server5types19default_max_results
FNDA:0,_RNvNtNtCs7Fw43FPylcK_14pathfinder_mcp6server5types20default_detail_level
FNDA:0,_RNvNtNtCs7Fw43FPylcK_14pathfinder_mcp6server5types21default_context_lines
FNDA:0,_RNvNtNtCs7Fw43FPylcK_14pathfinder_mcp6server5types21default_repo_map_path
FNDA:0,_RNvNtNtCs7Fw43FPylcK_14pathfinder_mcp6server5types27default_max_tokens_per_file
FNDA:28,_RNvMNtNtCsaBz7PZGcJGm_14pathfinder_mcp6server5typesNtB2_14EditValidation7skipped
FNDA:88,_RNvNtNtCsaBz7PZGcJGm_14pathfinder_mcp6server5types13default_depth
FNDA:88,_RNvNtNtCsaBz7PZGcJGm_14pathfinder_mcp6server5types17default_max_depth
FNDA:88,_RNvNtNtCsaBz7PZGcJGm_14pathfinder_mcp6server5types17default_max_lines
FNDA:88,_RNvNtNtCsaBz7PZGcJGm_14pathfinder_mcp6server5types17default_path_glob
FNDA:88,_RNvNtNtCsaBz7PZGcJGm_14pathfinder_mcp6server5types18default_max_tokens
FNDA:176,_RNvNtNtCsaBz7PZGcJGm_14pathfinder_mcp6server5types18default_start_line
FNDA:88,_RNvNtNtCsaBz7PZGcJGm_14pathfinder_mcp6server5types19default_max_results
FNDA:88,_RNvNtNtCsaBz7PZGcJGm_14pathfinder_mcp6server5types20default_detail_level
FNDA:88,_RNvNtNtCsaBz7PZGcJGm_14pathfinder_mcp6server5types21default_context_lines
FNDA:88,_RNvNtNtCsaBz7PZGcJGm_14pathfinder_mcp6server5types21default_repo_map_path
FNDA:88,_RNvNtNtCsaBz7PZGcJGm_14pathfinder_mcp6server5types27default_max_tokens_per_file
FNDA:0,_RNvMNtNtCs1vjPnMfgdgZ_14pathfinder_lib6server5typesNtB2_14EditValidation7skipped
FNDA:0,_RNvNtNtCs1vjPnMfgdgZ_14pathfinder_lib6server5types13default_depth
FNDA:0,_RNvNtNtCs1vjPnMfgdgZ_14pathfinder_lib6server5types17default_max_depth
FNDA:0,_RNvNtNtCs1vjPnMfgdgZ_14pathfinder_lib6server5types17default_max_lines
FNDA:0,_RNvNtNtCs1vjPnMfgdgZ_14pathfinder_lib6server5types17default_path_glob
FNDA:0,_RNvNtNtCs1vjPnMfgdgZ_14pathfinder_lib6server5types18default_max_tokens
FNDA:0,_RNvNtNtCs1vjPnMfgdgZ_14pathfinder_lib6server5types18default_start_line
FNDA:0,_RNvNtNtCs1vjPnMfgdgZ_14pathfinder_lib6server5types19default_max_results
FNDA:0,_RNvNtNtCs1vjPnMfgdgZ_14pathfinder_lib6server5types20default_detail_level
FNDA:0,_RNvNtNtCs1vjPnMfgdgZ_14pathfinder_lib6server5types21default_context_lines
FNDA:0,_RNvNtNtCs1vjPnMfgdgZ_14pathfinder_lib6server5types21default_repo_map_path
FNDA:0,_RNvNtNtCs1vjPnMfgdgZ_14pathfinder_lib6server5types27default_max_tokens_per_file
FNF:12
FNH:12
DA:576,56
DA:577,56
DA:578,56
DA:579,56
DA:580,56
DA:581,56
DA:582,56
DA:749,176
DA:750,176
DA:751,176
DA:752,176
DA:753,176
DA:754,176
DA:755,176
DA:756,176
DA:757,176
DA:758,176
DA:759,176
DA:760,176
DA:761,176
DA:762,176
DA:763,176
DA:764,176
DA:765,176
DA:766,176
DA:767,176
DA:768,176
DA:769,176
DA:770,176
DA:771,176
DA:772,176
DA:773,352
DA:774,352
DA:775,352
DA:776,176
DA:777,176
DA:778,176
DA:779,176
DA:780,176
DA:781,176
BRF:0
BRH:0
LF:40
LH:40
end_of_record